# JRE version: 7.0_10-b18
# Java VM: Java HotSpot(TM) Client VM (23.6-b04 mixed mode, sharing windows-x86 )
Heap
 def new generation   total 4992K, used 1650K [0x243e0000, 0x24940000, 0x29930000)
  eden space 4480K,  35% used [0x243e0000, 0x2456c9b0, 0x24840000)
  from space 512K,  12% used [0x248c0000, 0x248d0060, 0x24940000)
  to   space 512K,   0% used [0x24840000, 0x24840000, 0x248c0000)
 tenured generation   total 10948K, used 9815K [0x29930000, 0x2a3e1000, 0x343e0000)
   the space 10948K,  89% used [0x29930000, 0x2a2c5fa0, 0x2a2c6000, 0x2a3e1000)
 compacting perm gen  total 12288K, used 2590K [0x343e0000, 0x34fe0000, 0x383e0000)
   the space 12288K,  21% used [0x343e0000, 0x34667948, 0x34667a00, 0x34fe0000)
    ro space 10240K,  45% used [0x383e0000, 0x38865e50, 0x38866000, 0x38de0000)
    rw space 12288K,  54% used [0x38de0000, 0x39468f78, 0x39469000, 0x399e0000)
GC Heap History (10 events):
Event: 192.783 GC heap before
{Heap before GC invocations=1308 (full 56):
 def new generation   total 4992K, used 4311K [0x243e0000, 0x24940000, 0x29930000)
  eden space 4480K,  94% used [0x243e0000, 0x24806d18, 0x24840000)
  from space 512K,  11% used [0x24840000, 0x2484ef00, 0x248c0000)
  to   space 512K,   0% used [0x248c0000, 0x248c0000, 0x24940000)
 tenured generation   total 10948K, used 9815K [0x29930000, 0x2a3e1000, 0x343e0000)
   the space 10948K,  89% used [0x29930000, 0x2a2c5fa0, 0x2a2c6000, 0x2a3e1000)
 compacting perm gen  total 12288K, used 2588K [0x343e0000, 0x34fe0000, 0x383e0000)
   the space 12288K,  21% used [0x343e0000, 0x34667000, 0x34667000, 0x34fe0000)
    ro space 10240K,  45% used [0x383e0000, 0x38865e50, 0x38866000, 0x38de0000)
    rw space 12288K,  54% used [0x38de0000, 0x39468f78, 0x39469000, 0x399e0000)
Event: 192.784 GC heap after
Heap after GC invocations=1309 (full 56):
 def new generation   total 4992K, used 46K [0x243e0000, 0x24940000, 0x29930000)
  eden space 4480K,   0% used [0x243e0000, 0x243e0000, 0x24840000)
  from space 512K,   9% used [0x248c0000, 0x248cb990, 0x24940000)
  to   space 512K,   0% used [0x24840000, 0x24840000, 0x248c0000)
 tenured generation   total 10948K, used 9815K [0x29930000, 0x2a3e1000, 0x343e0000)
   the space 10948K,  89% used [0x29930000, 0x2a2c5fa0, 0x2a2c6000, 0x2a3e1000)
 compacting perm gen  total 12288K, used 2588K [0x343e0000, 0x34fe0000, 0x383e0000)
   the space 12288K,  21% used [0x343e0000, 0x34667000, 0x34667000, 0x34fe0000)
    ro space 10240K,  45% used [0x383e0000, 0x38865e50, 0x38866000, 0x38de0000)
    rw space 12288K,  54% used [0x38de0000, 0x39468f78, 0x39469000, 0x399e0000)
}
Event: 192.922 GC heap before
{Heap before GC invocations=1309 (full 56):
 def new generation   total 4992K, used 4172K [0x243e0000, 0x24940000, 0x29930000)
  eden space 4480K,  92% used [0x243e0000, 0x247e76c0, 0x24840000)
  from space 512K,   9% used [0x248c0000, 0x248cb990, 0x24940000)
  to   space 512K,   0% used [0x24840000, 0x24840000, 0x248c0000)
 tenured generation   total 10948K, used 9815K [0x29930000, 0x2a3e1000, 0x343e0000)
   the space 10948K,  89% used [0x29930000, 0x2a2c5fa0, 0x2a2c6000, 0x2a3e1000)
 compacting perm gen  total 12288K, used 2588K [0x343e0000, 0x34fe0000, 0x383e0000)
   the space 12288K,  21% used [0x343e0000, 0x34667000, 0x34667000, 0x34fe0000)
    ro space 10240K,  45% used [0x383e0000, 0x38865e50, 0x38866000, 0x38de0000)
    rw space 12288K,  54% used [0x38de0000, 0x39468f78, 0x39469000, 0x399e0000)
Event: 192.924 GC heap after
Heap after GC invocations=1310 (full 56):
 def new generation   total 4992K, used 45K [0x243e0000, 0x24940000, 0x29930000)
  eden space 4480K,   0% used [0x243e0000, 0x243e0000, 0x24840000)
  from space 512K,   8% used [0x24840000, 0x2484b748, 0x248c0000)
  to   space 512K,   0% used [0x248c0000, 0x248c0000, 0x24940000)
 tenured generation   total 10948K, used 9815K [0x29930000, 0x2a3e1000, 0x343e0000)
   the space 10948K,  89% used [0x29930000, 0x2a2c5fa0, 0x2a2c6000, 0x2a3e1000)
 compacting perm gen  total 12288K, used 2588K [0x343e0000, 0x34fe0000, 0x383e0000)
   the space 12288K,  21% used [0x343e0000, 0x34667000, 0x34667000, 0x34fe0000)
    ro space 10240K,  45% used [0x383e0000, 0x38865e50, 0x38866000, 0x38de0000)
    rw space 12288K,  54% used [0x38de0000, 0x39468f78, 0x39469000, 0x399e0000)
}
Event: 193.061 GC heap before
{Heap before GC invocations=1310 (full 56):
 def new generation   total 4992K, used 4188K [0x243e0000, 0x24940000, 0x29930000)
  eden space 4480K,  92% used [0x243e0000, 0x247ebbd0, 0x24840000)
  from space 512K,   8% used [0x24840000, 0x2484b748, 0x248c0000)
  to   space 512K,   0% used [0x248c0000, 0x248c0000, 0x24940000)
 tenured generation   total 10948K, used 9815K [0x29930000, 0x2a3e1000, 0x343e0000)
   the space 10948K,  89% used [0x29930000, 0x2a2c5fa0, 0x2a2c6000, 0x2a3e1000)
 compacting perm gen  total 12288K, used 2588K [0x343e0000, 0x34fe0000, 0x383e0000)
   the space 12288K,  21% used [0x343e0000, 0x34667000, 0x34667000, 0x34fe0000)
    ro space 10240K,  45% used [0x383e0000, 0x38865e50, 0x38866000, 0x38de0000)
    rw space 12288K,  54% used [0x38de0000, 0x39468f78, 0x39469000, 0x399e0000)
Event: 193.062 GC heap after
Heap after GC invocations=1311 (full 56):
 def new generation   total 4992K, used 61K [0x243e0000, 0x24940000, 0x29930000)
  eden space 4480K,   0% used [0x243e0000, 0x243e0000, 0x24840000)
  from space 512K,  11% used [0x248c0000, 0x248cf4c0, 0x24940000)
  to   space 512K,   0% used [0x24840000, 0x24840000, 0x248c0000)
 tenured generation   total 10948K, used 9815K [0x29930000, 0x2a3e1000, 0x343e0000)
   the space 10948K,  89% used [0x29930000, 0x2a2c5fa0, 0x2a2c6000, 0x2a3e1000)
 compacting perm gen  total 12288K, used 2588K [0x343e0000, 0x34fe0000, 0x383e0000)
   the space 12288K,  21% used [0x343e0000, 0x34667000, 0x34667000, 0x34fe0000)
    ro space 10240K,  45% used [0x383e0000, 0x38865e50, 0x38866000, 0x38de0000)
    rw space 12288K,  54% used [0x38de0000, 0x39468f78, 0x39469000, 0x399e0000)
}
Event: 193.156 GC heap before
{Heap before GC invocations=1311 (full 56):
 def new generation   total 4992K, used 4369K [0x243e0000, 0x24940000, 0x29930000)
  eden space 4480K,  96% used [0x243e0000, 0x248150d8, 0x24840000)
  from space 512K,  11% used [0x248c0000, 0x248cf4c0, 0x24940000)
  to   space 512K,   0% used [0x24840000, 0x24840000, 0x248c0000)
 tenured generation   total 10948K, used 9815K [0x29930000, 0x2a3e1000, 0x343e0000)
   the space 10948K,  89% used [0x29930000, 0x2a2c5fa0, 0x2a2c6000, 0x2a3e1000)
 compacting perm gen  total 12288K, used 2588K [0x343e0000, 0x34fe0000, 0x383e0000)
   the space 12288K,  21% used [0x343e0000, 0x34667000, 0x34667000, 0x34fe0000)
    ro space 10240K,  45% used [0x383e0000, 0x38865e50, 0x38866000, 0x38de0000)
    rw space 12288K,  54% used [0x38de0000, 0x39468f78, 0x39469000, 0x399e0000)
Event: 193.157 GC heap after
Heap after GC invocations=1312 (full 56):
 def new generation   total 4992K, used 46K [0x243e0000, 0x24940000, 0x29930000)
  eden space 4480K,   0% used [0x243e0000, 0x243e0000, 0x24840000)
  from space 512K,   9% used [0x24840000, 0x2484b8f0, 0x248c0000)
  to   space 512K,   0% used [0x248c0000, 0x248c0000, 0x24940000)
 tenured generation   total 10948K, used 9815K [0x29930000, 0x2a3e1000, 0x343e0000)
   the space 10948K,  89% used [0x29930000, 0x2a2c5fa0, 0x2a2c6000, 0x2a3e1000)
 compacting perm gen  total 12288K, used 2588K [0x343e0000, 0x34fe0000, 0x383e0000)
   the space 12288K,  21% used [0x343e0000, 0x34667000, 0x34667000, 0x34fe0000)
    ro space 10240K,  45% used [0x383e0000, 0x38865e50, 0x38866000, 0x38de0000)
    rw space 12288K,  54% used [0x38de0000, 0x39468f78, 0x39469000, 0x399e0000)
}
Event: 193.464 GC heap before
{Heap before GC invocations=1312 (full 56):
 def new generation   total 4992K, used 4352K [0x243e0000, 0x24940000, 0x29930000)
  eden space 4480K,  96% used [0x243e0000, 0x24814968, 0x24840000)
  from space 512K,   9% used [0x24840000, 0x2484b8f0, 0x248c0000)
  to   space 512K,   0% used [0x248c0000, 0x248c0000, 0x24940000)
 tenured generation   total 10948K, used 9815K [0x29930000, 0x2a3e1000, 0x343e0000)
   the space 10948K,  89% used [0x29930000, 0x2a2c5fa0, 0x2a2c6000, 0x2a3e1000)
 compacting perm gen  total 12288K, used 2590K [0x343e0000, 0x34fe0000, 0x383e0000)
   the space 12288K,  21% used [0x343e0000, 0x34667948, 0x34667a00, 0x34fe0000)
    ro space 10240K,  45% used [0x383e0000, 0x38865e50, 0x38866000, 0x38de0000)
    rw space 12288K,  54% used [0x38de0000, 0x39468f78, 0x39469000, 0x399e0000)
Event: 193.465 GC heap after
Heap after GC invocations=1313 (full 56):
 def new generation   total 4992K, used 64K [0x243e0000, 0x24940000, 0x29930000)
  eden space 4480K,   0% used [0x243e0000, 0x243e0000, 0x24840000)
  from space 512K,  12% used [0x248c0000, 0x248d0060, 0x24940000)
  to   space 512K,   0% used [0x24840000, 0x24840000, 0x248c0000)
 tenured generation   total 10948K, used 9815K [0x29930000, 0x2a3e1000, 0x343e0000)
   the space 10948K,  89% used [0x29930000, 0x2a2c5fa0, 0x2a2c6000, 0x2a3e1000)
 compacting perm gen  total 12288K, used 2590K [0x343e0000, 0x34fe0000, 0x383e0000)
   the space 12288K,  21% used [0x343e0000, 0x34667948, 0x34667a00, 0x34fe0000)
    ro space 10240K,  45% used [0x383e0000, 0x38865e50, 0x38866000, 0x38de0000)
    rw space 12288K,  54% used [0x38de0000, 0x39468f78, 0x39469000, 0x399e0000)
}

