# JRE version: Java(TM) SE Runtime Environment (8.0_25-b18) (build 1.8.0_25-b18)
# Java VM: Java HotSpot(TM) 64-Bit Server VM (25.25-b02 mixed mode windows-amd64 compressed oops)
Heap:
 PSYoungGen      total 151040K, used 10283K [0x00000000d7700000, 0x00000000e1980000, 0x0000000100000000)
  eden space 147968K, 4% used [0x00000000d7700000,0x00000000d7e18c18,0x00000000e0780000)
  from space 3072K, 98% used [0x00000000e1680000,0x00000000e1972058,0x00000000e1980000)
  to   space 5120K, 0% used [0x00000000e0f80000,0x00000000e0f80000,0x00000000e1480000)
 ParOldGen       total 83456K, used 24406K [0x0000000086400000, 0x000000008b580000, 0x00000000d7700000)
  object space 83456K, 29% used [0x0000000086400000,0x0000000087bd58c8,0x000000008b580000)
 Metaspace       used 13779K, capacity 13944K, committed 14336K, reserved 1062912K
  class space    used 1644K, capacity 1670K, committed 1792K, reserved 1048576K
GC Heap History (10 events):
Event: 66.644 GC heap before
{Heap before GC invocations=42 (full 0):
 PSYoungGen      total 112640K, used 109737K [0x00000000d7700000, 0x00000000e0080000, 0x0000000100000000)
  eden space 107520K, 99% used [0x00000000d7700000,0x00000000ddf6eb20,0x00000000de000000)
  from space 5120K, 54% used [0x00000000de000000,0x00000000de2bbb40,0x00000000de500000)
  to   space 4608K, 0% used [0x00000000dfc00000,0x00000000dfc00000,0x00000000e0080000)
 ParOldGen       total 83456K, used 23274K [0x0000000086400000, 0x000000008b580000, 0x00000000d7700000)
  object space 83456K, 27% used [0x0000000086400000,0x0000000087aba8b8,0x000000008b580000)
 Metaspace       used 13775K, capacity 13944K, committed 14336K, reserved 1062912K
  class space    used 1643K, capacity 1670K, committed 1792K, reserved 1048576K
Event: 66.662 GC heap after
Heap after GC invocations=42 (full 0):
 PSYoungGen      total 136192K, used 2824K [0x00000000d7700000, 0x00000000e0080000, 0x0000000100000000)
  eden space 131584K, 0% used [0x00000000d7700000,0x00000000d7700000,0x00000000df780000)
  from space 4608K, 61% used [0x00000000dfc00000,0x00000000dfec2020,0x00000000e0080000)
  to   space 4608K, 0% used [0x00000000df780000,0x00000000df780000,0x00000000dfc00000)
 ParOldGen       total 83456K, used 23290K [0x0000000086400000, 0x000000008b580000, 0x00000000d7700000)
  object space 83456K, 27% used [0x0000000086400000,0x0000000087abe8b8,0x000000008b580000)
 Metaspace       used 13775K, capacity 13944K, committed 14336K, reserved 1062912K
  class space    used 1643K, capacity 1670K, committed 1792K, reserved 1048576K
}
Event: 69.226 GC heap before
{Heap before GC invocations=43 (full 0):
 PSYoungGen      total 136192K, used 134408K [0x00000000d7700000, 0x00000000e0080000, 0x0000000100000000)
  eden space 131584K, 100% used [0x00000000d7700000,0x00000000df780000,0x00000000df780000)
  from space 4608K, 61% used [0x00000000dfc00000,0x00000000dfec2020,0x00000000e0080000)
  to   space 4608K, 0% used [0x00000000df780000,0x00000000df780000,0x00000000dfc00000)
 ParOldGen       total 83456K, used 23290K [0x0000000086400000, 0x000000008b580000, 0x00000000d7700000)
  object space 83456K, 27% used [0x0000000086400000,0x0000000087abe8b8,0x000000008b580000)
 Metaspace       used 13775K, capacity 13944K, committed 14336K, reserved 1062912K
  class space    used 1643K, capacity 1670K, committed 1792K, reserved 1048576K
Event: 69.242 GC heap after
Heap after GC invocations=43 (full 0):
 PSYoungGen      total 136192K, used 4592K [0x00000000d7700000, 0x00000000e1e00000, 0x0000000100000000)
  eden space 131584K, 0% used [0x00000000d7700000,0x00000000d7700000,0x00000000df780000)
  from space 4608K, 99% used [0x00000000df780000,0x00000000dfbfc078,0x00000000dfc00000)
  to   space 5120K, 0% used [0x00000000e1900000,0x00000000e1900000,0x00000000e1e00000)
 ParOldGen       total 83456K, used 23474K [0x0000000086400000, 0x000000008b580000, 0x00000000d7700000)
  object space 83456K, 28% used [0x0000000086400000,0x0000000087aec8b8,0x000000008b580000)
 Metaspace       used 13775K, capacity 13944K, committed 14336K, reserved 1062912K
  class space    used 1643K, capacity 1670K, committed 1792K, reserved 1048576K
}
Event: 71.718 GC heap before
{Heap before GC invocations=44 (full 0):
 PSYoungGen      total 136192K, used 135674K [0x00000000d7700000, 0x00000000e1e00000, 0x0000000100000000)
  eden space 131584K, 99% used [0x00000000d7700000,0x00000000df702798,0x00000000df780000)
  from space 4608K, 99% used [0x00000000df780000,0x00000000dfbfc078,0x00000000dfc00000)
  to   space 5120K, 0% used [0x00000000e1900000,0x00000000e1900000,0x00000000e1e00000)
 ParOldGen       total 83456K, used 23474K [0x0000000086400000, 0x000000008b580000, 0x00000000d7700000)
  object space 83456K, 28% used [0x0000000086400000,0x0000000087aec8b8,0x000000008b580000)
 Metaspace       used 13775K, capacity 13944K, committed 14336K, reserved 1062912K
  class space    used 1643K, capacity 1670K, committed 1792K, reserved 1048576K
Event: 71.733 GC heap after
Heap after GC invocations=44 (full 0):
 PSYoungGen      total 165888K, used 3086K [0x00000000d7700000, 0x00000000e1e00000, 0x0000000100000000)
  eden space 160768K, 0% used [0x00000000d7700000,0x00000000d7700000,0x00000000e1400000)
  from space 5120K, 60% used [0x00000000e1900000,0x00000000e1c03b98,0x00000000e1e00000)
  to   space 5120K, 0% used [0x00000000e1400000,0x00000000e1400000,0x00000000e1900000)
 ParOldGen       total 83456K, used 23482K [0x0000000086400000, 0x000000008b580000, 0x00000000d7700000)
  object space 83456K, 28% used [0x0000000086400000,0x0000000087aee8b8,0x000000008b580000)
 Metaspace       used 13775K, capacity 13944K, committed 14336K, reserved 1062912K
  class space    used 1643K, capacity 1670K, committed 1792K, reserved 1048576K
}
Event: 74.918 GC heap before
{Heap before GC invocations=45 (full 0):
 PSYoungGen      total 165888K, used 163854K [0x00000000d7700000, 0x00000000e1e00000, 0x0000000100000000)
  eden space 160768K, 100% used [0x00000000d7700000,0x00000000e1400000,0x00000000e1400000)
  from space 5120K, 60% used [0x00000000e1900000,0x00000000e1c03b98,0x00000000e1e00000)
  to   space 5120K, 0% used [0x00000000e1400000,0x00000000e1400000,0x00000000e1900000)
 ParOldGen       total 83456K, used 23482K [0x0000000086400000, 0x000000008b580000, 0x00000000d7700000)
  object space 83456K, 28% used [0x0000000086400000,0x0000000087aee8b8,0x000000008b580000)
 Metaspace       used 13775K, capacity 13944K, committed 14336K, reserved 1062912K
  class space    used 1643K, capacity 1670K, committed 1792K, reserved 1048576K
Event: 74.931 GC heap after
Heap after GC invocations=45 (full 0):
 PSYoungGen      total 156672K, used 2276K [0x00000000d7700000, 0x00000000e1980000, 0x0000000100000000)
  eden space 154112K, 0% used [0x00000000d7700000,0x00000000d7700000,0x00000000e0d80000)
  from space 2560K, 88% used [0x00000000e1400000,0x00000000e1639010,0x00000000e1680000)
  to   space 3072K, 0% used [0x00000000e1680000,0x00000000e1680000,0x00000000e1980000)
 ParOldGen       total 83456K, used 23498K [0x0000000086400000, 0x000000008b580000, 0x00000000d7700000)
  object space 83456K, 28% used [0x0000000086400000,0x0000000087af28b8,0x000000008b580000)
 Metaspace       used 13775K, capacity 13944K, committed 14336K, reserved 1062912K
  class space    used 1643K, capacity 1670K, committed 1792K, reserved 1048576K
}
Event: 78.073 GC heap before
{Heap before GC invocations=46 (full 0):
 PSYoungGen      total 156672K, used 155493K [0x00000000d7700000, 0x00000000e1980000, 0x0000000100000000)
  eden space 154112K, 99% used [0x00000000d7700000,0x00000000e0ca07d0,0x00000000e0d80000)
  from space 2560K, 88% used [0x00000000e1400000,0x00000000e1639010,0x00000000e1680000)
  to   space 3072K, 0% used [0x00000000e1680000,0x00000000e1680000,0x00000000e1980000)
 ParOldGen       total 83456K, used 23498K [0x0000000086400000, 0x000000008b580000, 0x00000000d7700000)
  object space 83456K, 28% used [0x0000000086400000,0x0000000087af28b8,0x000000008b580000)
 Metaspace       used 13779K, capacity 13944K, committed 14336K, reserved 1062912K
  class space    used 1644K, capacity 1670K, committed 1792K, reserved 1048576K
Event: 78.091 GC heap after
Heap after GC invocations=46 (full 0):
 PSYoungGen      total 151040K, used 3016K [0x00000000d7700000, 0x00000000e1980000, 0x0000000100000000)
  eden space 147968K, 0% used [0x00000000d7700000,0x00000000d7700000,0x00000000e0780000)
  from space 3072K, 98% used [0x00000000e1680000,0x00000000e1972058,0x00000000e1980000)
  to   space 5120K, 0% used [0x00000000e0f80000,0x00000000e0f80000,0x00000000e1480000)
 ParOldGen       total 83456K, used 24406K [0x0000000086400000, 0x000000008b580000, 0x00000000d7700000)
  object space 83456K, 29% used [0x0000000086400000,0x0000000087bd58c8,0x000000008b580000)
 Metaspace       used 13779K, capacity 13944K, committed 14336K, reserved 1062912K
  class space    used 1644K, capacity 1670K, committed 1792K, reserved 1048576K
}

