# JRE version: 7.0_10-b18
# Java VM: Java HotSpot(TM) Client VM (23.6-b04 mixed mode, sharing windows-x86 )
Heap
 def new generation   total 4992K, used 2611K [0x243e0000, 0x24940000, 0x29930000)
  eden space 4480K,  56% used [0x243e0000, 0x2465c758, 0x24840000)
  from space 512K,  12% used [0x248c0000, 0x248d0768, 0x24940000)
  to   space 512K,   0% used [0x24840000, 0x24840000, 0x248c0000)
 tenured generation   total 10948K, used 1962K [0x29930000, 0x2a3e1000, 0x343e0000)
   the space 10948K,  17% used [0x29930000, 0x29b1ab70, 0x29b1ac00, 0x2a3e1000)
 compacting perm gen  total 12288K, used 2608K [0x343e0000, 0x34fe0000, 0x383e0000)
   the space 12288K,  21% used [0x343e0000, 0x3466c168, 0x3466c200, 0x34fe0000)
    ro space 10240K,  45% used [0x383e0000, 0x38865e50, 0x38866000, 0x38de0000)
    rw space 12288K,  54% used [0x38de0000, 0x39468f78, 0x39469000, 0x399e0000)
GC Heap History (10 events):
Event: 158.760 GC heap before
{Heap before GC invocations=834 (full 35):
 def new generation   total 4992K, used 4279K [0x243e0000, 0x24940000, 0x29930000)
  eden space 4480K,  93% used [0x243e0000, 0x247fc668, 0x24840000)
  from space 512K,  13% used [0x24840000, 0x24851938, 0x248c0000)
  to   space 512K,   0% used [0x248c0000, 0x248c0000, 0x24940000)
 tenured generation   total 10948K, used 9158K [0x29930000, 0x2a3e1000, 0x343e0000)
   the space 10948K,  83% used [0x29930000, 0x2a221958, 0x2a221a00, 0x2a3e1000)
 compacting perm gen  total 12288K, used 2606K [0x343e0000, 0x34fe0000, 0x383e0000)
   the space 12288K,  21% used [0x343e0000, 0x3466b880, 0x3466ba00, 0x34fe0000)
    ro space 10240K,  45% used [0x383e0000, 0x38865e50, 0x38866000, 0x38de0000)
    rw space 12288K,  54% used [0x38de0000, 0x39468f78, 0x39469000, 0x399e0000)
Event: 158.762 GC heap after
Heap after GC invocations=835 (full 35):
 def new generation   total 4992K, used 365K [0x243e0000, 0x24940000, 0x29930000)
  eden space 4480K,   0% used [0x243e0000, 0x243e0000, 0x24840000)
  from space 512K,  71% used [0x248c0000, 0x2491b458, 0x24940000)
  to   space 512K,   0% used [0x24840000, 0x24840000, 0x248c0000)
 tenured generation   total 10948K, used 9158K [0x29930000, 0x2a3e1000, 0x343e0000)
   the space 10948K,  83% used [0x29930000, 0x2a221958, 0x2a221a00, 0x2a3e1000)
 compacting perm gen  total 12288K, used 2606K [0x343e0000, 0x34fe0000, 0x383e0000)
   the space 12288K,  21% used [0x343e0000, 0x3466b880, 0x3466ba00, 0x34fe0000)
    ro space 10240K,  45% used [0x383e0000, 0x38865e50, 0x38866000, 0x38de0000)
    rw space 12288K,  54% used [0x38de0000, 0x39468f78, 0x39469000, 0x399e0000)
}
Event: 158.987 GC heap before
{Heap before GC invocations=835 (full 35):
 def new generation   total 4992K, used 4845K [0x243e0000, 0x24940000, 0x29930000)
  eden space 4480K, 100% used [0x243e0000, 0x24840000, 0x24840000)
  from space 512K,  71% used [0x248c0000, 0x2491b458, 0x24940000)
  to   space 512K,   0% used [0x24840000, 0x24840000, 0x248c0000)
 tenured generation   total 10948K, used 9158K [0x29930000, 0x2a3e1000, 0x343e0000)
   the space 10948K,  83% used [0x29930000, 0x2a221958, 0x2a221a00, 0x2a3e1000)
 compacting perm gen  total 12288K, used 2606K [0x343e0000, 0x34fe0000, 0x383e0000)
   the space 12288K,  21% used [0x343e0000, 0x3466b880, 0x3466ba00, 0x34fe0000)
    ro space 10240K,  45% used [0x383e0000, 0x38865e50, 0x38866000, 0x38de0000)
    rw space 12288K,  54% used [0x38de0000, 0x39468f78, 0x39469000, 0x399e0000)
Event: 158.989 GC heap after
Heap after GC invocations=836 (full 35):
 def new generation   total 4992K, used 21K [0x243e0000, 0x24940000, 0x29930000)
  eden space 4480K,   0% used [0x243e0000, 0x243e0000, 0x24840000)
  from space 512K,   4% used [0x24840000, 0x24845678, 0x248c0000)
  to   space 512K,   0% used [0x248c0000, 0x248c0000, 0x24940000)
 tenured generation   total 10948K, used 10096K [0x29930000, 0x2a3e1000, 0x343e0000)
   the space 10948K,  92% used [0x29930000, 0x2a30c310, 0x2a30c400, 0x2a3e1000)
 compacting perm gen  total 12288K, used 2606K [0x343e0000, 0x34fe0000, 0x383e0000)
   the space 12288K,  21% used [0x343e0000, 0x3466b880, 0x3466ba00, 0x34fe0000)
    ro space 10240K,  45% used [0x383e0000, 0x38865e50, 0x38866000, 0x38de0000)
    rw space 12288K,  54% used [0x38de0000, 0x39468f78, 0x39469000, 0x399e0000)
}
Event: 159.379 GC heap before
{Heap before GC invocations=836 (full 35):
 def new generation   total 4992K, used 4043K [0x243e0000, 0x24940000, 0x29930000)
  eden space 4480K,  89% used [0x243e0000, 0x247cd5a8, 0x24840000)
  from space 512K,   4% used [0x24840000, 0x24845678, 0x248c0000)
  to   space 512K,   0% used [0x248c0000, 0x248c0000, 0x24940000)
 tenured generation   total 11852K, used 10996K [0x29930000, 0x2a4c3000, 0x343e0000)
   the space 11852K,  92% used [0x29930000, 0x2a3ed320, 0x2a3ed400, 0x2a4c3000)
 compacting perm gen  total 12288K, used 2606K [0x343e0000, 0x34fe0000, 0x383e0000)
   the space 12288K,  21% used [0x343e0000, 0x3466b880, 0x3466ba00, 0x34fe0000)
    ro space 10240K,  45% used [0x383e0000, 0x38865e50, 0x38866000, 0x38de0000)
    rw space 12288K,  54% used [0x38de0000, 0x39468f78, 0x39469000, 0x399e0000)
Event: 159.383 GC heap after
Heap after GC invocations=837 (full 35):
 def new generation   total 4992K, used 370K [0x243e0000, 0x24940000, 0x29930000)
  eden space 4480K,   0% used [0x243e0000, 0x243e0000, 0x24840000)
  from space 512K,  72% used [0x248c0000, 0x2491c9b8, 0x24940000)
  to   space 512K,   0% used [0x24840000, 0x24840000, 0x248c0000)
 tenured generation   total 13056K, used 12196K [0x29930000, 0x2a5f0000, 0x343e0000)
   the space 13056K,  93% used [0x29930000, 0x2a519330, 0x2a519400, 0x2a5f0000)
 compacting perm gen  total 12288K, used 2606K [0x343e0000, 0x34fe0000, 0x383e0000)
   the space 12288K,  21% used [0x343e0000, 0x3466b880, 0x3466ba00, 0x34fe0000)
    ro space 10240K,  45% used [0x383e0000, 0x38865e50, 0x38866000, 0x38de0000)
    rw space 12288K,  54% used [0x38de0000, 0x39468f78, 0x39469000, 0x399e0000)
}
Event: 159.760 GC heap before
{Heap before GC invocations=837 (full 35):
 def new generation   total 4992K, used 4850K [0x243e0000, 0x24940000, 0x29930000)
  eden space 4480K, 100% used [0x243e0000, 0x24840000, 0x24840000)
  from space 512K,  72% used [0x248c0000, 0x2491c9b8, 0x24940000)
  to   space 512K,   0% used [0x24840000, 0x24840000, 0x248c0000)
 tenured generation   total 13056K, used 12196K [0x29930000, 0x2a5f0000, 0x343e0000)
   the space 13056K,  93% used [0x29930000, 0x2a519330, 0x2a519400, 0x2a5f0000)
 compacting perm gen  total 12288K, used 2606K [0x343e0000, 0x34fe0000, 0x383e0000)
   the space 12288K,  21% used [0x343e0000, 0x3466b880, 0x3466ba00, 0x34fe0000)
    ro space 10240K,  45% used [0x383e0000, 0x38865e50, 0x38866000, 0x38de0000)
    rw space 12288K,  54% used [0x38de0000, 0x39468f78, 0x39469000, 0x399e0000)
Event: 159.826 GC heap after
Heap after GC invocations=838 (full 36):
 def new generation   total 4992K, used 0K [0x243e0000, 0x24940000, 0x29930000)
  eden space 4480K,   0% used [0x243e0000, 0x243e0000, 0x24840000)
  from space 512K,   0% used [0x24840000, 0x24840000, 0x248c0000)
  to   space 512K,   0% used [0x248c0000, 0x248c0000, 0x24940000)
 tenured generation   total 10948K, used 1962K [0x29930000, 0x2a3e1000, 0x343e0000)
   the space 10948K,  17% used [0x29930000, 0x29b1ab70, 0x29b1ac00, 0x2a3e1000)
 compacting perm gen  total 12288K, used 2606K [0x343e0000, 0x34fe0000, 0x383e0000)
   the space 12288K,  21% used [0x343e0000, 0x3466b820, 0x3466ba00, 0x34fe0000)
    ro space 10240K,  45% used [0x383e0000, 0x38865e50, 0x38866000, 0x38de0000)
    rw space 12288K,  54% used [0x38de0000, 0x39468f78, 0x39469000, 0x399e0000)
}
Event: 160.153 GC heap before
{Heap before GC invocations=838 (full 36):
 def new generation   total 4992K, used 3599K [0x243e0000, 0x24940000, 0x29930000)
  eden space 4480K,  80% used [0x243e0000, 0x24763c60, 0x24840000)
  from space 512K,   0% used [0x24840000, 0x24840000, 0x248c0000)
  to   space 512K,   0% used [0x248c0000, 0x248c0000, 0x24940000)
 tenured generation   total 10948K, used 1962K [0x29930000, 0x2a3e1000, 0x343e0000)
   the space 10948K,  17% used [0x29930000, 0x29b1ab70, 0x29b1ac00, 0x2a3e1000)
 compacting perm gen  total 12288K, used 2608K [0x343e0000, 0x34fe0000, 0x383e0000)
   the space 12288K,  21% used [0x343e0000, 0x3466c168, 0x3466c200, 0x34fe0000)
    ro space 10240K,  45% used [0x383e0000, 0x38865e50, 0x38866000, 0x38de0000)
    rw space 12288K,  54% used [0x38de0000, 0x39468f78, 0x39469000, 0x399e0000)
Event: 160.154 GC heap after
Heap after GC invocations=839 (full 36):
 def new generation   total 4992K, used 65K [0x243e0000, 0x24940000, 0x29930000)
  eden space 4480K,   0% used [0x243e0000, 0x243e0000, 0x24840000)
  from space 512K,  12% used [0x248c0000, 0x248d0768, 0x24940000)
  to   space 512K,   0% used [0x24840000, 0x24840000, 0x248c0000)
 tenured generation   total 10948K, used 1962K [0x29930000, 0x2a3e1000, 0x343e0000)
   the space 10948K,  17% used [0x29930000, 0x29b1ab70, 0x29b1ac00, 0x2a3e1000)
 compacting perm gen  total 12288K, used 2608K [0x343e0000, 0x34fe0000, 0x383e0000)
   the space 12288K,  21% used [0x343e0000, 0x3466c168, 0x3466c200, 0x34fe0000)
    ro space 10240K,  45% used [0x383e0000, 0x38865e50, 0x38866000, 0x38de0000)
    rw space 12288K,  54% used [0x38de0000, 0x39468f78, 0x39469000, 0x399e0000)
}

