# JRE version: 7.0_10-b18
# Java VM: Java HotSpot(TM) Client VM (23.6-b04 mixed mode, sharing windows-x86 )
Heap
 def new generation   total 4992K, used 2845K [0x243e0000, 0x24940000, 0x29930000)
  eden space 4480K,  61% used [0x243e0000, 0x24691b08, 0x24840000)
  from space 512K,  17% used [0x248c0000, 0x248d5c38, 0x24940000)
  to   space 512K,   0% used [0x24840000, 0x24840000, 0x248c0000)
 tenured generation   total 10944K, used 5334K [0x29930000, 0x2a3e0000, 0x343e0000)
   the space 10944K,  48% used [0x29930000, 0x29e65960, 0x29e65a00, 0x2a3e0000)
 compacting perm gen  total 12288K, used 2592K [0x343e0000, 0x34fe0000, 0x383e0000)
   the space 12288K,  21% used [0x343e0000, 0x346680b0, 0x34668200, 0x34fe0000)
    ro space 10240K,  45% used [0x383e0000, 0x38865e50, 0x38866000, 0x38de0000)
    rw space 12288K,  54% used [0x38de0000, 0x39468f78, 0x39469000, 0x399e0000)
GC Heap History (10 events):
Event: 17.986 GC heap before
{Heap before GC invocations=61 (full 2):
 def new generation   total 4992K, used 4299K [0x243e0000, 0x24940000, 0x29930000)
  eden space 4480K,  93% used [0x243e0000, 0x247fa498, 0x24840000)
  from space 512K,  19% used [0x24840000, 0x248589d0, 0x248c0000)
  to   space 512K,   0% used [0x248c0000, 0x248c0000, 0x24940000)
 tenured generation   total 10944K, used 4390K [0x29930000, 0x2a3e0000, 0x343e0000)
   the space 10944K,  40% used [0x29930000, 0x29d79a08, 0x29d79c00, 0x2a3e0000)
 compacting perm gen  total 12288K, used 2592K [0x343e0000, 0x34fe0000, 0x383e0000)
   the space 12288K,  21% used [0x343e0000, 0x346680b0, 0x34668200, 0x34fe0000)
    ro space 10240K,  45% used [0x383e0000, 0x38865e50, 0x38866000, 0x38de0000)
    rw space 12288K,  54% used [0x38de0000, 0x39468f78, 0x39469000, 0x399e0000)
Event: 17.988 GC heap after
Heap after GC invocations=62 (full 2):
 def new generation   total 4992K, used 386K [0x243e0000, 0x24940000, 0x29930000)
  eden space 4480K,   0% used [0x243e0000, 0x243e0000, 0x24840000)
  from space 512K,  75% used [0x248c0000, 0x249208e0, 0x24940000)
  to   space 512K,   0% used [0x24840000, 0x24840000, 0x248c0000)
 tenured generation   total 10944K, used 4390K [0x29930000, 0x2a3e0000, 0x343e0000)
   the space 10944K,  40% used [0x29930000, 0x29d79a08, 0x29d79c00, 0x2a3e0000)
 compacting perm gen  total 12288K, used 2592K [0x343e0000, 0x34fe0000, 0x383e0000)
   the space 12288K,  21% used [0x343e0000, 0x346680b0, 0x34668200, 0x34fe0000)
    ro space 10240K,  45% used [0x383e0000, 0x38865e50, 0x38866000, 0x38de0000)
    rw space 12288K,  54% used [0x38de0000, 0x39468f78, 0x39469000, 0x399e0000)
}
Event: 18.186 GC heap before
{Heap before GC invocations=62 (full 2):
 def new generation   total 4992K, used 4759K [0x243e0000, 0x24940000, 0x29930000)
  eden space 4480K,  97% used [0x243e0000, 0x24825530, 0x24840000)
  from space 512K,  75% used [0x248c0000, 0x249208e0, 0x24940000)
  to   space 512K,   0% used [0x24840000, 0x24840000, 0x248c0000)
 tenured generation   total 10944K, used 4390K [0x29930000, 0x2a3e0000, 0x343e0000)
   the space 10944K,  40% used [0x29930000, 0x29d79a08, 0x29d79c00, 0x2a3e0000)
 compacting perm gen  total 12288K, used 2592K [0x343e0000, 0x34fe0000, 0x383e0000)
   the space 12288K,  21% used [0x343e0000, 0x346680b0, 0x34668200, 0x34fe0000)
    ro space 10240K,  45% used [0x383e0000, 0x38865e50, 0x38866000, 0x38de0000)
    rw space 12288K,  54% used [0x38de0000, 0x39468f78, 0x39469000, 0x399e0000)
Event: 18.188 GC heap after
Heap after GC invocations=63 (full 2):
 def new generation   total 4992K, used 377K [0x243e0000, 0x24940000, 0x29930000)
  eden space 4480K,   0% used [0x243e0000, 0x243e0000, 0x24840000)
  from space 512K,  73% used [0x24840000, 0x2489e7b0, 0x248c0000)
  to   space 512K,   0% used [0x248c0000, 0x248c0000, 0x24940000)
 tenured generation   total 10944K, used 4391K [0x29930000, 0x2a3e0000, 0x343e0000)
   the space 10944K,  40% used [0x29930000, 0x29d79ca0, 0x29d79e00, 0x2a3e0000)
 compacting perm gen  total 12288K, used 2592K [0x343e0000, 0x34fe0000, 0x383e0000)
   the space 12288K,  21% used [0x343e0000, 0x346680b0, 0x34668200, 0x34fe0000)
    ro space 10240K,  45% used [0x383e0000, 0x38865e50, 0x38866000, 0x38de0000)
    rw space 12288K,  54% used [0x38de0000, 0x39468f78, 0x39469000, 0x399e0000)
}
Event: 18.490 GC heap before
{Heap before GC invocations=63 (full 2):
 def new generation   total 4992K, used 4857K [0x243e0000, 0x24940000, 0x29930000)
  eden space 4480K, 100% used [0x243e0000, 0x24840000, 0x24840000)
  from space 512K,  73% used [0x24840000, 0x2489e7b0, 0x248c0000)
  to   space 512K,   0% used [0x248c0000, 0x248c0000, 0x24940000)
 tenured generation   total 10944K, used 4391K [0x29930000, 0x2a3e0000, 0x343e0000)
   the space 10944K,  40% used [0x29930000, 0x29d79ca0, 0x29d79e00, 0x2a3e0000)
 compacting perm gen  total 12288K, used 2592K [0x343e0000, 0x34fe0000, 0x383e0000)
   the space 12288K,  21% used [0x343e0000, 0x346680b0, 0x34668200, 0x34fe0000)
    ro space 10240K,  45% used [0x383e0000, 0x38865e50, 0x38866000, 0x38de0000)
    rw space 12288K,  54% used [0x38de0000, 0x39468f78, 0x39469000, 0x399e0000)
Event: 18.493 GC heap after
Heap after GC invocations=64 (full 2):
 def new generation   total 4992K, used 366K [0x243e0000, 0x24940000, 0x29930000)
  eden space 4480K,   0% used [0x243e0000, 0x243e0000, 0x24840000)
  from space 512K,  71% used [0x248c0000, 0x2491b848, 0x24940000)
  to   space 512K,   0% used [0x24840000, 0x24840000, 0x248c0000)
 tenured generation   total 10944K, used 5333K [0x29930000, 0x2a3e0000, 0x343e0000)
   the space 10944K,  48% used [0x29930000, 0x29e65448, 0x29e65600, 0x2a3e0000)
 compacting perm gen  total 12288K, used 2592K [0x343e0000, 0x34fe0000, 0x383e0000)
   the space 12288K,  21% used [0x343e0000, 0x346680b0, 0x34668200, 0x34fe0000)
    ro space 10240K,  45% used [0x383e0000, 0x38865e50, 0x38866000, 0x38de0000)
    rw space 12288K,  54% used [0x38de0000, 0x39468f78, 0x39469000, 0x399e0000)
}
Event: 18.879 GC heap before
{Heap before GC invocations=64 (full 2):
 def new generation   total 4992K, used 4428K [0x243e0000, 0x24940000, 0x29930000)
  eden space 4480K,  90% used [0x243e0000, 0x247d79b0, 0x24840000)
  from space 512K,  71% used [0x248c0000, 0x2491b848, 0x24940000)
  to   space 512K,   0% used [0x24840000, 0x24840000, 0x248c0000)
 tenured generation   total 10944K, used 5333K [0x29930000, 0x2a3e0000, 0x343e0000)
   the space 10944K,  48% used [0x29930000, 0x29e65448, 0x29e65600, 0x2a3e0000)
 compacting perm gen  total 12288K, used 2592K [0x343e0000, 0x34fe0000, 0x383e0000)
   the space 12288K,  21% used [0x343e0000, 0x346680b0, 0x34668200, 0x34fe0000)
    ro space 10240K,  45% used [0x383e0000, 0x38865e50, 0x38866000, 0x38de0000)
    rw space 12288K,  54% used [0x38de0000, 0x39468f78, 0x39469000, 0x399e0000)
Event: 18.880 GC heap after
Heap after GC invocations=65 (full 2):
 def new generation   total 4992K, used 93K [0x243e0000, 0x24940000, 0x29930000)
  eden space 4480K,   0% used [0x243e0000, 0x243e0000, 0x24840000)
  from space 512K,  18% used [0x24840000, 0x248575f8, 0x248c0000)
  to   space 512K,   0% used [0x248c0000, 0x248c0000, 0x24940000)
 tenured generation   total 10944K, used 5334K [0x29930000, 0x2a3e0000, 0x343e0000)
   the space 10944K,  48% used [0x29930000, 0x29e65960, 0x29e65a00, 0x2a3e0000)
 compacting perm gen  total 12288K, used 2592K [0x343e0000, 0x34fe0000, 0x383e0000)
   the space 12288K,  21% used [0x343e0000, 0x346680b0, 0x34668200, 0x34fe0000)
    ro space 10240K,  45% used [0x383e0000, 0x38865e50, 0x38866000, 0x38de0000)
    rw space 12288K,  54% used [0x38de0000, 0x39468f78, 0x39469000, 0x399e0000)
}
Event: 19.284 GC heap before
{Heap before GC invocations=65 (full 2):
 def new generation   total 4992K, used 4551K [0x243e0000, 0x24940000, 0x29930000)
  eden space 4480K,  99% used [0x243e0000, 0x2483a8c0, 0x24840000)
  from space 512K,  18% used [0x24840000, 0x248575f8, 0x248c0000)
  to   space 512K,   0% used [0x248c0000, 0x248c0000, 0x24940000)
 tenured generation   total 10944K, used 5334K [0x29930000, 0x2a3e0000, 0x343e0000)
   the space 10944K,  48% used [0x29930000, 0x29e65960, 0x29e65a00, 0x2a3e0000)
 compacting perm gen  total 12288K, used 2592K [0x343e0000, 0x34fe0000, 0x383e0000)
   the space 12288K,  21% used [0x343e0000, 0x346680b0, 0x34668200, 0x34fe0000)
    ro space 10240K,  45% used [0x383e0000, 0x38865e50, 0x38866000, 0x38de0000)
    rw space 12288K,  54% used [0x38de0000, 0x39468f78, 0x39469000, 0x399e0000)
Event: 19.286 GC heap after
Heap after GC invocations=66 (full 2):
 def new generation   total 4992K, used 87K [0x243e0000, 0x24940000, 0x29930000)
  eden space 4480K,   0% used [0x243e0000, 0x243e0000, 0x24840000)
  from space 512K,  17% used [0x248c0000, 0x248d5c38, 0x24940000)
  to   space 512K,   0% used [0x24840000, 0x24840000, 0x248c0000)
 tenured generation   total 10944K, used 5334K [0x29930000, 0x2a3e0000, 0x343e0000)
   the space 10944K,  48% used [0x29930000, 0x29e65960, 0x29e65a00, 0x2a3e0000)
 compacting perm gen  total 12288K, used 2592K [0x343e0000, 0x34fe0000, 0x383e0000)
   the space 12288K,  21% used [0x343e0000, 0x346680b0, 0x34668200, 0x34fe0000)
    ro space 10240K,  45% used [0x383e0000, 0x38865e50, 0x38866000, 0x38de0000)
    rw space 12288K,  54% used [0x38de0000, 0x39468f78, 0x39469000, 0x399e0000)
}

