# JRE version: 7.0_10-b18
# Java VM: Java HotSpot(TM) Client VM (23.6-b04 mixed mode, sharing windows-x86 )
Heap
 def new generation   total 4992K, used 3355K [0x243e0000, 0x24940000, 0x29930000)
  eden space 4480K,  74% used [0x243e0000, 0x24725360, 0x24840000)
  from space 512K,   1% used [0x24840000, 0x24841900, 0x248c0000)
  to   space 512K,   0% used [0x248c0000, 0x248c0000, 0x24940000)
 tenured generation   total 10948K, used 9817K [0x29930000, 0x2a3e1000, 0x343e0000)
   the space 10948K,  89% used [0x29930000, 0x2a2c6420, 0x2a2c6600, 0x2a3e1000)
 compacting perm gen  total 12288K, used 2560K [0x343e0000, 0x34fe0000, 0x383e0000)
   the space 12288K,  20% used [0x343e0000, 0x34660368, 0x34660400, 0x34fe0000)
    ro space 10240K,  45% used [0x383e0000, 0x38865e50, 0x38866000, 0x38de0000)
    rw space 12288K,  54% used [0x38de0000, 0x39468f78, 0x39469000, 0x399e0000)
GC Heap History (10 events):
Event: 24.738 GC heap before
{Heap before GC invocations=242 (full 28):
 def new generation   total 4992K, used 4967K [0x243e0000, 0x24940000, 0x29930000)
  eden space 4480K,  99% used [0x243e0000, 0x2483e050, 0x24840000)
  from space 512K,  96% used [0x248c0000, 0x2493bc08, 0x24940000)
  to   space 512K,   0% used [0x24840000, 0x24840000, 0x248c0000)
 tenured generation   total 10948K, used 6441K [0x29930000, 0x2a3e1000, 0x343e0000)
   the space 10948K,  58% used [0x29930000, 0x29f7a568, 0x29f7a600, 0x2a3e1000)
 compacting perm gen  total 12288K, used 2560K [0x343e0000, 0x34fe0000, 0x383e0000)
   the space 12288K,  20% used [0x343e0000, 0x34660348, 0x34660400, 0x34fe0000)
    ro space 10240K,  45% used [0x383e0000, 0x38865e50, 0x38866000, 0x38de0000)
    rw space 12288K,  54% used [0x38de0000, 0x39468f78, 0x39469000, 0x399e0000)
Event: 24.740 GC heap after
Heap after GC invocations=243 (full 28):
 def new generation   total 4992K, used 10K [0x243e0000, 0x24940000, 0x29930000)
  eden space 4480K,   0% used [0x243e0000, 0x243e0000, 0x24840000)
  from space 512K,   2% used [0x24840000, 0x24842b40, 0x248c0000)
  to   space 512K,   0% used [0x248c0000, 0x248c0000, 0x24940000)
 tenured generation   total 10948K, used 7116K [0x29930000, 0x2a3e1000, 0x343e0000)
   the space 10948K,  65% used [0x29930000, 0x2a0233e0, 0x2a023400, 0x2a3e1000)
 compacting perm gen  total 12288K, used 2560K [0x343e0000, 0x34fe0000, 0x383e0000)
   the space 12288K,  20% used [0x343e0000, 0x34660348, 0x34660400, 0x34fe0000)
    ro space 10240K,  45% used [0x383e0000, 0x38865e50, 0x38866000, 0x38de0000)
    rw space 12288K,  54% used [0x38de0000, 0x39468f78, 0x39469000, 0x399e0000)
}
Event: 24.800 GC heap before
{Heap before GC invocations=243 (full 28):
 def new generation   total 4992K, used 4480K [0x243e0000, 0x24940000, 0x29930000)
  eden space 4480K,  99% used [0x243e0000, 0x2483d618, 0x24840000)
  from space 512K,   2% used [0x24840000, 0x24842b40, 0x248c0000)
  to   space 512K,   0% used [0x248c0000, 0x248c0000, 0x24940000)
 tenured generation   total 10948K, used 7116K [0x29930000, 0x2a3e1000, 0x343e0000)
   the space 10948K,  65% used [0x29930000, 0x2a0233e0, 0x2a023400, 0x2a3e1000)
 compacting perm gen  total 12288K, used 2560K [0x343e0000, 0x34fe0000, 0x383e0000)
   the space 12288K,  20% used [0x343e0000, 0x34660348, 0x34660400, 0x34fe0000)
    ro space 10240K,  45% used [0x383e0000, 0x38865e50, 0x38866000, 0x38de0000)
    rw space 12288K,  54% used [0x38de0000, 0x39468f78, 0x39469000, 0x399e0000)
Event: 24.802 GC heap after
Heap after GC invocations=244 (full 28):
 def new generation   total 4992K, used 28K [0x243e0000, 0x24940000, 0x29930000)
  eden space 4480K,   0% used [0x243e0000, 0x243e0000, 0x24840000)
  from space 512K,   5% used [0x248c0000, 0x248c7038, 0x24940000)
  to   space 512K,   0% used [0x24840000, 0x24840000, 0x248c0000)
 tenured generation   total 10948K, used 7791K [0x29930000, 0x2a3e1000, 0x343e0000)
   the space 10948K,  71% used [0x29930000, 0x2a0cbff0, 0x2a0cc000, 0x2a3e1000)
 compacting perm gen  total 12288K, used 2560K [0x343e0000, 0x34fe0000, 0x383e0000)
   the space 12288K,  20% used [0x343e0000, 0x34660348, 0x34660400, 0x34fe0000)
    ro space 10240K,  45% used [0x383e0000, 0x38865e50, 0x38866000, 0x38de0000)
    rw space 12288K,  54% used [0x38de0000, 0x39468f78, 0x39469000, 0x399e0000)
}
Event: 24.933 GC heap before
{Heap before GC invocations=244 (full 28):
 def new generation   total 4992K, used 4508K [0x243e0000, 0x24940000, 0x29930000)
  eden space 4480K, 100% used [0x243e0000, 0x24840000, 0x24840000)
  from space 512K,   5% used [0x248c0000, 0x248c7038, 0x24940000)
  to   space 512K,   0% used [0x24840000, 0x24840000, 0x248c0000)
 tenured generation   total 10948K, used 7791K [0x29930000, 0x2a3e1000, 0x343e0000)
   the space 10948K,  71% used [0x29930000, 0x2a0cbff0, 0x2a0cc000, 0x2a3e1000)
 compacting perm gen  total 12288K, used 2560K [0x343e0000, 0x34fe0000, 0x383e0000)
   the space 12288K,  20% used [0x343e0000, 0x34660368, 0x34660400, 0x34fe0000)
    ro space 10240K,  45% used [0x383e0000, 0x38865e50, 0x38866000, 0x38de0000)
    rw space 12288K,  54% used [0x38de0000, 0x39468f78, 0x39469000, 0x399e0000)
Event: 24.935 GC heap after
Heap after GC invocations=245 (full 28):
 def new generation   total 4992K, used 5K [0x243e0000, 0x24940000, 0x29930000)
  eden space 4480K,   0% used [0x243e0000, 0x243e0000, 0x24840000)
  from space 512K,   1% used [0x24840000, 0x24841790, 0x248c0000)
  to   space 512K,   0% used [0x248c0000, 0x248c0000, 0x24940000)
 tenured generation   total 10948K, used 8467K [0x29930000, 0x2a3e1000, 0x343e0000)
   the space 10948K,  77% used [0x29930000, 0x2a174c00, 0x2a174c00, 0x2a3e1000)
 compacting perm gen  total 12288K, used 2560K [0x343e0000, 0x34fe0000, 0x383e0000)
   the space 12288K,  20% used [0x343e0000, 0x34660368, 0x34660400, 0x34fe0000)
    ro space 10240K,  45% used [0x383e0000, 0x38865e50, 0x38866000, 0x38de0000)
    rw space 12288K,  54% used [0x38de0000, 0x39468f78, 0x39469000, 0x399e0000)
}
Event: 24.997 GC heap before
{Heap before GC invocations=245 (full 28):
 def new generation   total 4992K, used 4485K [0x243e0000, 0x24940000, 0x29930000)
  eden space 4480K, 100% used [0x243e0000, 0x24840000, 0x24840000)
  from space 512K,   1% used [0x24840000, 0x24841790, 0x248c0000)
  to   space 512K,   0% used [0x248c0000, 0x248c0000, 0x24940000)
 tenured generation   total 10948K, used 8467K [0x29930000, 0x2a3e1000, 0x343e0000)
   the space 10948K,  77% used [0x29930000, 0x2a174c00, 0x2a174c00, 0x2a3e1000)
 compacting perm gen  total 12288K, used 2560K [0x343e0000, 0x34fe0000, 0x383e0000)
   the space 12288K,  20% used [0x343e0000, 0x34660368, 0x34660400, 0x34fe0000)
    ro space 10240K,  45% used [0x383e0000, 0x38865e50, 0x38866000, 0x38de0000)
    rw space 12288K,  54% used [0x38de0000, 0x39468f78, 0x39469000, 0x399e0000)
Event: 24.999 GC heap after
Heap after GC invocations=246 (full 28):
 def new generation   total 4992K, used 6K [0x243e0000, 0x24940000, 0x29930000)
  eden space 4480K,   0% used [0x243e0000, 0x243e0000, 0x24840000)
  from space 512K,   1% used [0x248c0000, 0x248c1b78, 0x24940000)
  to   space 512K,   0% used [0x24840000, 0x24840000, 0x248c0000)
 tenured generation   total 10948K, used 9142K [0x29930000, 0x2a3e1000, 0x343e0000)
   the space 10948K,  83% used [0x29930000, 0x2a21d810, 0x2a21da00, 0x2a3e1000)
 compacting perm gen  total 12288K, used 2560K [0x343e0000, 0x34fe0000, 0x383e0000)
   the space 12288K,  20% used [0x343e0000, 0x34660368, 0x34660400, 0x34fe0000)
    ro space 10240K,  45% used [0x383e0000, 0x38865e50, 0x38866000, 0x38de0000)
    rw space 12288K,  54% used [0x38de0000, 0x39468f78, 0x39469000, 0x399e0000)
}
Event: 25.107 GC heap before
{Heap before GC invocations=246 (full 28):
 def new generation   total 4992K, used 4486K [0x243e0000, 0x24940000, 0x29930000)
  eden space 4480K, 100% used [0x243e0000, 0x24840000, 0x24840000)
  from space 512K,   1% used [0x248c0000, 0x248c1b78, 0x24940000)
  to   space 512K,   0% used [0x24840000, 0x24840000, 0x248c0000)
 tenured generation   total 10948K, used 9142K [0x29930000, 0x2a3e1000, 0x343e0000)
   the space 10948K,  83% used [0x29930000, 0x2a21d810, 0x2a21da00, 0x2a3e1000)
 compacting perm gen  total 12288K, used 2560K [0x343e0000, 0x34fe0000, 0x383e0000)
   the space 12288K,  20% used [0x343e0000, 0x34660368, 0x34660400, 0x34fe0000)
    ro space 10240K,  45% used [0x383e0000, 0x38865e50, 0x38866000, 0x38de0000)
    rw space 12288K,  54% used [0x38de0000, 0x39468f78, 0x39469000, 0x399e0000)
Event: 25.109 GC heap after
Heap after GC invocations=247 (full 28):
 def new generation   total 4992K, used 6K [0x243e0000, 0x24940000, 0x29930000)
  eden space 4480K,   0% used [0x243e0000, 0x243e0000, 0x24840000)
  from space 512K,   1% used [0x24840000, 0x24841900, 0x248c0000)
  to   space 512K,   0% used [0x248c0000, 0x248c0000, 0x24940000)
 tenured generation   total 10948K, used 9817K [0x29930000, 0x2a3e1000, 0x343e0000)
   the space 10948K,  89% used [0x29930000, 0x2a2c6420, 0x2a2c6600, 0x2a3e1000)
 compacting perm gen  total 12288K, used 2560K [0x343e0000, 0x34fe0000, 0x383e0000)
   the space 12288K,  20% used [0x343e0000, 0x34660368, 0x34660400, 0x34fe0000)
    ro space 10240K,  45% used [0x383e0000, 0x38865e50, 0x38866000, 0x38de0000)
    rw space 12288K,  54% used [0x38de0000, 0x39468f78, 0x39469000, 0x399e0000)
}

