# JRE version: Java(TM) SE Runtime Environment (8.0_25-b18) (build 1.8.0_25-b18)
# Java VM: Java HotSpot(TM) 64-Bit Server VM (25.25-b02 mixed mode windows-amd64 compressed oops)
Heap:
 PSYoungGen      total 31232K, used 5153K [0x00000000d7700000, 0x00000000da300000, 0x0000000100000000)
  eden space 30720K, 16% used [0x00000000d7700000,0x00000000d7bf0650,0x00000000d9500000)
  from space 512K, 18% used [0x00000000da200000,0x00000000da218000,0x00000000da280000)
  to   space 512K, 0% used [0x00000000da280000,0x00000000da280000,0x00000000da300000)
 ParOldGen       total 32256K, used 14090K [0x0000000086400000, 0x0000000088380000, 0x00000000d7700000)
  object space 32256K, 43% used [0x0000000086400000,0x00000000871c2bc8,0x0000000088380000)
 Metaspace       used 13347K, capacity 13526K, committed 13696K, reserved 1060864K
  class space    used 1597K, capacity 1635K, committed 1664K, reserved 1048576K
GC Heap History (10 events):
Event: 700.228 GC heap before
{Heap before GC invocations=935 (full 14):
 PSYoungGen      total 33792K, used 33280K [0x00000000d7700000, 0x00000000da300000, 0x0000000100000000)
  eden space 33280K, 100% used [0x00000000d7700000,0x00000000d9780000,0x00000000d9780000)
  from space 512K, 0% used [0x00000000da280000,0x00000000da280000,0x00000000da300000)
  to   space 512K, 0% used [0x00000000da200000,0x00000000da200000,0x00000000da280000)
 ParOldGen       total 32256K, used 3011K [0x0000000086400000, 0x0000000088380000, 0x00000000d7700000)
  object space 32256K, 9% used [0x0000000086400000,0x00000000866f0fc0,0x0000000088380000)
 Metaspace       used 13346K, capacity 13526K, committed 13696K, reserved 1060864K
  class space    used 1596K, capacity 1635K, committed 1664K, reserved 1048576K
Event: 700.230 GC heap after
Heap after GC invocations=935 (full 14):
 PSYoungGen      total 33280K, used 96K [0x00000000d7700000, 0x00000000da300000, 0x0000000100000000)
  eden space 32768K, 0% used [0x00000000d7700000,0x00000000d7700000,0x00000000d9700000)
  from space 512K, 18% used [0x00000000da200000,0x00000000da218000,0x00000000da280000)
  to   space 512K, 0% used [0x00000000da280000,0x00000000da280000,0x00000000da300000)
 ParOldGen       total 32256K, used 3911K [0x0000000086400000, 0x0000000088380000, 0x00000000d7700000)
  object space 32256K, 12% used [0x0000000086400000,0x00000000867d1fd0,0x0000000088380000)
 Metaspace       used 13346K, capacity 13526K, committed 13696K, reserved 1060864K
  class space    used 1596K, capacity 1635K, committed 1664K, reserved 1048576K
}
Event: 701.368 GC heap before
{Heap before GC invocations=936 (full 14):
 PSYoungGen      total 33280K, used 32864K [0x00000000d7700000, 0x00000000da300000, 0x0000000100000000)
  eden space 32768K, 100% used [0x00000000d7700000,0x00000000d9700000,0x00000000d9700000)
  from space 512K, 18% used [0x00000000da200000,0x00000000da218000,0x00000000da280000)
  to   space 512K, 0% used [0x00000000da280000,0x00000000da280000,0x00000000da300000)
 ParOldGen       total 32256K, used 7623K [0x0000000086400000, 0x0000000088380000, 0x00000000d7700000)
  object space 32256K, 23% used [0x0000000086400000,0x0000000086b71e78,0x0000000088380000)
 Metaspace       used 13346K, capacity 13526K, committed 13696K, reserved 1060864K
  class space    used 1596K, capacity 1635K, committed 1664K, reserved 1048576K
Event: 701.370 GC heap after
Heap after GC invocations=936 (full 14):
 PSYoungGen      total 32768K, used 96K [0x00000000d7700000, 0x00000000da300000, 0x0000000100000000)
  eden space 32256K, 0% used [0x00000000d7700000,0x00000000d7700000,0x00000000d9680000)
  from space 512K, 18% used [0x00000000da280000,0x00000000da298000,0x00000000da300000)
  to   space 512K, 0% used [0x00000000da200000,0x00000000da200000,0x00000000da280000)
 ParOldGen       total 32256K, used 7631K [0x0000000086400000, 0x0000000088380000, 0x00000000d7700000)
  object space 32256K, 23% used [0x0000000086400000,0x0000000086b73e78,0x0000000088380000)
 Metaspace       used 13346K, capacity 13526K, committed 13696K, reserved 1060864K
  class space    used 1596K, capacity 1635K, committed 1664K, reserved 1048576K
}
Event: 702.468 GC heap before
{Heap before GC invocations=937 (full 14):
 PSYoungGen      total 32768K, used 31808K [0x00000000d7700000, 0x00000000da300000, 0x0000000100000000)
  eden space 32256K, 98% used [0x00000000d7700000,0x00000000d95f8398,0x00000000d9680000)
  from space 512K, 18% used [0x00000000da280000,0x00000000da298000,0x00000000da300000)
  to   space 512K, 0% used [0x00000000da200000,0x00000000da200000,0x00000000da280000)
 ParOldGen       total 32256K, used 8531K [0x0000000086400000, 0x0000000088380000, 0x00000000d7700000)
  object space 32256K, 26% used [0x0000000086400000,0x0000000086c54e88,0x0000000088380000)
 Metaspace       used 13347K, capacity 13526K, committed 13696K, reserved 1060864K
  class space    used 1597K, capacity 1635K, committed 1664K, reserved 1048576K
Event: 702.472 GC heap after
Heap after GC invocations=937 (full 14):
 PSYoungGen      total 32256K, used 96K [0x00000000d7700000, 0x00000000da300000, 0x0000000100000000)
  eden space 31744K, 0% used [0x00000000d7700000,0x00000000d7700000,0x00000000d9600000)
  from space 512K, 18% used [0x00000000da200000,0x00000000da218000,0x00000000da280000)
  to   space 512K, 0% used [0x00000000da280000,0x00000000da280000,0x00000000da300000)
 ParOldGen       total 32256K, used 11239K [0x0000000086400000, 0x0000000088380000, 0x00000000d7700000)
  object space 32256K, 34% used [0x0000000086400000,0x0000000086ef9ef0,0x0000000088380000)
 Metaspace       used 13347K, capacity 13526K, committed 13696K, reserved 1060864K
  class space    used 1597K, capacity 1635K, committed 1664K, reserved 1048576K
}
Event: 703.544 GC heap before
{Heap before GC invocations=938 (full 14):
 PSYoungGen      total 32256K, used 31840K [0x00000000d7700000, 0x00000000da300000, 0x0000000100000000)
  eden space 31744K, 100% used [0x00000000d7700000,0x00000000d9600000,0x00000000d9600000)
  from space 512K, 18% used [0x00000000da200000,0x00000000da218000,0x00000000da280000)
  to   space 512K, 0% used [0x00000000da280000,0x00000000da280000,0x00000000da300000)
 ParOldGen       total 32256K, used 11358K [0x0000000086400000, 0x0000000088380000, 0x00000000d7700000)
  object space 32256K, 35% used [0x0000000086400000,0x0000000086f17b60,0x0000000088380000)
 Metaspace       used 13347K, capacity 13526K, committed 13696K, reserved 1060864K
  class space    used 1597K, capacity 1635K, committed 1664K, reserved 1048576K
Event: 703.547 GC heap after
Heap after GC invocations=938 (full 14):
 PSYoungGen      total 31744K, used 96K [0x00000000d7700000, 0x00000000da300000, 0x0000000100000000)
  eden space 31232K, 0% used [0x00000000d7700000,0x00000000d7700000,0x00000000d9580000)
  from space 512K, 18% used [0x00000000da280000,0x00000000da298000,0x00000000da300000)
  to   space 512K, 0% used [0x00000000da200000,0x00000000da200000,0x00000000da280000)
 ParOldGen       total 32256K, used 13174K [0x0000000086400000, 0x0000000088380000, 0x00000000d7700000)
  object space 32256K, 40% used [0x0000000086400000,0x00000000870ddb80,0x0000000088380000)
 Metaspace       used 13347K, capacity 13526K, committed 13696K, reserved 1060864K
  class space    used 1597K, capacity 1635K, committed 1664K, reserved 1048576K
}
Event: 704.541 GC heap before
{Heap before GC invocations=939 (full 14):
 PSYoungGen      total 31744K, used 30610K [0x00000000d7700000, 0x00000000da300000, 0x0000000100000000)
  eden space 31232K, 97% used [0x00000000d7700000,0x00000000d94cc978,0x00000000d9580000)
  from space 512K, 18% used [0x00000000da280000,0x00000000da298000,0x00000000da300000)
  to   space 512K, 0% used [0x00000000da200000,0x00000000da200000,0x00000000da280000)
 ParOldGen       total 32256K, used 13174K [0x0000000086400000, 0x0000000088380000, 0x00000000d7700000)
  object space 32256K, 40% used [0x0000000086400000,0x00000000870ddb80,0x0000000088380000)
 Metaspace       used 13347K, capacity 13526K, committed 13696K, reserved 1060864K
  class space    used 1597K, capacity 1635K, committed 1664K, reserved 1048576K
Event: 704.545 GC heap after
Heap after GC invocations=939 (full 14):
 PSYoungGen      total 31232K, used 96K [0x00000000d7700000, 0x00000000da300000, 0x0000000100000000)
  eden space 30720K, 0% used [0x00000000d7700000,0x00000000d7700000,0x00000000d9500000)
  from space 512K, 18% used [0x00000000da200000,0x00000000da218000,0x00000000da280000)
  to   space 512K, 0% used [0x00000000da280000,0x00000000da280000,0x00000000da300000)
 ParOldGen       total 32256K, used 14090K [0x0000000086400000, 0x0000000088380000, 0x00000000d7700000)
  object space 32256K, 43% used [0x0000000086400000,0x00000000871c2bc8,0x0000000088380000)
 Metaspace       used 13347K, capacity 13526K, committed 13696K, reserved 1060864K
  class space    used 1597K, capacity 1635K, committed 1664K, reserved 1048576K
}

