# JRE version: 7.0_10-b18
# Java VM: Java HotSpot(TM) Client VM (23.6-b04 mixed mode, sharing windows-x86 )
Heap
 def new generation   total 4992K, used 3759K [0x243e0000, 0x24940000, 0x29930000)
  eden space 4480K,  81% used [0x243e0000, 0x24775688, 0x24840000)
  from space 512K,  17% used [0x248c0000, 0x248d6740, 0x24940000)
  to   space 512K,   0% used [0x24840000, 0x24840000, 0x248c0000)
 tenured generation   total 10944K, used 10252K [0x29930000, 0x2a3e0000, 0x343e0000)
   the space 10944K,  93% used [0x29930000, 0x2a333368, 0x2a333400, 0x2a3e0000)
 compacting perm gen  total 12288K, used 2569K [0x343e0000, 0x34fe0000, 0x383e0000)
   the space 12288K,  20% used [0x343e0000, 0x346624a8, 0x34662600, 0x34fe0000)
    ro space 10240K,  45% used [0x383e0000, 0x38865e50, 0x38866000, 0x38de0000)
    rw space 12288K,  54% used [0x38de0000, 0x39468f78, 0x39469000, 0x399e0000)
GC Heap History (10 events):
Event: 9.557 GC heap before
{Heap before GC invocations=40 (full 1):
 def new generation   total 4992K, used 3779K [0x243e0000, 0x24940000, 0x29930000)
  eden space 4480K,  82% used [0x243e0000, 0x2477d150, 0x24840000)
  from space 512K,  15% used [0x24840000, 0x24853dd8, 0x248c0000)
  to   space 512K,   0% used [0x248c0000, 0x248c0000, 0x24940000)
 tenured generation   total 10944K, used 10252K [0x29930000, 0x2a3e0000, 0x343e0000)
   the space 10944K,  93% used [0x29930000, 0x2a333368, 0x2a333400, 0x2a3e0000)
 compacting perm gen  total 12288K, used 2566K [0x343e0000, 0x34fe0000, 0x383e0000)
   the space 12288K,  20% used [0x343e0000, 0x34661b60, 0x34661c00, 0x34fe0000)
    ro space 10240K,  45% used [0x383e0000, 0x38865e50, 0x38866000, 0x38de0000)
    rw space 12288K,  54% used [0x38de0000, 0x39468f78, 0x39469000, 0x399e0000)
Event: 9.559 GC heap after
Heap after GC invocations=41 (full 1):
 def new generation   total 4992K, used 79K [0x243e0000, 0x24940000, 0x29930000)
  eden space 4480K,   0% used [0x243e0000, 0x243e0000, 0x24840000)
  from space 512K,  15% used [0x248c0000, 0x248d3dd8, 0x24940000)
  to   space 512K,   0% used [0x24840000, 0x24840000, 0x248c0000)
 tenured generation   total 10944K, used 10252K [0x29930000, 0x2a3e0000, 0x343e0000)
   the space 10944K,  93% used [0x29930000, 0x2a333368, 0x2a333400, 0x2a3e0000)
 compacting perm gen  total 12288K, used 2566K [0x343e0000, 0x34fe0000, 0x383e0000)
   the space 12288K,  20% used [0x343e0000, 0x34661b60, 0x34661c00, 0x34fe0000)
    ro space 10240K,  45% used [0x383e0000, 0x38865e50, 0x38866000, 0x38de0000)
    rw space 12288K,  54% used [0x38de0000, 0x39468f78, 0x39469000, 0x399e0000)
}
Event: 9.683 GC heap before
{Heap before GC invocations=41 (full 1):
 def new generation   total 4992K, used 3909K [0x243e0000, 0x24940000, 0x29930000)
  eden space 4480K,  85% used [0x243e0000, 0x2479d860, 0x24840000)
  from space 512K,  15% used [0x248c0000, 0x248d3dd8, 0x24940000)
  to   space 512K,   0% used [0x24840000, 0x24840000, 0x248c0000)
 tenured generation   total 10944K, used 10252K [0x29930000, 0x2a3e0000, 0x343e0000)
   the space 10944K,  93% used [0x29930000, 0x2a333368, 0x2a333400, 0x2a3e0000)
 compacting perm gen  total 12288K, used 2566K [0x343e0000, 0x34fe0000, 0x383e0000)
   the space 12288K,  20% used [0x343e0000, 0x34661b60, 0x34661c00, 0x34fe0000)
    ro space 10240K,  45% used [0x383e0000, 0x38865e50, 0x38866000, 0x38de0000)
    rw space 12288K,  54% used [0x38de0000, 0x39468f78, 0x39469000, 0x399e0000)
Event: 9.685 GC heap after
Heap after GC invocations=42 (full 1):
 def new generation   total 4992K, used 63K [0x243e0000, 0x24940000, 0x29930000)
  eden space 4480K,   0% used [0x243e0000, 0x243e0000, 0x24840000)
  from space 512K,  12% used [0x24840000, 0x2484fca0, 0x248c0000)
  to   space 512K,   0% used [0x248c0000, 0x248c0000, 0x24940000)
 tenured generation   total 10944K, used 10252K [0x29930000, 0x2a3e0000, 0x343e0000)
   the space 10944K,  93% used [0x29930000, 0x2a333368, 0x2a333400, 0x2a3e0000)
 compacting perm gen  total 12288K, used 2566K [0x343e0000, 0x34fe0000, 0x383e0000)
   the space 12288K,  20% used [0x343e0000, 0x34661b60, 0x34661c00, 0x34fe0000)
    ro space 10240K,  45% used [0x383e0000, 0x38865e50, 0x38866000, 0x38de0000)
    rw space 12288K,  54% used [0x38de0000, 0x39468f78, 0x39469000, 0x399e0000)
}
Event: 9.834 GC heap before
{Heap before GC invocations=42 (full 1):
 def new generation   total 4992K, used 3765K [0x243e0000, 0x24940000, 0x29930000)
  eden space 4480K,  82% used [0x243e0000, 0x2477d848, 0x24840000)
  from space 512K,  12% used [0x24840000, 0x2484fca0, 0x248c0000)
  to   space 512K,   0% used [0x248c0000, 0x248c0000, 0x24940000)
 tenured generation   total 10944K, used 10252K [0x29930000, 0x2a3e0000, 0x343e0000)
   the space 10944K,  93% used [0x29930000, 0x2a333368, 0x2a333400, 0x2a3e0000)
 compacting perm gen  total 12288K, used 2566K [0x343e0000, 0x34fe0000, 0x383e0000)
   the space 12288K,  20% used [0x343e0000, 0x34661b60, 0x34661c00, 0x34fe0000)
    ro space 10240K,  45% used [0x383e0000, 0x38865e50, 0x38866000, 0x38de0000)
    rw space 12288K,  54% used [0x38de0000, 0x39468f78, 0x39469000, 0x399e0000)
Event: 9.836 GC heap after
Heap after GC invocations=43 (full 1):
 def new generation   total 4992K, used 81K [0x243e0000, 0x24940000, 0x29930000)
  eden space 4480K,   0% used [0x243e0000, 0x243e0000, 0x24840000)
  from space 512K,  15% used [0x248c0000, 0x248d4438, 0x24940000)
  to   space 512K,   0% used [0x24840000, 0x24840000, 0x248c0000)
 tenured generation   total 10944K, used 10252K [0x29930000, 0x2a3e0000, 0x343e0000)
   the space 10944K,  93% used [0x29930000, 0x2a333368, 0x2a333400, 0x2a3e0000)
 compacting perm gen  total 12288K, used 2566K [0x343e0000, 0x34fe0000, 0x383e0000)
   the space 12288K,  20% used [0x343e0000, 0x34661b60, 0x34661c00, 0x34fe0000)
    ro space 10240K,  45% used [0x383e0000, 0x38865e50, 0x38866000, 0x38de0000)
    rw space 12288K,  54% used [0x38de0000, 0x39468f78, 0x39469000, 0x399e0000)
}
Event: 10.049 GC heap before
{Heap before GC invocations=43 (full 1):
 def new generation   total 4992K, used 3776K [0x243e0000, 0x24940000, 0x29930000)
  eden space 4480K,  82% used [0x243e0000, 0x2477bdc0, 0x24840000)
  from space 512K,  15% used [0x248c0000, 0x248d4438, 0x24940000)
  to   space 512K,   0% used [0x24840000, 0x24840000, 0x248c0000)
 tenured generation   total 10944K, used 10252K [0x29930000, 0x2a3e0000, 0x343e0000)
   the space 10944K,  93% used [0x29930000, 0x2a333368, 0x2a333400, 0x2a3e0000)
 compacting perm gen  total 12288K, used 2566K [0x343e0000, 0x34fe0000, 0x383e0000)
   the space 12288K,  20% used [0x343e0000, 0x34661b60, 0x34661c00, 0x34fe0000)
    ro space 10240K,  45% used [0x383e0000, 0x38865e50, 0x38866000, 0x38de0000)
    rw space 12288K,  54% used [0x38de0000, 0x39468f78, 0x39469000, 0x399e0000)
Event: 10.050 GC heap after
Heap after GC invocations=44 (full 1):
 def new generation   total 4992K, used 78K [0x243e0000, 0x24940000, 0x29930000)
  eden space 4480K,   0% used [0x243e0000, 0x243e0000, 0x24840000)
  from space 512K,  15% used [0x24840000, 0x248539e8, 0x248c0000)
  to   space 512K,   0% used [0x248c0000, 0x248c0000, 0x24940000)
 tenured generation   total 10944K, used 10252K [0x29930000, 0x2a3e0000, 0x343e0000)
   the space 10944K,  93% used [0x29930000, 0x2a333368, 0x2a333400, 0x2a3e0000)
 compacting perm gen  total 12288K, used 2566K [0x343e0000, 0x34fe0000, 0x383e0000)
   the space 12288K,  20% used [0x343e0000, 0x34661b60, 0x34661c00, 0x34fe0000)
    ro space 10240K,  45% used [0x383e0000, 0x38865e50, 0x38866000, 0x38de0000)
    rw space 12288K,  54% used [0x38de0000, 0x39468f78, 0x39469000, 0x399e0000)
}
Event: 10.316 GC heap before
{Heap before GC invocations=44 (full 1):
 def new generation   total 4992K, used 3884K [0x243e0000, 0x24940000, 0x29930000)
  eden space 4480K,  84% used [0x243e0000, 0x24797680, 0x24840000)
  from space 512K,  15% used [0x24840000, 0x248539e8, 0x248c0000)
  to   space 512K,   0% used [0x248c0000, 0x248c0000, 0x24940000)
 tenured generation   total 10944K, used 10252K [0x29930000, 0x2a3e0000, 0x343e0000)
   the space 10944K,  93% used [0x29930000, 0x2a333368, 0x2a333400, 0x2a3e0000)
 compacting perm gen  total 12288K, used 2569K [0x343e0000, 0x34fe0000, 0x383e0000)
   the space 12288K,  20% used [0x343e0000, 0x346624a8, 0x34662600, 0x34fe0000)
    ro space 10240K,  45% used [0x383e0000, 0x38865e50, 0x38866000, 0x38de0000)
    rw space 12288K,  54% used [0x38de0000, 0x39468f78, 0x39469000, 0x399e0000)
Event: 10.318 GC heap after
Heap after GC invocations=45 (full 1):
 def new generation   total 4992K, used 89K [0x243e0000, 0x24940000, 0x29930000)
  eden space 4480K,   0% used [0x243e0000, 0x243e0000, 0x24840000)
  from space 512K,  17% used [0x248c0000, 0x248d6740, 0x24940000)
  to   space 512K,   0% used [0x24840000, 0x24840000, 0x248c0000)
 tenured generation   total 10944K, used 10252K [0x29930000, 0x2a3e0000, 0x343e0000)
   the space 10944K,  93% used [0x29930000, 0x2a333368, 0x2a333400, 0x2a3e0000)
 compacting perm gen  total 12288K, used 2569K [0x343e0000, 0x34fe0000, 0x383e0000)
   the space 12288K,  20% used [0x343e0000, 0x346624a8, 0x34662600, 0x34fe0000)
    ro space 10240K,  45% used [0x383e0000, 0x38865e50, 0x38866000, 0x38de0000)
    rw space 12288K,  54% used [0x38de0000, 0x39468f78, 0x39469000, 0x399e0000)
}

