# JRE version: 7.0_10-b18
# Java VM: Java HotSpot(TM) Client VM (23.6-b04 mixed mode, sharing windows-x86 )
Heap
 def new generation   total 4992K, used 2556K [0x243e0000, 0x24940000, 0x29930000)
  eden space 4480K,  56% used [0x243e0000, 0x2465dfd8, 0x24840000)
  from space 512K,   0% used [0x248c0000, 0x248c10e8, 0x24940000)
  to   space 512K,   0% used [0x24840000, 0x24840000, 0x248c0000)
 tenured generation   total 10948K, used 3746K [0x29930000, 0x2a3e1000, 0x343e0000)
   the space 10948K,  34% used [0x29930000, 0x29cd88e8, 0x29cd8a00, 0x2a3e1000)
 compacting perm gen  total 12288K, used 2580K [0x343e0000, 0x34fe0000, 0x383e0000)
   the space 12288K,  20% used [0x343e0000, 0x34665170, 0x34665200, 0x34fe0000)
    ro space 10240K,  45% used [0x383e0000, 0x38865e50, 0x38866000, 0x38de0000)
    rw space 12288K,  54% used [0x38de0000, 0x39468f78, 0x39469000, 0x399e0000)
GC Heap History (10 events):
Event: 33.129 GC heap before
{Heap before GC invocations=328 (full 33):
 def new generation   total 4992K, used 4888K [0x243e0000, 0x24940000, 0x29930000)
  eden space 4480K,  98% used [0x243e0000, 0x2482b3f8, 0x24840000)
  from space 512K,  95% used [0x248c0000, 0x2493ac98, 0x24940000)
  to   space 512K,   0% used [0x24840000, 0x24840000, 0x248c0000)
 tenured generation   total 10948K, used 8493K [0x29930000, 0x2a3e1000, 0x343e0000)
   the space 10948K,  77% used [0x29930000, 0x2a17b420, 0x2a17b600, 0x2a3e1000)
 compacting perm gen  total 12288K, used 2580K [0x343e0000, 0x34fe0000, 0x383e0000)
   the space 12288K,  20% used [0x343e0000, 0x34665170, 0x34665200, 0x34fe0000)
    ro space 10240K,  45% used [0x383e0000, 0x38865e50, 0x38866000, 0x38de0000)
    rw space 12288K,  54% used [0x38de0000, 0x39468f78, 0x39469000, 0x399e0000)
Event: 33.131 GC heap after
Heap after GC invocations=329 (full 33):
 def new generation   total 4992K, used 4K [0x243e0000, 0x24940000, 0x29930000)
  eden space 4480K,   0% used [0x243e0000, 0x243e0000, 0x24840000)
  from space 512K,   0% used [0x24840000, 0x24841058, 0x248c0000)
  to   space 512K,   0% used [0x248c0000, 0x248c0000, 0x24940000)
 tenured generation   total 10948K, used 9168K [0x29930000, 0x2a3e1000, 0x343e0000)
   the space 10948K,  83% used [0x29930000, 0x2a224228, 0x2a224400, 0x2a3e1000)
 compacting perm gen  total 12288K, used 2580K [0x343e0000, 0x34fe0000, 0x383e0000)
   the space 12288K,  20% used [0x343e0000, 0x34665170, 0x34665200, 0x34fe0000)
    ro space 10240K,  45% used [0x383e0000, 0x38865e50, 0x38866000, 0x38de0000)
    rw space 12288K,  54% used [0x38de0000, 0x39468f78, 0x39469000, 0x399e0000)
}
Event: 33.238 GC heap before
{Heap before GC invocations=329 (full 33):
 def new generation   total 4992K, used 4484K [0x243e0000, 0x24940000, 0x29930000)
  eden space 4480K, 100% used [0x243e0000, 0x24840000, 0x24840000)
  from space 512K,   0% used [0x24840000, 0x24841058, 0x248c0000)
  to   space 512K,   0% used [0x248c0000, 0x248c0000, 0x24940000)
 tenured generation   total 10948K, used 9168K [0x29930000, 0x2a3e1000, 0x343e0000)
   the space 10948K,  83% used [0x29930000, 0x2a224228, 0x2a224400, 0x2a3e1000)
 compacting perm gen  total 12288K, used 2580K [0x343e0000, 0x34fe0000, 0x383e0000)
   the space 12288K,  20% used [0x343e0000, 0x34665170, 0x34665200, 0x34fe0000)
    ro space 10240K,  45% used [0x383e0000, 0x38865e50, 0x38866000, 0x38de0000)
    rw space 12288K,  54% used [0x38de0000, 0x39468f78, 0x39469000, 0x399e0000)
Event: 33.241 GC heap after
Heap after GC invocations=330 (full 33):
 def new generation   total 4992K, used 27K [0x243e0000, 0x24940000, 0x29930000)
  eden space 4480K,   0% used [0x243e0000, 0x243e0000, 0x24840000)
  from space 512K,   5% used [0x248c0000, 0x248c6db8, 0x24940000)
  to   space 512K,   0% used [0x24840000, 0x24840000, 0x248c0000)
 tenured generation   total 10948K, used 10518K [0x29930000, 0x2a3e1000, 0x343e0000)
   the space 10948K,  96% used [0x29930000, 0x2a375a48, 0x2a375c00, 0x2a3e1000)
 compacting perm gen  total 12288K, used 2580K [0x343e0000, 0x34fe0000, 0x383e0000)
   the space 12288K,  20% used [0x343e0000, 0x34665170, 0x34665200, 0x34fe0000)
    ro space 10240K,  45% used [0x383e0000, 0x38865e50, 0x38866000, 0x38de0000)
    rw space 12288K,  54% used [0x38de0000, 0x39468f78, 0x39469000, 0x399e0000)
}
Event: 33.350 GC heap before
{Heap before GC invocations=330 (full 33):
 def new generation   total 4992K, used 4507K [0x243e0000, 0x24940000, 0x29930000)
  eden space 4480K, 100% used [0x243e0000, 0x24840000, 0x24840000)
  from space 512K,   5% used [0x248c0000, 0x248c6db8, 0x24940000)
  to   space 512K,   0% used [0x24840000, 0x24840000, 0x248c0000)
 tenured generation   total 10948K, used 10518K [0x29930000, 0x2a3e1000, 0x343e0000)
   the space 10948K,  96% used [0x29930000, 0x2a375a48, 0x2a375c00, 0x2a3e1000)
 compacting perm gen  total 12288K, used 2580K [0x343e0000, 0x34fe0000, 0x383e0000)
   the space 12288K,  20% used [0x343e0000, 0x34665170, 0x34665200, 0x34fe0000)
    ro space 10240K,  45% used [0x383e0000, 0x38865e50, 0x38866000, 0x38de0000)
    rw space 12288K,  54% used [0x38de0000, 0x39468f78, 0x39469000, 0x399e0000)
Event: 33.407 GC heap after
Heap after GC invocations=331 (full 34):
 def new generation   total 4992K, used 0K [0x243e0000, 0x24940000, 0x29930000)
  eden space 4480K,   0% used [0x243e0000, 0x243e0000, 0x24840000)
  from space 512K,   0% used [0x24840000, 0x24840000, 0x248c0000)
  to   space 512K,   0% used [0x248c0000, 0x248c0000, 0x24940000)
 tenured generation   total 10948K, used 1721K [0x29930000, 0x2a3e1000, 0x343e0000)
   the space 10948K,  15% used [0x29930000, 0x29ade4b8, 0x29ade600, 0x2a3e1000)
 compacting perm gen  total 12288K, used 2580K [0x343e0000, 0x34fe0000, 0x383e0000)
   the space 12288K,  20% used [0x343e0000, 0x34665170, 0x34665200, 0x34fe0000)
    ro space 10240K,  45% used [0x383e0000, 0x38865e50, 0x38866000, 0x38de0000)
    rw space 12288K,  54% used [0x38de0000, 0x39468f78, 0x39469000, 0x399e0000)
}
Event: 33.480 GC heap before
{Heap before GC invocations=331 (full 34):
 def new generation   total 4992K, used 4480K [0x243e0000, 0x24940000, 0x29930000)
  eden space 4480K, 100% used [0x243e0000, 0x24840000, 0x24840000)
  from space 512K,   0% used [0x24840000, 0x24840000, 0x248c0000)
  to   space 512K,   0% used [0x248c0000, 0x248c0000, 0x24940000)
 tenured generation   total 10948K, used 1721K [0x29930000, 0x2a3e1000, 0x343e0000)
   the space 10948K,  15% used [0x29930000, 0x29ade4b8, 0x29ade600, 0x2a3e1000)
 compacting perm gen  total 12288K, used 2580K [0x343e0000, 0x34fe0000, 0x383e0000)
   the space 12288K,  20% used [0x343e0000, 0x34665170, 0x34665200, 0x34fe0000)
    ro space 10240K,  45% used [0x383e0000, 0x38865e50, 0x38866000, 0x38de0000)
    rw space 12288K,  54% used [0x38de0000, 0x39468f78, 0x39469000, 0x399e0000)
Event: 33.482 GC heap after
Heap after GC invocations=332 (full 34):
 def new generation   total 4992K, used 3K [0x243e0000, 0x24940000, 0x29930000)
  eden space 4480K,   0% used [0x243e0000, 0x243e0000, 0x24840000)
  from space 512K,   0% used [0x248c0000, 0x248c0d38, 0x24940000)
  to   space 512K,   0% used [0x24840000, 0x24840000, 0x248c0000)
 tenured generation   total 10948K, used 2396K [0x29930000, 0x2a3e1000, 0x343e0000)
   the space 10948K,  21% used [0x29930000, 0x29b870c8, 0x29b87200, 0x2a3e1000)
 compacting perm gen  total 12288K, used 2580K [0x343e0000, 0x34fe0000, 0x383e0000)
   the space 12288K,  20% used [0x343e0000, 0x34665170, 0x34665200, 0x34fe0000)
    ro space 10240K,  45% used [0x383e0000, 0x38865e50, 0x38866000, 0x38de0000)
    rw space 12288K,  54% used [0x38de0000, 0x39468f78, 0x39469000, 0x399e0000)
}
Event: 33.567 GC heap before
{Heap before GC invocations=332 (full 34):
 def new generation   total 4992K, used 4450K [0x243e0000, 0x24940000, 0x29930000)
  eden space 4480K,  99% used [0x243e0000, 0x24837eb8, 0x24840000)
  from space 512K,   0% used [0x248c0000, 0x248c0d38, 0x24940000)
  to   space 512K,   0% used [0x24840000, 0x24840000, 0x248c0000)
 tenured generation   total 10948K, used 2396K [0x29930000, 0x2a3e1000, 0x343e0000)
   the space 10948K,  21% used [0x29930000, 0x29b870c8, 0x29b87200, 0x2a3e1000)
 compacting perm gen  total 12288K, used 2580K [0x343e0000, 0x34fe0000, 0x383e0000)
   the space 12288K,  20% used [0x343e0000, 0x34665170, 0x34665200, 0x34fe0000)
    ro space 10240K,  45% used [0x383e0000, 0x38865e50, 0x38866000, 0x38de0000)
    rw space 12288K,  54% used [0x38de0000, 0x39468f78, 0x39469000, 0x399e0000)
Event: 33.569 GC heap after
Heap after GC invocations=333 (full 34):
 def new generation   total 4992K, used 5K [0x243e0000, 0x24940000, 0x29930000)
  eden space 4480K,   0% used [0x243e0000, 0x243e0000, 0x24840000)
  from space 512K,   1% used [0x24840000, 0x24841748, 0x248c0000)
  to   space 512K,   0% used [0x248c0000, 0x248c0000, 0x24940000)
 tenured generation   total 10948K, used 3071K [0x29930000, 0x2a3e1000, 0x343e0000)
   the space 10948K,  28% used [0x29930000, 0x29c2fcd8, 0x29c2fe00, 0x2a3e1000)
 compacting perm gen  total 12288K, used 2580K [0x343e0000, 0x34fe0000, 0x383e0000)
   the space 12288K,  20% used [0x343e0000, 0x34665170, 0x34665200, 0x34fe0000)
    ro space 10240K,  45% used [0x383e0000, 0x38865e50, 0x38866000, 0x38de0000)
    rw space 12288K,  54% used [0x38de0000, 0x39468f78, 0x39469000, 0x399e0000)
}

