# JRE version: 7.0_10-b18
# Java VM: Java HotSpot(TM) Client VM (23.6-b04 mixed mode, sharing windows-x86 )
Heap
 def new generation   total 4992K, used 1372K [0x243e0000, 0x24940000, 0x29930000)
  eden space 4480K,  28% used [0x243e0000, 0x2451c830, 0x24840000)
  from space 512K,  20% used [0x24840000, 0x2485a9a0, 0x248c0000)
  to   space 512K,   0% used [0x248c0000, 0x248c0000, 0x24940000)
 tenured generation   total 10948K, used 9154K [0x29930000, 0x2a3e1000, 0x343e0000)
   the space 10948K,  83% used [0x29930000, 0x2a220830, 0x2a220a00, 0x2a3e1000)
 compacting perm gen  total 12288K, used 2565K [0x343e0000, 0x34fe0000, 0x383e0000)
   the space 12288K,  20% used [0x343e0000, 0x346617f8, 0x34661800, 0x34fe0000)
    ro space 10240K,  45% used [0x383e0000, 0x38865e50, 0x38866000, 0x38de0000)
    rw space 12288K,  54% used [0x38de0000, 0x39468f78, 0x39469000, 0x399e0000)
GC Heap History (10 events):
Event: 48.034 GC heap before
{Heap before GC invocations=270 (full 14):
 def new generation   total 4992K, used 4434K [0x243e0000, 0x24940000, 0x29930000)
  eden space 4480K,  98% used [0x243e0000, 0x2482a420, 0x24840000)
  from space 512K,   8% used [0x248c0000, 0x248ca440, 0x24940000)
  to   space 512K,   0% used [0x24840000, 0x24840000, 0x248c0000)
 tenured generation   total 10948K, used 8254K [0x29930000, 0x2a3e1000, 0x343e0000)
   the space 10948K,  75% used [0x29930000, 0x2a13f820, 0x2a13fa00, 0x2a3e1000)
 compacting perm gen  total 12288K, used 2563K [0x343e0000, 0x34fe0000, 0x383e0000)
   the space 12288K,  20% used [0x343e0000, 0x34660e90, 0x34661000, 0x34fe0000)
    ro space 10240K,  45% used [0x383e0000, 0x38865e50, 0x38866000, 0x38de0000)
    rw space 12288K,  54% used [0x38de0000, 0x39468f78, 0x39469000, 0x399e0000)
Event: 48.036 GC heap after
Heap after GC invocations=271 (full 14):
 def new generation   total 4992K, used 57K [0x243e0000, 0x24940000, 0x29930000)
  eden space 4480K,   0% used [0x243e0000, 0x243e0000, 0x24840000)
  from space 512K,  11% used [0x24840000, 0x2484e6d0, 0x248c0000)
  to   space 512K,   0% used [0x248c0000, 0x248c0000, 0x24940000)
 tenured generation   total 10948K, used 8254K [0x29930000, 0x2a3e1000, 0x343e0000)
   the space 10948K,  75% used [0x29930000, 0x2a13f820, 0x2a13fa00, 0x2a3e1000)
 compacting perm gen  total 12288K, used 2563K [0x343e0000, 0x34fe0000, 0x383e0000)
   the space 12288K,  20% used [0x343e0000, 0x34660e90, 0x34661000, 0x34fe0000)
    ro space 10240K,  45% used [0x383e0000, 0x38865e50, 0x38866000, 0x38de0000)
    rw space 12288K,  54% used [0x38de0000, 0x39468f78, 0x39469000, 0x399e0000)
}
Event: 48.352 GC heap before
{Heap before GC invocations=271 (full 14):
 def new generation   total 4992K, used 4257K [0x243e0000, 0x24940000, 0x29930000)
  eden space 4480K,  93% used [0x243e0000, 0x247f9f38, 0x24840000)
  from space 512K,  11% used [0x24840000, 0x2484e6d0, 0x248c0000)
  to   space 512K,   0% used [0x248c0000, 0x248c0000, 0x24940000)
 tenured generation   total 10948K, used 8254K [0x29930000, 0x2a3e1000, 0x343e0000)
   the space 10948K,  75% used [0x29930000, 0x2a13f820, 0x2a13fa00, 0x2a3e1000)
 compacting perm gen  total 12288K, used 2563K [0x343e0000, 0x34fe0000, 0x383e0000)
   the space 12288K,  20% used [0x343e0000, 0x34660ea0, 0x34661000, 0x34fe0000)
    ro space 10240K,  45% used [0x383e0000, 0x38865e50, 0x38866000, 0x38de0000)
    rw space 12288K,  54% used [0x38de0000, 0x39468f78, 0x39469000, 0x399e0000)
Event: 48.354 GC heap after
Heap after GC invocations=272 (full 14):
 def new generation   total 4992K, used 94K [0x243e0000, 0x24940000, 0x29930000)
  eden space 4480K,   0% used [0x243e0000, 0x243e0000, 0x24840000)
  from space 512K,  18% used [0x248c0000, 0x248d7b80, 0x24940000)
  to   space 512K,   0% used [0x24840000, 0x24840000, 0x248c0000)
 tenured generation   total 10948K, used 8254K [0x29930000, 0x2a3e1000, 0x343e0000)
   the space 10948K,  75% used [0x29930000, 0x2a13f820, 0x2a13fa00, 0x2a3e1000)
 compacting perm gen  total 12288K, used 2563K [0x343e0000, 0x34fe0000, 0x383e0000)
   the space 12288K,  20% used [0x343e0000, 0x34660ea0, 0x34661000, 0x34fe0000)
    ro space 10240K,  45% used [0x383e0000, 0x38865e50, 0x38866000, 0x38de0000)
    rw space 12288K,  54% used [0x38de0000, 0x39468f78, 0x39469000, 0x399e0000)
}
Event: 48.646 GC heap before
{Heap before GC invocations=272 (full 14):
 def new generation   total 4992K, used 3959K [0x243e0000, 0x24940000, 0x29930000)
  eden space 4480K,  86% used [0x243e0000, 0x247a60c0, 0x24840000)
  from space 512K,  18% used [0x248c0000, 0x248d7b80, 0x24940000)
  to   space 512K,   0% used [0x24840000, 0x24840000, 0x248c0000)
 tenured generation   total 10948K, used 8254K [0x29930000, 0x2a3e1000, 0x343e0000)
   the space 10948K,  75% used [0x29930000, 0x2a13f820, 0x2a13fa00, 0x2a3e1000)
 compacting perm gen  total 12288K, used 2563K [0x343e0000, 0x34fe0000, 0x383e0000)
   the space 12288K,  20% used [0x343e0000, 0x34660ea0, 0x34661000, 0x34fe0000)
    ro space 10240K,  45% used [0x383e0000, 0x38865e50, 0x38866000, 0x38de0000)
    rw space 12288K,  54% used [0x38de0000, 0x39468f78, 0x39469000, 0x399e0000)
Event: 48.648 GC heap after
Heap after GC invocations=273 (full 14):
 def new generation   total 4992K, used 101K [0x243e0000, 0x24940000, 0x29930000)
  eden space 4480K,   0% used [0x243e0000, 0x243e0000, 0x24840000)
  from space 512K,  19% used [0x24840000, 0x24859538, 0x248c0000)
  to   space 512K,   0% used [0x248c0000, 0x248c0000, 0x24940000)
 tenured generation   total 10948K, used 8254K [0x29930000, 0x2a3e1000, 0x343e0000)
   the space 10948K,  75% used [0x29930000, 0x2a13f820, 0x2a13fa00, 0x2a3e1000)
 compacting perm gen  total 12288K, used 2563K [0x343e0000, 0x34fe0000, 0x383e0000)
   the space 12288K,  20% used [0x343e0000, 0x34660ea0, 0x34661000, 0x34fe0000)
    ro space 10240K,  45% used [0x383e0000, 0x38865e50, 0x38866000, 0x38de0000)
    rw space 12288K,  54% used [0x38de0000, 0x39468f78, 0x39469000, 0x399e0000)
}
Event: 48.917 GC heap before
{Heap before GC invocations=273 (full 14):
 def new generation   total 4992K, used 4581K [0x243e0000, 0x24940000, 0x29930000)
  eden space 4480K,  99% used [0x243e0000, 0x2483fee0, 0x24840000)
  from space 512K,  19% used [0x24840000, 0x24859538, 0x248c0000)
  to   space 512K,   0% used [0x248c0000, 0x248c0000, 0x24940000)
 tenured generation   total 10948K, used 8254K [0x29930000, 0x2a3e1000, 0x343e0000)
   the space 10948K,  75% used [0x29930000, 0x2a13f820, 0x2a13fa00, 0x2a3e1000)
 compacting perm gen  total 12288K, used 2563K [0x343e0000, 0x34fe0000, 0x383e0000)
   the space 12288K,  20% used [0x343e0000, 0x34660eb0, 0x34661000, 0x34fe0000)
    ro space 10240K,  45% used [0x383e0000, 0x38865e50, 0x38866000, 0x38de0000)
    rw space 12288K,  54% used [0x38de0000, 0x39468f78, 0x39469000, 0x399e0000)
Event: 48.919 GC heap after
Heap after GC invocations=274 (full 14):
 def new generation   total 4992K, used 95K [0x243e0000, 0x24940000, 0x29930000)
  eden space 4480K,   0% used [0x243e0000, 0x243e0000, 0x24840000)
  from space 512K,  18% used [0x248c0000, 0x248d7c38, 0x24940000)
  to   space 512K,   0% used [0x24840000, 0x24840000, 0x248c0000)
 tenured generation   total 10948K, used 9154K [0x29930000, 0x2a3e1000, 0x343e0000)
   the space 10948K,  83% used [0x29930000, 0x2a220830, 0x2a220a00, 0x2a3e1000)
 compacting perm gen  total 12288K, used 2563K [0x343e0000, 0x34fe0000, 0x383e0000)
   the space 12288K,  20% used [0x343e0000, 0x34660eb0, 0x34661000, 0x34fe0000)
    ro space 10240K,  45% used [0x383e0000, 0x38865e50, 0x38866000, 0x38de0000)
    rw space 12288K,  54% used [0x38de0000, 0x39468f78, 0x39469000, 0x399e0000)
}
Event: 49.304 GC heap before
{Heap before GC invocations=274 (full 14):
 def new generation   total 4992K, used 4537K [0x243e0000, 0x24940000, 0x29930000)
  eden space 4480K,  99% used [0x243e0000, 0x248368a8, 0x24840000)
  from space 512K,  18% used [0x248c0000, 0x248d7c38, 0x24940000)
  to   space 512K,   0% used [0x24840000, 0x24840000, 0x248c0000)
 tenured generation   total 10948K, used 9154K [0x29930000, 0x2a3e1000, 0x343e0000)
   the space 10948K,  83% used [0x29930000, 0x2a220830, 0x2a220a00, 0x2a3e1000)
 compacting perm gen  total 12288K, used 2565K [0x343e0000, 0x34fe0000, 0x383e0000)
   the space 12288K,  20% used [0x343e0000, 0x346617f8, 0x34661800, 0x34fe0000)
    ro space 10240K,  45% used [0x383e0000, 0x38865e50, 0x38866000, 0x38de0000)
    rw space 12288K,  54% used [0x38de0000, 0x39468f78, 0x39469000, 0x399e0000)
Event: 49.306 GC heap after
Heap after GC invocations=275 (full 14):
 def new generation   total 4992K, used 106K [0x243e0000, 0x24940000, 0x29930000)
  eden space 4480K,   0% used [0x243e0000, 0x243e0000, 0x24840000)
  from space 512K,  20% used [0x24840000, 0x2485a9a0, 0x248c0000)
  to   space 512K,   0% used [0x248c0000, 0x248c0000, 0x24940000)
 tenured generation   total 10948K, used 9154K [0x29930000, 0x2a3e1000, 0x343e0000)
   the space 10948K,  83% used [0x29930000, 0x2a220830, 0x2a220a00, 0x2a3e1000)
 compacting perm gen  total 12288K, used 2565K [0x343e0000, 0x34fe0000, 0x383e0000)
   the space 12288K,  20% used [0x343e0000, 0x346617f8, 0x34661800, 0x34fe0000)
    ro space 10240K,  45% used [0x383e0000, 0x38865e50, 0x38866000, 0x38de0000)
    rw space 12288K,  54% used [0x38de0000, 0x39468f78, 0x39469000, 0x399e0000)
}

