# JRE version: 7.0_10-b18
# Java VM: Java HotSpot(TM) Client VM (23.6-b04 mixed mode, sharing windows-x86 )
Heap
 def new generation   total 4992K, used 1215K [0x243e0000, 0x24940000, 0x29930000)
  eden space 4480K,  20% used [0x243e0000, 0x244c5660, 0x24840000)
  from space 512K,  58% used [0x24840000, 0x2488a808, 0x248c0000)
  to   space 512K,   0% used [0x248c0000, 0x248c0000, 0x24940000)
 tenured generation   total 10948K, used 10045K [0x29930000, 0x2a3e1000, 0x343e0000)
   the space 10948K,  91% used [0x29930000, 0x2a2ff5a0, 0x2a2ff600, 0x2a3e1000)
 compacting perm gen  total 12288K, used 2560K [0x343e0000, 0x34fe0000, 0x383e0000)
   the space 12288K,  20% used [0x343e0000, 0x346600c8, 0x34660200, 0x34fe0000)
    ro space 10240K,  45% used [0x383e0000, 0x38865e50, 0x38866000, 0x38de0000)
    rw space 12288K,  54% used [0x38de0000, 0x39468f78, 0x39469000, 0x399e0000)
GC Heap History (10 events):
Event: 120.277 GC heap before
{Heap before GC invocations=835 (full 32):
 def new generation   total 4992K, used 4474K [0x243e0000, 0x24940000, 0x29930000)
  eden space 4480K,  96% used [0x243e0000, 0x248146b8, 0x24840000)
  from space 512K,  32% used [0x248c0000, 0x248ea360, 0x24940000)
  to   space 512K,   0% used [0x24840000, 0x24840000, 0x248c0000)
 tenured generation   total 10948K, used 10003K [0x29930000, 0x2a3e1000, 0x343e0000)
   the space 10948K,  91% used [0x29930000, 0x2a2f4d48, 0x2a2f4e00, 0x2a3e1000)
 compacting perm gen  total 12288K, used 2557K [0x343e0000, 0x34fe0000, 0x383e0000)
   the space 12288K,  20% used [0x343e0000, 0x3465f770, 0x3465f800, 0x34fe0000)
    ro space 10240K,  45% used [0x383e0000, 0x38865e50, 0x38866000, 0x38de0000)
    rw space 12288K,  54% used [0x38de0000, 0x39468f78, 0x39469000, 0x399e0000)
Event: 120.280 GC heap after
Heap after GC invocations=836 (full 32):
 def new generation   total 4992K, used 360K [0x243e0000, 0x24940000, 0x29930000)
  eden space 4480K,   0% used [0x243e0000, 0x243e0000, 0x24840000)
  from space 512K,  70% used [0x24840000, 0x2489a3b8, 0x248c0000)
  to   space 512K,   0% used [0x248c0000, 0x248c0000, 0x24940000)
 tenured generation   total 10948K, used 10003K [0x29930000, 0x2a3e1000, 0x343e0000)
   the space 10948K,  91% used [0x29930000, 0x2a2f4d48, 0x2a2f4e00, 0x2a3e1000)
 compacting perm gen  total 12288K, used 2557K [0x343e0000, 0x34fe0000, 0x383e0000)
   the space 12288K,  20% used [0x343e0000, 0x3465f770, 0x3465f800, 0x34fe0000)
    ro space 10240K,  45% used [0x383e0000, 0x38865e50, 0x38866000, 0x38de0000)
    rw space 12288K,  54% used [0x38de0000, 0x39468f78, 0x39469000, 0x399e0000)
}
Event: 120.553 GC heap before
{Heap before GC invocations=836 (full 32):
 def new generation   total 4992K, used 4561K [0x243e0000, 0x24940000, 0x29930000)
  eden space 4480K,  93% used [0x243e0000, 0x247fa2a8, 0x24840000)
  from space 512K,  70% used [0x24840000, 0x2489a3b8, 0x248c0000)
  to   space 512K,   0% used [0x248c0000, 0x248c0000, 0x24940000)
 tenured generation   total 10948K, used 10003K [0x29930000, 0x2a3e1000, 0x343e0000)
   the space 10948K,  91% used [0x29930000, 0x2a2f4d48, 0x2a2f4e00, 0x2a3e1000)
 compacting perm gen  total 12288K, used 2557K [0x343e0000, 0x34fe0000, 0x383e0000)
   the space 12288K,  20% used [0x343e0000, 0x3465f770, 0x3465f800, 0x34fe0000)
    ro space 10240K,  45% used [0x383e0000, 0x38865e50, 0x38866000, 0x38de0000)
    rw space 12288K,  54% used [0x38de0000, 0x39468f78, 0x39469000, 0x399e0000)
Event: 120.556 GC heap after
Heap after GC invocations=837 (full 32):
 def new generation   total 4992K, used 159K [0x243e0000, 0x24940000, 0x29930000)
  eden space 4480K,   0% used [0x243e0000, 0x243e0000, 0x24840000)
  from space 512K,  31% used [0x248c0000, 0x248e7f00, 0x24940000)
  to   space 512K,   0% used [0x24840000, 0x24840000, 0x248c0000)
 tenured generation   total 10948K, used 10045K [0x29930000, 0x2a3e1000, 0x343e0000)
   the space 10948K,  91% used [0x29930000, 0x2a2ff5a0, 0x2a2ff600, 0x2a3e1000)
 compacting perm gen  total 12288K, used 2557K [0x343e0000, 0x34fe0000, 0x383e0000)
   the space 12288K,  20% used [0x343e0000, 0x3465f770, 0x3465f800, 0x34fe0000)
    ro space 10240K,  45% used [0x383e0000, 0x38865e50, 0x38866000, 0x38de0000)
    rw space 12288K,  54% used [0x38de0000, 0x39468f78, 0x39469000, 0x399e0000)
}
Event: 120.717 GC heap before
{Heap before GC invocations=837 (full 32):
 def new generation   total 4992K, used 4487K [0x243e0000, 0x24940000, 0x29930000)
  eden space 4480K,  96% used [0x243e0000, 0x2481a0f0, 0x24840000)
  from space 512K,  31% used [0x248c0000, 0x248e7f00, 0x24940000)
  to   space 512K,   0% used [0x24840000, 0x24840000, 0x248c0000)
 tenured generation   total 10948K, used 10045K [0x29930000, 0x2a3e1000, 0x343e0000)
   the space 10948K,  91% used [0x29930000, 0x2a2ff5a0, 0x2a2ff600, 0x2a3e1000)
 compacting perm gen  total 12288K, used 2557K [0x343e0000, 0x34fe0000, 0x383e0000)
   the space 12288K,  20% used [0x343e0000, 0x3465f770, 0x3465f800, 0x34fe0000)
    ro space 10240K,  45% used [0x383e0000, 0x38865e50, 0x38866000, 0x38de0000)
    rw space 12288K,  54% used [0x38de0000, 0x39468f78, 0x39469000, 0x399e0000)
Event: 120.719 GC heap after
Heap after GC invocations=838 (full 32):
 def new generation   total 4992K, used 123K [0x243e0000, 0x24940000, 0x29930000)
  eden space 4480K,   0% used [0x243e0000, 0x243e0000, 0x24840000)
  from space 512K,  24% used [0x24840000, 0x2485ee50, 0x248c0000)
  to   space 512K,   0% used [0x248c0000, 0x248c0000, 0x24940000)
 tenured generation   total 10948K, used 10045K [0x29930000, 0x2a3e1000, 0x343e0000)
   the space 10948K,  91% used [0x29930000, 0x2a2ff5a0, 0x2a2ff600, 0x2a3e1000)
 compacting perm gen  total 12288K, used 2557K [0x343e0000, 0x34fe0000, 0x383e0000)
   the space 12288K,  20% used [0x343e0000, 0x3465f770, 0x3465f800, 0x34fe0000)
    ro space 10240K,  45% used [0x383e0000, 0x38865e50, 0x38866000, 0x38de0000)
    rw space 12288K,  54% used [0x38de0000, 0x39468f78, 0x39469000, 0x399e0000)
}
Event: 120.959 GC heap before
{Heap before GC invocations=838 (full 32):
 def new generation   total 4992K, used 4023K [0x243e0000, 0x24940000, 0x29930000)
  eden space 4480K,  87% used [0x243e0000, 0x247aee78, 0x24840000)
  from space 512K,  24% used [0x24840000, 0x2485ee50, 0x248c0000)
  to   space 512K,   0% used [0x248c0000, 0x248c0000, 0x24940000)
 tenured generation   total 10948K, used 10045K [0x29930000, 0x2a3e1000, 0x343e0000)
   the space 10948K,  91% used [0x29930000, 0x2a2ff5a0, 0x2a2ff600, 0x2a3e1000)
 compacting perm gen  total 12288K, used 2557K [0x343e0000, 0x34fe0000, 0x383e0000)
   the space 12288K,  20% used [0x343e0000, 0x3465f770, 0x3465f800, 0x34fe0000)
    ro space 10240K,  45% used [0x383e0000, 0x38865e50, 0x38866000, 0x38de0000)
    rw space 12288K,  54% used [0x38de0000, 0x39468f78, 0x39469000, 0x399e0000)
Event: 120.961 GC heap after
Heap after GC invocations=839 (full 32):
 def new generation   total 4992K, used 147K [0x243e0000, 0x24940000, 0x29930000)
  eden space 4480K,   0% used [0x243e0000, 0x243e0000, 0x24840000)
  from space 512K,  28% used [0x248c0000, 0x248e4db0, 0x24940000)
  to   space 512K,   0% used [0x24840000, 0x24840000, 0x248c0000)
 tenured generation   total 10948K, used 10045K [0x29930000, 0x2a3e1000, 0x343e0000)
   the space 10948K,  91% used [0x29930000, 0x2a2ff5a0, 0x2a2ff600, 0x2a3e1000)
 compacting perm gen  total 12288K, used 2557K [0x343e0000, 0x34fe0000, 0x383e0000)
   the space 12288K,  20% used [0x343e0000, 0x3465f770, 0x3465f800, 0x34fe0000)
    ro space 10240K,  45% used [0x383e0000, 0x38865e50, 0x38866000, 0x38de0000)
    rw space 12288K,  54% used [0x38de0000, 0x39468f78, 0x39469000, 0x399e0000)
}
Event: 121.481 GC heap before
{Heap before GC invocations=839 (full 32):
 def new generation   total 4992K, used 3973K [0x243e0000, 0x24940000, 0x29930000)
  eden space 4480K,  85% used [0x243e0000, 0x2479c858, 0x24840000)
  from space 512K,  28% used [0x248c0000, 0x248e4db0, 0x24940000)
  to   space 512K,   0% used [0x24840000, 0x24840000, 0x248c0000)
 tenured generation   total 10948K, used 10045K [0x29930000, 0x2a3e1000, 0x343e0000)
   the space 10948K,  91% used [0x29930000, 0x2a2ff5a0, 0x2a2ff600, 0x2a3e1000)
 compacting perm gen  total 12288K, used 2560K [0x343e0000, 0x34fe0000, 0x383e0000)
   the space 12288K,  20% used [0x343e0000, 0x346600b8, 0x34660200, 0x34fe0000)
    ro space 10240K,  45% used [0x383e0000, 0x38865e50, 0x38866000, 0x38de0000)
    rw space 12288K,  54% used [0x38de0000, 0x39468f78, 0x39469000, 0x399e0000)
Event: 121.483 GC heap after
Heap after GC invocations=840 (full 32):
 def new generation   total 4992K, used 298K [0x243e0000, 0x24940000, 0x29930000)
  eden space 4480K,   0% used [0x243e0000, 0x243e0000, 0x24840000)
  from space 512K,  58% used [0x24840000, 0x2488a808, 0x248c0000)
  to   space 512K,   0% used [0x248c0000, 0x248c0000, 0x24940000)
 tenured generation   total 10948K, used 10045K [0x29930000, 0x2a3e1000, 0x343e0000)
   the space 10948K,  91% used [0x29930000, 0x2a2ff5a0, 0x2a2ff600, 0x2a3e1000)
 compacting perm gen  total 12288K, used 2560K [0x343e0000, 0x34fe0000, 0x383e0000)
   the space 12288K,  20% used [0x343e0000, 0x346600b8, 0x34660200, 0x34fe0000)
    ro space 10240K,  45% used [0x383e0000, 0x38865e50, 0x38866000, 0x38de0000)
    rw space 12288K,  54% used [0x38de0000, 0x39468f78, 0x39469000, 0x399e0000)
}

