# JRE version: 7.0_10-b18
# Java VM: Java HotSpot(TM) Client VM (23.6-b04 mixed mode, sharing windows-x86 )
Heap
 def new generation   total 4992K, used 1877K [0x243e0000, 0x24940000, 0x29930000)
  eden space 4480K,  40% used [0x243e0000, 0x245a90f8, 0x24840000)
  from space 512K,   9% used [0x248c0000, 0x248cc370, 0x24940000)
  to   space 512K,   0% used [0x24840000, 0x24840000, 0x248c0000)
 tenured generation   total 10948K, used 3770K [0x29930000, 0x2a3e1000, 0x343e0000)
   the space 10948K,  34% used [0x29930000, 0x29cde808, 0x29cdea00, 0x2a3e1000)
 compacting perm gen  total 12288K, used 2594K [0x343e0000, 0x34fe0000, 0x383e0000)
   the space 12288K,  21% used [0x343e0000, 0x34668aa8, 0x34668c00, 0x34fe0000)
    ro space 10240K,  45% used [0x383e0000, 0x38865e50, 0x38866000, 0x38de0000)
    rw space 12288K,  54% used [0x38de0000, 0x39468f78, 0x39469000, 0x399e0000)
GC Heap History (10 events):
Event: 55.869 GC heap before
{Heap before GC invocations=234 (full 12):
 def new generation   total 4992K, used 3705K [0x243e0000, 0x24940000, 0x29930000)
  eden space 4480K,  81% used [0x243e0000, 0x24772230, 0x24840000)
  from space 512K,   9% used [0x24840000, 0x2484c3a0, 0x248c0000)
  to   space 512K,   0% used [0x248c0000, 0x248c0000, 0x24940000)
 tenured generation   total 10948K, used 3770K [0x29930000, 0x2a3e1000, 0x343e0000)
   the space 10948K,  34% used [0x29930000, 0x29cde808, 0x29cdea00, 0x2a3e1000)
 compacting perm gen  total 12288K, used 2594K [0x343e0000, 0x34fe0000, 0x383e0000)
   the space 12288K,  21% used [0x343e0000, 0x34668aa8, 0x34668c00, 0x34fe0000)
    ro space 10240K,  45% used [0x383e0000, 0x38865e50, 0x38866000, 0x38de0000)
    rw space 12288K,  54% used [0x38de0000, 0x39468f78, 0x39469000, 0x399e0000)
Event: 55.871 GC heap after
Heap after GC invocations=235 (full 12):
 def new generation   total 4992K, used 48K [0x243e0000, 0x24940000, 0x29930000)
  eden space 4480K,   0% used [0x243e0000, 0x243e0000, 0x24840000)
  from space 512K,   9% used [0x248c0000, 0x248cc2d8, 0x24940000)
  to   space 512K,   0% used [0x24840000, 0x24840000, 0x248c0000)
 tenured generation   total 10948K, used 3770K [0x29930000, 0x2a3e1000, 0x343e0000)
   the space 10948K,  34% used [0x29930000, 0x29cde808, 0x29cdea00, 0x2a3e1000)
 compacting perm gen  total 12288K, used 2594K [0x343e0000, 0x34fe0000, 0x383e0000)
   the space 12288K,  21% used [0x343e0000, 0x34668aa8, 0x34668c00, 0x34fe0000)
    ro space 10240K,  45% used [0x383e0000, 0x38865e50, 0x38866000, 0x38de0000)
    rw space 12288K,  54% used [0x38de0000, 0x39468f78, 0x39469000, 0x399e0000)
}
Event: 55.995 GC heap before
{Heap before GC invocations=235 (full 12):
 def new generation   total 4992K, used 3751K [0x243e0000, 0x24940000, 0x29930000)
  eden space 4480K,  82% used [0x243e0000, 0x2477dc30, 0x24840000)
  from space 512K,   9% used [0x248c0000, 0x248cc2d8, 0x24940000)
  to   space 512K,   0% used [0x24840000, 0x24840000, 0x248c0000)
 tenured generation   total 10948K, used 3770K [0x29930000, 0x2a3e1000, 0x343e0000)
   the space 10948K,  34% used [0x29930000, 0x29cde808, 0x29cdea00, 0x2a3e1000)
 compacting perm gen  total 12288K, used 2594K [0x343e0000, 0x34fe0000, 0x383e0000)
   the space 12288K,  21% used [0x343e0000, 0x34668aa8, 0x34668c00, 0x34fe0000)
    ro space 10240K,  45% used [0x383e0000, 0x38865e50, 0x38866000, 0x38de0000)
    rw space 12288K,  54% used [0x38de0000, 0x39468f78, 0x39469000, 0x399e0000)
Event: 55.997 GC heap after
Heap after GC invocations=236 (full 12):
 def new generation   total 4992K, used 6K [0x243e0000, 0x24940000, 0x29930000)
  eden space 4480K,   0% used [0x243e0000, 0x243e0000, 0x24840000)
  from space 512K,   1% used [0x24840000, 0x24841a48, 0x248c0000)
  to   space 512K,   0% used [0x248c0000, 0x248c0000, 0x24940000)
 tenured generation   total 10948K, used 3770K [0x29930000, 0x2a3e1000, 0x343e0000)
   the space 10948K,  34% used [0x29930000, 0x29cde808, 0x29cdea00, 0x2a3e1000)
 compacting perm gen  total 12288K, used 2594K [0x343e0000, 0x34fe0000, 0x383e0000)
   the space 12288K,  21% used [0x343e0000, 0x34668aa8, 0x34668c00, 0x34fe0000)
    ro space 10240K,  45% used [0x383e0000, 0x38865e50, 0x38866000, 0x38de0000)
    rw space 12288K,  54% used [0x38de0000, 0x39468f78, 0x39469000, 0x399e0000)
}
Event: 56.173 GC heap before
{Heap before GC invocations=236 (full 12):
 def new generation   total 4992K, used 3717K [0x243e0000, 0x24940000, 0x29930000)
  eden space 4480K,  82% used [0x243e0000, 0x2477fac8, 0x24840000)
  from space 512K,   1% used [0x24840000, 0x24841a48, 0x248c0000)
  to   space 512K,   0% used [0x248c0000, 0x248c0000, 0x24940000)
 tenured generation   total 10948K, used 3770K [0x29930000, 0x2a3e1000, 0x343e0000)
   the space 10948K,  34% used [0x29930000, 0x29cde808, 0x29cdea00, 0x2a3e1000)
 compacting perm gen  total 12288K, used 2594K [0x343e0000, 0x34fe0000, 0x383e0000)
   the space 12288K,  21% used [0x343e0000, 0x34668aa8, 0x34668c00, 0x34fe0000)
    ro space 10240K,  45% used [0x383e0000, 0x38865e50, 0x38866000, 0x38de0000)
    rw space 12288K,  54% used [0x38de0000, 0x39468f78, 0x39469000, 0x399e0000)
Event: 56.174 GC heap after
Heap after GC invocations=237 (full 12):
 def new generation   total 4992K, used 48K [0x243e0000, 0x24940000, 0x29930000)
  eden space 4480K,   0% used [0x243e0000, 0x243e0000, 0x24840000)
  from space 512K,   9% used [0x248c0000, 0x248cc060, 0x24940000)
  to   space 512K,   0% used [0x24840000, 0x24840000, 0x248c0000)
 tenured generation   total 10948K, used 3770K [0x29930000, 0x2a3e1000, 0x343e0000)
   the space 10948K,  34% used [0x29930000, 0x29cde808, 0x29cdea00, 0x2a3e1000)
 compacting perm gen  total 12288K, used 2594K [0x343e0000, 0x34fe0000, 0x383e0000)
   the space 12288K,  21% used [0x343e0000, 0x34668aa8, 0x34668c00, 0x34fe0000)
    ro space 10240K,  45% used [0x383e0000, 0x38865e50, 0x38866000, 0x38de0000)
    rw space 12288K,  54% used [0x38de0000, 0x39468f78, 0x39469000, 0x399e0000)
}
Event: 56.365 GC heap before
{Heap before GC invocations=237 (full 12):
 def new generation   total 4992K, used 3723K [0x243e0000, 0x24940000, 0x29930000)
  eden space 4480K,  82% used [0x243e0000, 0x24776d10, 0x24840000)
  from space 512K,   9% used [0x248c0000, 0x248cc060, 0x24940000)
  to   space 512K,   0% used [0x24840000, 0x24840000, 0x248c0000)
 tenured generation   total 10948K, used 3770K [0x29930000, 0x2a3e1000, 0x343e0000)
   the space 10948K,  34% used [0x29930000, 0x29cde808, 0x29cdea00, 0x2a3e1000)
 compacting perm gen  total 12288K, used 2594K [0x343e0000, 0x34fe0000, 0x383e0000)
   the space 12288K,  21% used [0x343e0000, 0x34668aa8, 0x34668c00, 0x34fe0000)
    ro space 10240K,  45% used [0x383e0000, 0x38865e50, 0x38866000, 0x38de0000)
    rw space 12288K,  54% used [0x38de0000, 0x39468f78, 0x39469000, 0x399e0000)
Event: 56.366 GC heap after
Heap after GC invocations=238 (full 12):
 def new generation   total 4992K, used 63K [0x243e0000, 0x24940000, 0x29930000)
  eden space 4480K,   0% used [0x243e0000, 0x243e0000, 0x24840000)
  from space 512K,  12% used [0x24840000, 0x2484fde8, 0x248c0000)
  to   space 512K,   0% used [0x248c0000, 0x248c0000, 0x24940000)
 tenured generation   total 10948K, used 3770K [0x29930000, 0x2a3e1000, 0x343e0000)
   the space 10948K,  34% used [0x29930000, 0x29cde808, 0x29cdea00, 0x2a3e1000)
 compacting perm gen  total 12288K, used 2594K [0x343e0000, 0x34fe0000, 0x383e0000)
   the space 12288K,  21% used [0x343e0000, 0x34668aa8, 0x34668c00, 0x34fe0000)
    ro space 10240K,  45% used [0x383e0000, 0x38865e50, 0x38866000, 0x38de0000)
    rw space 12288K,  54% used [0x38de0000, 0x39468f78, 0x39469000, 0x399e0000)
}
Event: 56.469 GC heap before
{Heap before GC invocations=238 (full 12):
 def new generation   total 4992K, used 3925K [0x243e0000, 0x24940000, 0x29930000)
  eden space 4480K,  86% used [0x243e0000, 0x247a5768, 0x24840000)
  from space 512K,  12% used [0x24840000, 0x2484fde8, 0x248c0000)
  to   space 512K,   0% used [0x248c0000, 0x248c0000, 0x24940000)
 tenured generation   total 10948K, used 3770K [0x29930000, 0x2a3e1000, 0x343e0000)
   the space 10948K,  34% used [0x29930000, 0x29cde808, 0x29cdea00, 0x2a3e1000)
 compacting perm gen  total 12288K, used 2594K [0x343e0000, 0x34fe0000, 0x383e0000)
   the space 12288K,  21% used [0x343e0000, 0x34668aa8, 0x34668c00, 0x34fe0000)
    ro space 10240K,  45% used [0x383e0000, 0x38865e50, 0x38866000, 0x38de0000)
    rw space 12288K,  54% used [0x38de0000, 0x39468f78, 0x39469000, 0x399e0000)
Event: 56.471 GC heap after
Heap after GC invocations=239 (full 12):
 def new generation   total 4992K, used 48K [0x243e0000, 0x24940000, 0x29930000)
  eden space 4480K,   0% used [0x243e0000, 0x243e0000, 0x24840000)
  from space 512K,   9% used [0x248c0000, 0x248cc370, 0x24940000)
  to   space 512K,   0% used [0x24840000, 0x24840000, 0x248c0000)
 tenured generation   total 10948K, used 3770K [0x29930000, 0x2a3e1000, 0x343e0000)
   the space 10948K,  34% used [0x29930000, 0x29cde808, 0x29cdea00, 0x2a3e1000)
 compacting perm gen  total 12288K, used 2594K [0x343e0000, 0x34fe0000, 0x383e0000)
   the space 12288K,  21% used [0x343e0000, 0x34668aa8, 0x34668c00, 0x34fe0000)
    ro space 10240K,  45% used [0x383e0000, 0x38865e50, 0x38866000, 0x38de0000)
    rw space 12288K,  54% used [0x38de0000, 0x39468f78, 0x39469000, 0x399e0000)
}

