# JRE version: 7.0_10-b18
# Java VM: Java HotSpot(TM) Client VM (23.6-b04 mixed mode, sharing windows-x86 )
Heap
 def new generation   total 9344K, used 4138K [0x243e0000, 0x24e00000, 0x29930000)
  eden space 8320K,  49% used [0x243e0000, 0x247ea8e8, 0x24c00000)
  from space 1024K,   0% used [0x24c00000, 0x24c00000, 0x24d00000)
  to   space 1024K,   0% used [0x24d00000, 0x24d00000, 0x24e00000)
 tenured generation   total 20676K, used 6201K [0x29930000, 0x2ad61000, 0x343e0000)
   the space 20676K,  29% used [0x29930000, 0x29f3e6f0, 0x29f3e800, 0x2ad61000)
 compacting perm gen  total 12288K, used 2573K [0x343e0000, 0x34fe0000, 0x383e0000)
   the space 12288K,  20% used [0x343e0000, 0x34663668, 0x34663800, 0x34fe0000)
    ro space 10240K,  45% used [0x383e0000, 0x38865e50, 0x38866000, 0x38de0000)
    rw space 12288K,  54% used [0x38de0000, 0x39468f78, 0x39469000, 0x399e0000)
GC Heap History (10 events):
Event: 49.817 GC heap before
{Heap before GC invocations=277 (full 25):
 def new generation   total 8768K, used 7879K [0x243e0000, 0x24d60000, 0x29930000)
  eden space 7808K,  88% used [0x243e0000, 0x24aa1ce8, 0x24b80000)
  from space 960K, 100% used [0x24b80000, 0x24c70000, 0x24c70000)
  to   space 960K,   0% used [0x24c70000, 0x24c70000, 0x24d60000)
 tenured generation   total 19356K, used 19133K [0x29930000, 0x2ac17000, 0x343e0000)
   the space 19356K,  98% used [0x29930000, 0x2abdf6a8, 0x2abdf800, 0x2ac17000)
 compacting perm gen  total 12288K, used 2570K [0x343e0000, 0x34fe0000, 0x383e0000)
   the space 12288K,  20% used [0x343e0000, 0x34662888, 0x34662a00, 0x34fe0000)
    ro space 10240K,  45% used [0x383e0000, 0x38865e50, 0x38866000, 0x38de0000)
    rw space 12288K,  54% used [0x38de0000, 0x39468f78, 0x39469000, 0x399e0000)
Event: 49.819 GC heap after
Heap after GC invocations=278 (full 25):
 def new generation   total 8768K, used 103K [0x243e0000, 0x24d60000, 0x29930000)
  eden space 7808K,   0% used [0x243e0000, 0x243e0000, 0x24b80000)
  from space 960K,  10% used [0x24c70000, 0x24c89e58, 0x24d60000)
  to   space 960K,   0% used [0x24b80000, 0x24b80000, 0x24c70000)
 tenured generation   total 19356K, used 19133K [0x29930000, 0x2ac17000, 0x343e0000)
   the space 19356K,  98% used [0x29930000, 0x2abdf720, 0x2abdf800, 0x2ac17000)
 compacting perm gen  total 12288K, used 2570K [0x343e0000, 0x34fe0000, 0x383e0000)
   the space 12288K,  20% used [0x343e0000, 0x34662888, 0x34662a00, 0x34fe0000)
    ro space 10240K,  45% used [0x383e0000, 0x38865e50, 0x38866000, 0x38de0000)
    rw space 12288K,  54% used [0x38de0000, 0x39468f78, 0x39469000, 0x399e0000)
}
Event: 50.073 GC heap before
{Heap before GC invocations=278 (full 25):
 def new generation   total 8768K, used 7868K [0x243e0000, 0x24d60000, 0x29930000)
  eden space 7808K,  99% used [0x243e0000, 0x24b75438, 0x24b80000)
  from space 960K,  10% used [0x24c70000, 0x24c89e58, 0x24d60000)
  to   space 960K,   0% used [0x24b80000, 0x24b80000, 0x24c70000)
 tenured generation   total 19356K, used 19133K [0x29930000, 0x2ac17000, 0x343e0000)
   the space 19356K,  98% used [0x29930000, 0x2abdf720, 0x2abdf800, 0x2ac17000)
 compacting perm gen  total 12288K, used 2570K [0x343e0000, 0x34fe0000, 0x383e0000)
   the space 12288K,  20% used [0x343e0000, 0x34662888, 0x34662a00, 0x34fe0000)
    ro space 10240K,  45% used [0x383e0000, 0x38865e50, 0x38866000, 0x38de0000)
    rw space 12288K,  54% used [0x38de0000, 0x39468f78, 0x39469000, 0x399e0000)
Event: 50.076 GC heap after
Heap after GC invocations=279 (full 25):
 def new generation   total 8768K, used 133K [0x243e0000, 0x24d60000, 0x29930000)
  eden space 7808K,   0% used [0x243e0000, 0x243e0000, 0x24b80000)
  from space 960K,  13% used [0x24b80000, 0x24ba17f8, 0x24c70000)
  to   space 960K,   0% used [0x24c70000, 0x24c70000, 0x24d60000)
 tenured generation   total 19356K, used 19133K [0x29930000, 0x2ac17000, 0x343e0000)
   the space 19356K,  98% used [0x29930000, 0x2abdf720, 0x2abdf800, 0x2ac17000)
 compacting perm gen  total 12288K, used 2570K [0x343e0000, 0x34fe0000, 0x383e0000)
   the space 12288K,  20% used [0x343e0000, 0x34662888, 0x34662a00, 0x34fe0000)
    ro space 10240K,  45% used [0x383e0000, 0x38865e50, 0x38866000, 0x38de0000)
    rw space 12288K,  54% used [0x38de0000, 0x39468f78, 0x39469000, 0x399e0000)
}
Event: 50.260 GC heap before
{Heap before GC invocations=279 (full 25):
 def new generation   total 8768K, used 7942K [0x243e0000, 0x24d60000, 0x29930000)
  eden space 7808K,  99% used [0x243e0000, 0x24b7f290, 0x24b80000)
  from space 960K,  14% used [0x24b80000, 0x24ba2708, 0x24c70000)
  to   space 960K,   0% used [0x24c70000, 0x24c70000, 0x24d60000)
 tenured generation   total 19356K, used 19133K [0x29930000, 0x2ac17000, 0x343e0000)
   the space 19356K,  98% used [0x29930000, 0x2abdf720, 0x2abdf800, 0x2ac17000)
 compacting perm gen  total 12288K, used 2570K [0x343e0000, 0x34fe0000, 0x383e0000)
   the space 12288K,  20% used [0x343e0000, 0x34662888, 0x34662a00, 0x34fe0000)
    ro space 10240K,  45% used [0x383e0000, 0x38865e50, 0x38866000, 0x38de0000)
    rw space 12288K,  54% used [0x38de0000, 0x39468f78, 0x39469000, 0x399e0000)
Event: 50.267 GC heap after
Heap after GC invocations=280 (full 25):
 def new generation   total 8768K, used 960K [0x243e0000, 0x24d60000, 0x29930000)
  eden space 7808K,   0% used [0x243e0000, 0x243e0000, 0x24b80000)
  from space 960K, 100% used [0x24c70000, 0x24d60000, 0x24d60000)
  to   space 960K,   0% used [0x24b80000, 0x24b80000, 0x24c70000)
 tenured generation   total 22960K, used 22743K [0x29930000, 0x2af9c000, 0x343e0000)
   the space 22960K,  99% used [0x29930000, 0x2af65e10, 0x2af66000, 0x2af9c000)
 compacting perm gen  total 12288K, used 2570K [0x343e0000, 0x34fe0000, 0x383e0000)
   the space 12288K,  20% used [0x343e0000, 0x34662888, 0x34662a00, 0x34fe0000)
    ro space 10240K,  45% used [0x383e0000, 0x38865e50, 0x38866000, 0x38de0000)
    rw space 12288K,  54% used [0x38de0000, 0x39468f78, 0x39469000, 0x399e0000)
}
Event: 50.684 GC heap before
{Heap before GC invocations=280 (full 25):
 def new generation   total 8768K, used 6974K [0x243e0000, 0x24d60000, 0x29930000)
  eden space 7808K,  77% used [0x243e0000, 0x249bf9d0, 0x24b80000)
  from space 960K, 100% used [0x24c70000, 0x24d60000, 0x24d60000)
  to   space 960K,   0% used [0x24b80000, 0x24b80000, 0x24c70000)
 tenured generation   total 22960K, used 22743K [0x29930000, 0x2af9c000, 0x343e0000)
   the space 22960K,  99% used [0x29930000, 0x2af65e10, 0x2af66000, 0x2af9c000)
 compacting perm gen  total 12288K, used 2570K [0x343e0000, 0x34fe0000, 0x383e0000)
   the space 12288K,  20% used [0x343e0000, 0x34662888, 0x34662a00, 0x34fe0000)
    ro space 10240K,  45% used [0x383e0000, 0x38865e50, 0x38866000, 0x38de0000)
    rw space 12288K,  54% used [0x38de0000, 0x39468f78, 0x39469000, 0x399e0000)
Event: 50.687 GC heap after
Heap after GC invocations=281 (full 25):
 def new generation   total 8768K, used 257K [0x243e0000, 0x24d60000, 0x29930000)
  eden space 7808K,   0% used [0x243e0000, 0x243e0000, 0x24b80000)
  from space 960K,  26% used [0x24b80000, 0x24bc04f0, 0x24c70000)
  to   space 960K,   0% used [0x24c70000, 0x24c70000, 0x24d60000)
 tenured generation   total 22960K, used 22744K [0x29930000, 0x2af9c000, 0x343e0000)
   the space 22960K,  99% used [0x29930000, 0x2af66240, 0x2af66400, 0x2af9c000)
 compacting perm gen  total 12288K, used 2570K [0x343e0000, 0x34fe0000, 0x383e0000)
   the space 12288K,  20% used [0x343e0000, 0x34662888, 0x34662a00, 0x34fe0000)
    ro space 10240K,  45% used [0x383e0000, 0x38865e50, 0x38866000, 0x38de0000)
    rw space 12288K,  54% used [0x38de0000, 0x39468f78, 0x39469000, 0x399e0000)
}
Event: 50.876 GC heap before
{Heap before GC invocations=281 (full 25):
 def new generation   total 8768K, used 8063K [0x243e0000, 0x24d60000, 0x29930000)
  eden space 7808K,  99% used [0x243e0000, 0x24b7f848, 0x24b80000)
  from space 960K,  26% used [0x24b80000, 0x24bc04f0, 0x24c70000)
  to   space 960K,   0% used [0x24c70000, 0x24c70000, 0x24d60000)
 tenured generation   total 22960K, used 22744K [0x29930000, 0x2af9c000, 0x343e0000)
   the space 22960K,  99% used [0x29930000, 0x2af66240, 0x2af66400, 0x2af9c000)
 compacting perm gen  total 12288K, used 2570K [0x343e0000, 0x34fe0000, 0x383e0000)
   the space 12288K,  20% used [0x343e0000, 0x34662888, 0x34662a00, 0x34fe0000)
    ro space 10240K,  45% used [0x383e0000, 0x38865e50, 0x38866000, 0x38de0000)
    rw space 12288K,  54% used [0x38de0000, 0x39468f78, 0x39469000, 0x399e0000)
Event: 50.949 GC heap after
Heap after GC invocations=282 (full 26):
 def new generation   total 9344K, used 0K [0x243e0000, 0x24e00000, 0x29930000)
  eden space 8320K,   0% used [0x243e0000, 0x243e0000, 0x24c00000)
  from space 1024K,   0% used [0x24c00000, 0x24c00000, 0x24d00000)
  to   space 1024K,   0% used [0x24d00000, 0x24d00000, 0x24e00000)
 tenured generation   total 20676K, used 6201K [0x29930000, 0x2ad61000, 0x343e0000)
   the space 20676K,  29% used [0x29930000, 0x29f3e6f0, 0x29f3e800, 0x2ad61000)
 compacting perm gen  total 12288K, used 2570K [0x343e0000, 0x34fe0000, 0x383e0000)
   the space 12288K,  20% used [0x343e0000, 0x34662888, 0x34662a00, 0x34fe0000)
    ro space 10240K,  45% used [0x383e0000, 0x38865e50, 0x38866000, 0x38de0000)
    rw space 12288K,  54% used [0x38de0000, 0x39468f78, 0x39469000, 0x399e0000)
}

