# JRE version: 7.0_10-b18
# Java VM: Java HotSpot(TM) Client VM (23.6-b04 mixed mode, sharing windows-x86 )
Heap
 def new generation   total 4992K, used 1828K [0x243e0000, 0x24940000, 0x29930000)
  eden space 4480K,  38% used [0x243e0000, 0x245927a0, 0x24840000)
  from space 512K,  17% used [0x248c0000, 0x248d69c0, 0x24940000)
  to   space 512K,   0% used [0x24840000, 0x24840000, 0x248c0000)
 tenured generation   total 10948K, used 3333K [0x29930000, 0x2a3e1000, 0x343e0000)
   the space 10948K,  30% used [0x29930000, 0x29c714e0, 0x29c71600, 0x2a3e1000)
 compacting perm gen  total 12288K, used 2595K [0x343e0000, 0x34fe0000, 0x383e0000)
   the space 12288K,  21% used [0x343e0000, 0x34668e98, 0x34669000, 0x34fe0000)
    ro space 10240K,  45% used [0x383e0000, 0x38865e50, 0x38866000, 0x38de0000)
    rw space 12288K,  54% used [0x38de0000, 0x39468f78, 0x39469000, 0x399e0000)
GC Heap History (10 events):
Event: 128.235 GC heap before
{Heap before GC invocations=928 (full 34):
 def new generation   total 4992K, used 4480K [0x243e0000, 0x24940000, 0x29930000)
  eden space 4480K, 100% used [0x243e0000, 0x24840000, 0x24840000)
  from space 512K,   0% used [0x24840000, 0x24840000, 0x248c0000)
  to   space 512K,   0% used [0x248c0000, 0x248c0000, 0x24940000)
 tenured generation   total 10948K, used 1931K [0x29930000, 0x2a3e1000, 0x343e0000)
   the space 10948K,  17% used [0x29930000, 0x29b12df0, 0x29b12e00, 0x2a3e1000)
 compacting perm gen  total 12288K, used 2593K [0x343e0000, 0x34fe0000, 0x383e0000)
   the space 12288K,  21% used [0x343e0000, 0x34668540, 0x34668600, 0x34fe0000)
    ro space 10240K,  45% used [0x383e0000, 0x38865e50, 0x38866000, 0x38de0000)
    rw space 12288K,  54% used [0x38de0000, 0x39468f78, 0x39469000, 0x399e0000)
Event: 128.238 GC heap after
Heap after GC invocations=929 (full 34):
 def new generation   total 4992K, used 512K [0x243e0000, 0x24940000, 0x29930000)
  eden space 4480K,   0% used [0x243e0000, 0x243e0000, 0x24840000)
  from space 512K, 100% used [0x248c0000, 0x24940000, 0x24940000)
  to   space 512K,   0% used [0x24840000, 0x24840000, 0x248c0000)
 tenured generation   total 10948K, used 2657K [0x29930000, 0x2a3e1000, 0x343e0000)
   the space 10948K,  24% used [0x29930000, 0x29bc85d0, 0x29bc8600, 0x2a3e1000)
 compacting perm gen  total 12288K, used 2593K [0x343e0000, 0x34fe0000, 0x383e0000)
   the space 12288K,  21% used [0x343e0000, 0x34668540, 0x34668600, 0x34fe0000)
    ro space 10240K,  45% used [0x383e0000, 0x38865e50, 0x38866000, 0x38de0000)
    rw space 12288K,  54% used [0x38de0000, 0x39468f78, 0x39469000, 0x399e0000)
}
Event: 128.382 GC heap before
{Heap before GC invocations=929 (full 34):
 def new generation   total 4992K, used 4776K [0x243e0000, 0x24940000, 0x29930000)
  eden space 4480K,  95% used [0x243e0000, 0x2480a2f0, 0x24840000)
  from space 512K, 100% used [0x248c0000, 0x24940000, 0x24940000)
  to   space 512K,   0% used [0x24840000, 0x24840000, 0x248c0000)
 tenured generation   total 10948K, used 2657K [0x29930000, 0x2a3e1000, 0x343e0000)
   the space 10948K,  24% used [0x29930000, 0x29bc85d0, 0x29bc8600, 0x2a3e1000)
 compacting perm gen  total 12288K, used 2593K [0x343e0000, 0x34fe0000, 0x383e0000)
   the space 12288K,  21% used [0x343e0000, 0x34668540, 0x34668600, 0x34fe0000)
    ro space 10240K,  45% used [0x383e0000, 0x38865e50, 0x38866000, 0x38de0000)
    rw space 12288K,  54% used [0x38de0000, 0x39468f78, 0x39469000, 0x399e0000)
Event: 128.384 GC heap after
Heap after GC invocations=930 (full 34):
 def new generation   total 4992K, used 37K [0x243e0000, 0x24940000, 0x29930000)
  eden space 4480K,   0% used [0x243e0000, 0x243e0000, 0x24840000)
  from space 512K,   7% used [0x24840000, 0x248497d0, 0x248c0000)
  to   space 512K,   0% used [0x248c0000, 0x248c0000, 0x24940000)
 tenured generation   total 10948K, used 2658K [0x29930000, 0x2a3e1000, 0x343e0000)
   the space 10948K,  24% used [0x29930000, 0x29bc88d0, 0x29bc8a00, 0x2a3e1000)
 compacting perm gen  total 12288K, used 2593K [0x343e0000, 0x34fe0000, 0x383e0000)
   the space 12288K,  21% used [0x343e0000, 0x34668540, 0x34668600, 0x34fe0000)
    ro space 10240K,  45% used [0x383e0000, 0x38865e50, 0x38866000, 0x38de0000)
    rw space 12288K,  54% used [0x38de0000, 0x39468f78, 0x39469000, 0x399e0000)
}
Event: 128.544 GC heap before
{Heap before GC invocations=930 (full 34):
 def new generation   total 4992K, used 4402K [0x243e0000, 0x24940000, 0x29930000)
  eden space 4480K,  97% used [0x243e0000, 0x248233c0, 0x24840000)
  from space 512K,   7% used [0x24840000, 0x248497d0, 0x248c0000)
  to   space 512K,   0% used [0x248c0000, 0x248c0000, 0x24940000)
 tenured generation   total 10948K, used 2658K [0x29930000, 0x2a3e1000, 0x343e0000)
   the space 10948K,  24% used [0x29930000, 0x29bc88d0, 0x29bc8a00, 0x2a3e1000)
 compacting perm gen  total 12288K, used 2593K [0x343e0000, 0x34fe0000, 0x383e0000)
   the space 12288K,  21% used [0x343e0000, 0x34668540, 0x34668600, 0x34fe0000)
    ro space 10240K,  45% used [0x383e0000, 0x38865e50, 0x38866000, 0x38de0000)
    rw space 12288K,  54% used [0x38de0000, 0x39468f78, 0x39469000, 0x399e0000)
Event: 128.545 GC heap after
Heap after GC invocations=931 (full 34):
 def new generation   total 4992K, used 92K [0x243e0000, 0x24940000, 0x29930000)
  eden space 4480K,   0% used [0x243e0000, 0x243e0000, 0x24840000)
  from space 512K,  18% used [0x248c0000, 0x248d72e0, 0x24940000)
  to   space 512K,   0% used [0x24840000, 0x24840000, 0x248c0000)
 tenured generation   total 10948K, used 2658K [0x29930000, 0x2a3e1000, 0x343e0000)
   the space 10948K,  24% used [0x29930000, 0x29bc88d0, 0x29bc8a00, 0x2a3e1000)
 compacting perm gen  total 12288K, used 2593K [0x343e0000, 0x34fe0000, 0x383e0000)
   the space 12288K,  21% used [0x343e0000, 0x34668540, 0x34668600, 0x34fe0000)
    ro space 10240K,  45% used [0x383e0000, 0x38865e50, 0x38866000, 0x38de0000)
    rw space 12288K,  54% used [0x38de0000, 0x39468f78, 0x39469000, 0x399e0000)
}
Event: 128.668 GC heap before
{Heap before GC invocations=931 (full 34):
 def new generation   total 4992K, used 3922K [0x243e0000, 0x24940000, 0x29930000)
  eden space 4480K,  85% used [0x243e0000, 0x2479d560, 0x24840000)
  from space 512K,  18% used [0x248c0000, 0x248d72e0, 0x24940000)
  to   space 512K,   0% used [0x24840000, 0x24840000, 0x248c0000)
 tenured generation   total 10948K, used 2658K [0x29930000, 0x2a3e1000, 0x343e0000)
   the space 10948K,  24% used [0x29930000, 0x29bc88d0, 0x29bc8a00, 0x2a3e1000)
 compacting perm gen  total 12288K, used 2593K [0x343e0000, 0x34fe0000, 0x383e0000)
   the space 12288K,  21% used [0x343e0000, 0x34668540, 0x34668600, 0x34fe0000)
    ro space 10240K,  45% used [0x383e0000, 0x38865e50, 0x38866000, 0x38de0000)
    rw space 12288K,  54% used [0x38de0000, 0x39468f78, 0x39469000, 0x399e0000)
Event: 128.669 GC heap after
Heap after GC invocations=932 (full 34):
 def new generation   total 4992K, used 95K [0x243e0000, 0x24940000, 0x29930000)
  eden space 4480K,   0% used [0x243e0000, 0x243e0000, 0x24840000)
  from space 512K,  18% used [0x24840000, 0x24857da8, 0x248c0000)
  to   space 512K,   0% used [0x248c0000, 0x248c0000, 0x24940000)
 tenured generation   total 10948K, used 2658K [0x29930000, 0x2a3e1000, 0x343e0000)
   the space 10948K,  24% used [0x29930000, 0x29bc88d0, 0x29bc8a00, 0x2a3e1000)
 compacting perm gen  total 12288K, used 2593K [0x343e0000, 0x34fe0000, 0x383e0000)
   the space 12288K,  21% used [0x343e0000, 0x34668540, 0x34668600, 0x34fe0000)
    ro space 10240K,  45% used [0x383e0000, 0x38865e50, 0x38866000, 0x38de0000)
    rw space 12288K,  54% used [0x38de0000, 0x39468f78, 0x39469000, 0x399e0000)
}
Event: 128.775 GC heap before
{Heap before GC invocations=932 (full 34):
 def new generation   total 4992K, used 4575K [0x243e0000, 0x24940000, 0x29930000)
  eden space 4480K, 100% used [0x243e0000, 0x24840000, 0x24840000)
  from space 512K,  18% used [0x24840000, 0x24857da8, 0x248c0000)
  to   space 512K,   0% used [0x248c0000, 0x248c0000, 0x24940000)
 tenured generation   total 10948K, used 2658K [0x29930000, 0x2a3e1000, 0x343e0000)
   the space 10948K,  24% used [0x29930000, 0x29bc88d0, 0x29bc8a00, 0x2a3e1000)
 compacting perm gen  total 12288K, used 2595K [0x343e0000, 0x34fe0000, 0x383e0000)
   the space 12288K,  21% used [0x343e0000, 0x34668e98, 0x34669000, 0x34fe0000)
    ro space 10240K,  45% used [0x383e0000, 0x38865e50, 0x38866000, 0x38de0000)
    rw space 12288K,  54% used [0x38de0000, 0x39468f78, 0x39469000, 0x399e0000)
Event: 128.777 GC heap after
Heap after GC invocations=933 (full 34):
 def new generation   total 4992K, used 90K [0x243e0000, 0x24940000, 0x29930000)
  eden space 4480K,   0% used [0x243e0000, 0x243e0000, 0x24840000)
  from space 512K,  17% used [0x248c0000, 0x248d69c0, 0x24940000)
  to   space 512K,   0% used [0x24840000, 0x24840000, 0x248c0000)
 tenured generation   total 10948K, used 3333K [0x29930000, 0x2a3e1000, 0x343e0000)
   the space 10948K,  30% used [0x29930000, 0x29c714e0, 0x29c71600, 0x2a3e1000)
 compacting perm gen  total 12288K, used 2595K [0x343e0000, 0x34fe0000, 0x383e0000)
   the space 12288K,  21% used [0x343e0000, 0x34668e98, 0x34669000, 0x34fe0000)
    ro space 10240K,  45% used [0x383e0000, 0x38865e50, 0x38866000, 0x38de0000)
    rw space 12288K,  54% used [0x38de0000, 0x39468f78, 0x39469000, 0x399e0000)
}

