# JRE version: 7.0_10-b18
# Java VM: Java HotSpot(TM) Client VM (23.6-b04 mixed mode, sharing windows-x86 )
Heap
 def new generation   total 5760K, used 1610K [0x243e0000, 0x24a20000, 0x29930000)
  eden space 5120K,  31% used [0x243e0000, 0x2456ea50, 0x248e0000)
  from space 640K,   2% used [0x24980000, 0x24983ef8, 0x24a20000)
  to   space 640K,   0% used [0x248e0000, 0x248e0000, 0x24980000)
 tenured generation   total 12736K, used 8320K [0x29930000, 0x2a5a0000, 0x343e0000)
   the space 12736K,  65% used [0x29930000, 0x2a150050, 0x2a150200, 0x2a5a0000)
 compacting perm gen  total 12288K, used 2576K [0x343e0000, 0x34fe0000, 0x383e0000)
   the space 12288K,  20% used [0x343e0000, 0x346641f8, 0x34664200, 0x34fe0000)
    ro space 10240K,  45% used [0x383e0000, 0x38865e50, 0x38866000, 0x38de0000)
    rw space 12288K,  54% used [0x38de0000, 0x39468f78, 0x39469000, 0x399e0000)
GC Heap History (10 events):
Event: 76.733 GC heap before
{Heap before GC invocations=744 (full 100):
 def new generation   total 4992K, used 3993K [0x243e0000, 0x24940000, 0x29930000)
  eden space 4480K,  87% used [0x243e0000, 0x247b9650, 0x24840000)
  from space 512K,  10% used [0x248c0000, 0x248cd040, 0x24940000)
  to   space 512K,   0% used [0x24840000, 0x24840000, 0x248c0000)
 tenured generation   total 13660K, used 12821K [0x29930000, 0x2a687000, 0x343e0000)
   the space 13660K,  93% used [0x29930000, 0x2a5b5560, 0x2a5b5600, 0x2a687000)
 compacting perm gen  total 12288K, used 2575K [0x343e0000, 0x34fe0000, 0x383e0000)
   the space 12288K,  20% used [0x343e0000, 0x34663d60, 0x34663e00, 0x34fe0000)
    ro space 10240K,  45% used [0x383e0000, 0x38865e50, 0x38866000, 0x38de0000)
    rw space 12288K,  54% used [0x38de0000, 0x39468f78, 0x39469000, 0x399e0000)
Event: 76.793 GC heap after
Heap after GC invocations=745 (full 101):
 def new generation   total 5760K, used 0K [0x243e0000, 0x24a20000, 0x29930000)
  eden space 5120K,   0% used [0x243e0000, 0x243e0000, 0x248e0000)
  from space 640K,   0% used [0x248e0000, 0x248e0000, 0x24980000)
  to   space 640K,   0% used [0x24980000, 0x24980000, 0x24a20000)
 tenured generation   total 12736K, used 3820K [0x29930000, 0x2a5a0000, 0x343e0000)
   the space 12736K,  29% used [0x29930000, 0x29ceb000, 0x29ceb000, 0x2a5a0000)
 compacting perm gen  total 12288K, used 2575K [0x343e0000, 0x34fe0000, 0x383e0000)
   the space 12288K,  20% used [0x343e0000, 0x34663d60, 0x34663e00, 0x34fe0000)
    ro space 10240K,  45% used [0x383e0000, 0x38865e50, 0x38866000, 0x38de0000)
    rw space 12288K,  54% used [0x38de0000, 0x39468f78, 0x39469000, 0x399e0000)
}
Event: 76.865 GC heap before
{Heap before GC invocations=745 (full 101):
 def new generation   total 5760K, used 4553K [0x243e0000, 0x24a20000, 0x29930000)
  eden space 5120K,  88% used [0x243e0000, 0x24852760, 0x248e0000)
  from space 640K,   0% used [0x248e0000, 0x248e0000, 0x24980000)
  to   space 640K,   0% used [0x24980000, 0x24980000, 0x24a20000)
 tenured generation   total 12736K, used 3820K [0x29930000, 0x2a5a0000, 0x343e0000)
   the space 12736K,  29% used [0x29930000, 0x29ceb000, 0x29ceb000, 0x2a5a0000)
 compacting perm gen  total 12288K, used 2575K [0x343e0000, 0x34fe0000, 0x383e0000)
   the space 12288K,  20% used [0x343e0000, 0x34663d60, 0x34663e00, 0x34fe0000)
    ro space 10240K,  45% used [0x383e0000, 0x38865e50, 0x38866000, 0x38de0000)
    rw space 12288K,  54% used [0x38de0000, 0x39468f78, 0x39469000, 0x399e0000)
Event: 76.868 GC heap after
Heap after GC invocations=746 (full 101):
 def new generation   total 5760K, used 5K [0x243e0000, 0x24a20000, 0x29930000)
  eden space 5120K,   0% used [0x243e0000, 0x243e0000, 0x248e0000)
  from space 640K,   0% used [0x24980000, 0x249816a8, 0x24a20000)
  to   space 640K,   0% used [0x248e0000, 0x248e0000, 0x24980000)
 tenured generation   total 12736K, used 5620K [0x29930000, 0x2a5a0000, 0x343e0000)
   the space 12736K,  44% used [0x29930000, 0x29ead020, 0x29ead200, 0x2a5a0000)
 compacting perm gen  total 12288K, used 2575K [0x343e0000, 0x34fe0000, 0x383e0000)
   the space 12288K,  20% used [0x343e0000, 0x34663d60, 0x34663e00, 0x34fe0000)
    ro space 10240K,  45% used [0x383e0000, 0x38865e50, 0x38866000, 0x38de0000)
    rw space 12288K,  54% used [0x38de0000, 0x39468f78, 0x39469000, 0x399e0000)
}
Event: 77.014 GC heap before
{Heap before GC invocations=746 (full 101):
 def new generation   total 5760K, used 4409K [0x243e0000, 0x24a20000, 0x29930000)
  eden space 5120K,  86% used [0x243e0000, 0x2482d098, 0x248e0000)
  from space 640K,   0% used [0x24980000, 0x249816a8, 0x24a20000)
  to   space 640K,   0% used [0x248e0000, 0x248e0000, 0x24980000)
 tenured generation   total 12736K, used 5620K [0x29930000, 0x2a5a0000, 0x343e0000)
   the space 12736K,  44% used [0x29930000, 0x29ead020, 0x29ead200, 0x2a5a0000)
 compacting perm gen  total 12288K, used 2575K [0x343e0000, 0x34fe0000, 0x383e0000)
   the space 12288K,  20% used [0x343e0000, 0x34663d60, 0x34663e00, 0x34fe0000)
    ro space 10240K,  45% used [0x383e0000, 0x38865e50, 0x38866000, 0x38de0000)
    rw space 12288K,  54% used [0x38de0000, 0x39468f78, 0x39469000, 0x399e0000)
Event: 77.016 GC heap after
Heap after GC invocations=747 (full 101):
 def new generation   total 5760K, used 49K [0x243e0000, 0x24a20000, 0x29930000)
  eden space 5120K,   0% used [0x243e0000, 0x243e0000, 0x248e0000)
  from space 640K,   7% used [0x248e0000, 0x248ec790, 0x24980000)
  to   space 640K,   0% used [0x24980000, 0x24980000, 0x24a20000)
 tenured generation   total 12736K, used 5620K [0x29930000, 0x2a5a0000, 0x343e0000)
   the space 12736K,  44% used [0x29930000, 0x29ead020, 0x29ead200, 0x2a5a0000)
 compacting perm gen  total 12288K, used 2575K [0x343e0000, 0x34fe0000, 0x383e0000)
   the space 12288K,  20% used [0x343e0000, 0x34663d60, 0x34663e00, 0x34fe0000)
    ro space 10240K,  45% used [0x383e0000, 0x38865e50, 0x38866000, 0x38de0000)
    rw space 12288K,  54% used [0x38de0000, 0x39468f78, 0x39469000, 0x399e0000)
}
Event: 77.108 GC heap before
{Heap before GC invocations=747 (full 101):
 def new generation   total 5760K, used 4558K [0x243e0000, 0x24a20000, 0x29930000)
  eden space 5120K,  88% used [0x243e0000, 0x24847460, 0x248e0000)
  from space 640K,   7% used [0x248e0000, 0x248ec790, 0x24980000)
  to   space 640K,   0% used [0x24980000, 0x24980000, 0x24a20000)
 tenured generation   total 12736K, used 5620K [0x29930000, 0x2a5a0000, 0x343e0000)
   the space 12736K,  44% used [0x29930000, 0x29ead020, 0x29ead200, 0x2a5a0000)
 compacting perm gen  total 12288K, used 2575K [0x343e0000, 0x34fe0000, 0x383e0000)
   the space 12288K,  20% used [0x343e0000, 0x34663d60, 0x34663e00, 0x34fe0000)
    ro space 10240K,  45% used [0x383e0000, 0x38865e50, 0x38866000, 0x38de0000)
    rw space 12288K,  54% used [0x38de0000, 0x39468f78, 0x39469000, 0x399e0000)
Event: 77.110 GC heap after
Heap after GC invocations=748 (full 101):
 def new generation   total 5760K, used 49K [0x243e0000, 0x24a20000, 0x29930000)
  eden space 5120K,   0% used [0x243e0000, 0x243e0000, 0x248e0000)
  from space 640K,   7% used [0x24980000, 0x2498c628, 0x24a20000)
  to   space 640K,   0% used [0x248e0000, 0x248e0000, 0x24980000)
 tenured generation   total 12736K, used 6520K [0x29930000, 0x2a5a0000, 0x343e0000)
   the space 12736K,  51% used [0x29930000, 0x29f8e030, 0x29f8e200, 0x2a5a0000)
 compacting perm gen  total 12288K, used 2575K [0x343e0000, 0x34fe0000, 0x383e0000)
   the space 12288K,  20% used [0x343e0000, 0x34663d60, 0x34663e00, 0x34fe0000)
    ro space 10240K,  45% used [0x383e0000, 0x38865e50, 0x38866000, 0x38de0000)
    rw space 12288K,  54% used [0x38de0000, 0x39468f78, 0x39469000, 0x399e0000)
}
Event: 77.268 GC heap before
{Heap before GC invocations=748 (full 101):
 def new generation   total 5760K, used 4622K [0x243e0000, 0x24a20000, 0x29930000)
  eden space 5120K,  89% used [0x243e0000, 0x24857368, 0x248e0000)
  from space 640K,   7% used [0x24980000, 0x2498c628, 0x24a20000)
  to   space 640K,   0% used [0x248e0000, 0x248e0000, 0x24980000)
 tenured generation   total 12736K, used 6520K [0x29930000, 0x2a5a0000, 0x343e0000)
   the space 12736K,  51% used [0x29930000, 0x29f8e030, 0x29f8e200, 0x2a5a0000)
 compacting perm gen  total 12288K, used 2575K [0x343e0000, 0x34fe0000, 0x383e0000)
   the space 12288K,  20% used [0x343e0000, 0x34663d60, 0x34663e00, 0x34fe0000)
    ro space 10240K,  45% used [0x383e0000, 0x38865e50, 0x38866000, 0x38de0000)
    rw space 12288K,  54% used [0x38de0000, 0x39468f78, 0x39469000, 0x399e0000)
Event: 77.270 GC heap after
Heap after GC invocations=749 (full 101):
 def new generation   total 5760K, used 53K [0x243e0000, 0x24a20000, 0x29930000)
  eden space 5120K,   0% used [0x243e0000, 0x243e0000, 0x248e0000)
  from space 640K,   8% used [0x248e0000, 0x248ed490, 0x24980000)
  to   space 640K,   0% used [0x24980000, 0x24980000, 0x24a20000)
 tenured generation   total 12736K, used 7420K [0x29930000, 0x2a5a0000, 0x343e0000)
   the space 12736K,  58% used [0x29930000, 0x2a06f040, 0x2a06f200, 0x2a5a0000)
 compacting perm gen  total 12288K, used 2575K [0x343e0000, 0x34fe0000, 0x383e0000)
   the space 12288K,  20% used [0x343e0000, 0x34663d60, 0x34663e00, 0x34fe0000)
    ro space 10240K,  45% used [0x383e0000, 0x38865e50, 0x38866000, 0x38de0000)
    rw space 12288K,  54% used [0x38de0000, 0x39468f78, 0x39469000, 0x399e0000)
}

