# JRE version: 7.0_10-b18
# Java VM: Java HotSpot(TM) Client VM (23.6-b04 mixed mode, sharing windows-x86 )
Heap
 def new generation   total 4992K, used 2005K [0x243e0000, 0x24940000, 0x29930000)
  eden space 4480K,  43% used [0x243e0000, 0x245c54f0, 0x24840000)
  from space 512K,  12% used [0x24840000, 0x2484ff68, 0x248c0000)
  to   space 512K,   0% used [0x248c0000, 0x248c0000, 0x24940000)
 tenured generation   total 10948K, used 9512K [0x29930000, 0x2a3e1000, 0x343e0000)
   the space 10948K,  86% used [0x29930000, 0x2a27a268, 0x2a27a400, 0x2a3e1000)
 compacting perm gen  total 12288K, used 2610K [0x343e0000, 0x34fe0000, 0x383e0000)
   the space 12288K,  21% used [0x343e0000, 0x3466ca78, 0x3466cc00, 0x34fe0000)
    ro space 10240K,  45% used [0x383e0000, 0x38865e50, 0x38866000, 0x38de0000)
    rw space 12288K,  54% used [0x38de0000, 0x39468f78, 0x39469000, 0x399e0000)
GC Heap History (10 events):
Event: 1015.354 GC heap before
{Heap before GC invocations=5890 (full 224):
 def new generation   total 4992K, used 4854K [0x243e0000, 0x24940000, 0x29930000)
  eden space 4480K, 100% used [0x243e0000, 0x24840000, 0x24840000)
  from space 512K,  73% used [0x248c0000, 0x2491d860, 0x24940000)
  to   space 512K,   0% used [0x24840000, 0x24840000, 0x248c0000)
 tenured generation   total 10948K, used 8605K [0x29930000, 0x2a3e1000, 0x343e0000)
   the space 10948K,  78% used [0x29930000, 0x2a1974d0, 0x2a197600, 0x2a3e1000)
 compacting perm gen  total 12288K, used 2608K [0x343e0000, 0x34fe0000, 0x383e0000)
   the space 12288K,  21% used [0x343e0000, 0x3466c130, 0x3466c200, 0x34fe0000)
    ro space 10240K,  45% used [0x383e0000, 0x38865e50, 0x38866000, 0x38de0000)
    rw space 12288K,  54% used [0x38de0000, 0x39468f78, 0x39469000, 0x399e0000)
Event: 1015.356 GC heap after
Heap after GC invocations=5891 (full 224):
 def new generation   total 4992K, used 374K [0x243e0000, 0x24940000, 0x29930000)
  eden space 4480K,   0% used [0x243e0000, 0x243e0000, 0x24840000)
  from space 512K,  73% used [0x24840000, 0x2489d860, 0x248c0000)
  to   space 512K,   0% used [0x248c0000, 0x248c0000, 0x24940000)
 tenured generation   total 10948K, used 8907K [0x29930000, 0x2a3e1000, 0x343e0000)
   the space 10948K,  81% used [0x29930000, 0x2a1e2c70, 0x2a1e2e00, 0x2a3e1000)
 compacting perm gen  total 12288K, used 2608K [0x343e0000, 0x34fe0000, 0x383e0000)
   the space 12288K,  21% used [0x343e0000, 0x3466c130, 0x3466c200, 0x34fe0000)
    ro space 10240K,  45% used [0x383e0000, 0x38865e50, 0x38866000, 0x38de0000)
    rw space 12288K,  54% used [0x38de0000, 0x39468f78, 0x39469000, 0x399e0000)
}
Event: 1015.757 GC heap before
{Heap before GC invocations=5891 (full 224):
 def new generation   total 4992K, used 4803K [0x243e0000, 0x24940000, 0x29930000)
  eden space 4480K,  98% used [0x243e0000, 0x248333f8, 0x24840000)
  from space 512K,  73% used [0x24840000, 0x2489d860, 0x248c0000)
  to   space 512K,   0% used [0x248c0000, 0x248c0000, 0x24940000)
 tenured generation   total 10948K, used 8907K [0x29930000, 0x2a3e1000, 0x343e0000)
   the space 10948K,  81% used [0x29930000, 0x2a1e2c70, 0x2a1e2e00, 0x2a3e1000)
 compacting perm gen  total 12288K, used 2608K [0x343e0000, 0x34fe0000, 0x383e0000)
   the space 12288K,  21% used [0x343e0000, 0x3466c130, 0x3466c200, 0x34fe0000)
    ro space 10240K,  45% used [0x383e0000, 0x38865e50, 0x38866000, 0x38de0000)
    rw space 12288K,  54% used [0x38de0000, 0x39468f78, 0x39469000, 0x399e0000)
Event: 1015.759 GC heap after
Heap after GC invocations=5892 (full 224):
 def new generation   total 4992K, used 374K [0x243e0000, 0x24940000, 0x29930000)
  eden space 4480K,   0% used [0x243e0000, 0x243e0000, 0x24840000)
  from space 512K,  73% used [0x248c0000, 0x2491d858, 0x24940000)
  to   space 512K,   0% used [0x24840000, 0x24840000, 0x248c0000)
 tenured generation   total 10948K, used 9209K [0x29930000, 0x2a3e1000, 0x343e0000)
   the space 10948K,  84% used [0x29930000, 0x2a22e410, 0x2a22e600, 0x2a3e1000)
 compacting perm gen  total 12288K, used 2608K [0x343e0000, 0x34fe0000, 0x383e0000)
   the space 12288K,  21% used [0x343e0000, 0x3466c130, 0x3466c200, 0x34fe0000)
    ro space 10240K,  45% used [0x383e0000, 0x38865e50, 0x38866000, 0x38de0000)
    rw space 12288K,  54% used [0x38de0000, 0x39468f78, 0x39469000, 0x399e0000)
}
Event: 1016.149 GC heap before
{Heap before GC invocations=5892 (full 224):
 def new generation   total 4992K, used 4803K [0x243e0000, 0x24940000, 0x29930000)
  eden space 4480K,  98% used [0x243e0000, 0x24833530, 0x24840000)
  from space 512K,  73% used [0x248c0000, 0x2491d858, 0x24940000)
  to   space 512K,   0% used [0x24840000, 0x24840000, 0x248c0000)
 tenured generation   total 10948K, used 9209K [0x29930000, 0x2a3e1000, 0x343e0000)
   the space 10948K,  84% used [0x29930000, 0x2a22e410, 0x2a22e600, 0x2a3e1000)
 compacting perm gen  total 12288K, used 2608K [0x343e0000, 0x34fe0000, 0x383e0000)
   the space 12288K,  21% used [0x343e0000, 0x3466c130, 0x3466c200, 0x34fe0000)
    ro space 10240K,  45% used [0x383e0000, 0x38865e50, 0x38866000, 0x38de0000)
    rw space 12288K,  54% used [0x38de0000, 0x39468f78, 0x39469000, 0x399e0000)
Event: 1016.151 GC heap after
Heap after GC invocations=5893 (full 224):
 def new generation   total 4992K, used 374K [0x243e0000, 0x24940000, 0x29930000)
  eden space 4480K,   0% used [0x243e0000, 0x243e0000, 0x24840000)
  from space 512K,  73% used [0x24840000, 0x2489d860, 0x248c0000)
  to   space 512K,   0% used [0x248c0000, 0x248c0000, 0x24940000)
 tenured generation   total 10948K, used 9510K [0x29930000, 0x2a3e1000, 0x343e0000)
   the space 10948K,  86% used [0x29930000, 0x2a279bb0, 0x2a279c00, 0x2a3e1000)
 compacting perm gen  total 12288K, used 2608K [0x343e0000, 0x34fe0000, 0x383e0000)
   the space 12288K,  21% used [0x343e0000, 0x3466c130, 0x3466c200, 0x34fe0000)
    ro space 10240K,  45% used [0x383e0000, 0x38865e50, 0x38866000, 0x38de0000)
    rw space 12288K,  54% used [0x38de0000, 0x39468f78, 0x39469000, 0x399e0000)
}
Event: 1016.559 GC heap before
{Heap before GC invocations=5893 (full 224):
 def new generation   total 4992K, used 4813K [0x243e0000, 0x24940000, 0x29930000)
  eden space 4480K,  99% used [0x243e0000, 0x24835d80, 0x24840000)
  from space 512K,  73% used [0x24840000, 0x2489d860, 0x248c0000)
  to   space 512K,   0% used [0x248c0000, 0x248c0000, 0x24940000)
 tenured generation   total 10948K, used 9510K [0x29930000, 0x2a3e1000, 0x343e0000)
   the space 10948K,  86% used [0x29930000, 0x2a279bb0, 0x2a279c00, 0x2a3e1000)
 compacting perm gen  total 12288K, used 2608K [0x343e0000, 0x34fe0000, 0x383e0000)
   the space 12288K,  21% used [0x343e0000, 0x3466c130, 0x3466c200, 0x34fe0000)
    ro space 10240K,  45% used [0x383e0000, 0x38865e50, 0x38866000, 0x38de0000)
    rw space 12288K,  54% used [0x38de0000, 0x39468f78, 0x39469000, 0x399e0000)
Event: 1016.561 GC heap after
Heap after GC invocations=5894 (full 224):
 def new generation   total 4992K, used 363K [0x243e0000, 0x24940000, 0x29930000)
  eden space 4480K,   0% used [0x243e0000, 0x243e0000, 0x24840000)
  from space 512K,  70% used [0x248c0000, 0x2491ac48, 0x24940000)
  to   space 512K,   0% used [0x24840000, 0x24840000, 0x248c0000)
 tenured generation   total 10948K, used 9511K [0x29930000, 0x2a3e1000, 0x343e0000)
   the space 10948K,  86% used [0x29930000, 0x2a279f08, 0x2a27a000, 0x2a3e1000)
 compacting perm gen  total 12288K, used 2608K [0x343e0000, 0x34fe0000, 0x383e0000)
   the space 12288K,  21% used [0x343e0000, 0x3466c130, 0x3466c200, 0x34fe0000)
    ro space 10240K,  45% used [0x383e0000, 0x38865e50, 0x38866000, 0x38de0000)
    rw space 12288K,  54% used [0x38de0000, 0x39468f78, 0x39469000, 0x399e0000)
}
Event: 1016.956 GC heap before
{Heap before GC invocations=5894 (full 224):
 def new generation   total 4992K, used 4220K [0x243e0000, 0x24940000, 0x29930000)
  eden space 4480K,  86% used [0x243e0000, 0x247a46a8, 0x24840000)
  from space 512K,  70% used [0x248c0000, 0x2491ac48, 0x24940000)
  to   space 512K,   0% used [0x24840000, 0x24840000, 0x248c0000)
 tenured generation   total 10948K, used 9511K [0x29930000, 0x2a3e1000, 0x343e0000)
   the space 10948K,  86% used [0x29930000, 0x2a279f08, 0x2a27a000, 0x2a3e1000)
 compacting perm gen  total 12288K, used 2610K [0x343e0000, 0x34fe0000, 0x383e0000)
   the space 12288K,  21% used [0x343e0000, 0x3466ca78, 0x3466cc00, 0x34fe0000)
    ro space 10240K,  45% used [0x383e0000, 0x38865e50, 0x38866000, 0x38de0000)
    rw space 12288K,  54% used [0x38de0000, 0x39468f78, 0x39469000, 0x399e0000)
Event: 1016.957 GC heap after
Heap after GC invocations=5895 (full 224):
 def new generation   total 4992K, used 63K [0x243e0000, 0x24940000, 0x29930000)
  eden space 4480K,   0% used [0x243e0000, 0x243e0000, 0x24840000)
  from space 512K,  12% used [0x24840000, 0x2484ff68, 0x248c0000)
  to   space 512K,   0% used [0x248c0000, 0x248c0000, 0x24940000)
 tenured generation   total 10948K, used 9512K [0x29930000, 0x2a3e1000, 0x343e0000)
   the space 10948K,  86% used [0x29930000, 0x2a27a268, 0x2a27a400, 0x2a3e1000)
 compacting perm gen  total 12288K, used 2610K [0x343e0000, 0x34fe0000, 0x383e0000)
   the space 12288K,  21% used [0x343e0000, 0x3466ca78, 0x3466cc00, 0x34fe0000)
    ro space 10240K,  45% used [0x383e0000, 0x38865e50, 0x38866000, 0x38de0000)
    rw space 12288K,  54% used [0x38de0000, 0x39468f78, 0x39469000, 0x399e0000)
}

