# JRE version: Java(TM) SE Runtime Environment (8.0_25-b18) (build 1.8.0_25-b18)
# Java VM: Java HotSpot(TM) 64-Bit Server VM (25.25-b02 mixed mode windows-amd64 compressed oops)
Heap:
 PSYoungGen      total 98816K, used 8531K [0x00000000d7700000, 0x00000000de680000, 0x0000000100000000)
  eden space 95744K, 5% used [0x00000000d7700000,0x00000000d7c58bc0,0x00000000dd480000)
  from space 3072K, 99% used [0x00000000de380000,0x00000000de67c1f8,0x00000000de680000)
  to   space 4096K, 0% used [0x00000000dde80000,0x00000000dde80000,0x00000000de280000)
 ParOldGen       total 83456K, used 3918K [0x0000000086400000, 0x000000008b580000, 0x00000000d7700000)
  object space 83456K, 4% used [0x0000000086400000,0x00000000867d3840,0x000000008b580000)
 Metaspace       used 13069K, capacity 13276K, committed 13568K, reserved 1060864K
  class space    used 1597K, capacity 1668K, committed 1792K, reserved 1048576K
GC Heap History (10 events):
Event: 55.842 GC heap before
{Heap before GC invocations=36 (full 0):
 PSYoungGen      total 92672K, used 89827K [0x00000000d7700000, 0x00000000deb80000, 0x0000000100000000)
  eden space 88576K, 99% used [0x00000000d7700000,0x00000000dccf5dc8,0x00000000dcd80000)
  from space 4096K, 44% used [0x00000000dcd80000,0x00000000dcf431d0,0x00000000dd180000)
  to   space 4096K, 0% used [0x00000000de780000,0x00000000de780000,0x00000000deb80000)
 ParOldGen       total 83456K, used 2537K [0x0000000086400000, 0x000000008b580000, 0x00000000d7700000)
  object space 83456K, 3% used [0x0000000086400000,0x000000008667a7f0,0x000000008b580000)
 Metaspace       used 13043K, capacity 13212K, committed 13568K, reserved 1060864K
  class space    used 1597K, capacity 1668K, committed 1792K, reserved 1048576K
Event: 55.870 GC heap after
Heap after GC invocations=36 (full 0):
 PSYoungGen      total 115200K, used 1612K [0x00000000d7700000, 0x00000000deb80000, 0x0000000100000000)
  eden space 111104K, 0% used [0x00000000d7700000,0x00000000d7700000,0x00000000de380000)
  from space 4096K, 39% used [0x00000000de780000,0x00000000de913228,0x00000000deb80000)
  to   space 4096K, 0% used [0x00000000de380000,0x00000000de380000,0x00000000de780000)
 ParOldGen       total 83456K, used 2545K [0x0000000086400000, 0x000000008b580000, 0x00000000d7700000)
  object space 83456K, 3% used [0x0000000086400000,0x000000008667c7f0,0x000000008b580000)
 Metaspace       used 13043K, capacity 13212K, committed 13568K, reserved 1060864K
  class space    used 1597K, capacity 1668K, committed 1792K, reserved 1048576K
}
Event: 59.017 GC heap before
{Heap before GC invocations=37 (full 0):
 PSYoungGen      total 115200K, used 112716K [0x00000000d7700000, 0x00000000deb80000, 0x0000000100000000)
  eden space 111104K, 100% used [0x00000000d7700000,0x00000000de380000,0x00000000de380000)
  from space 4096K, 39% used [0x00000000de780000,0x00000000de913228,0x00000000deb80000)
  to   space 4096K, 0% used [0x00000000de380000,0x00000000de380000,0x00000000de780000)
 ParOldGen       total 83456K, used 2545K [0x0000000086400000, 0x000000008b580000, 0x00000000d7700000)
  object space 83456K, 3% used [0x0000000086400000,0x000000008667c7f0,0x000000008b580000)
 Metaspace       used 13062K, capacity 13276K, committed 13568K, reserved 1060864K
  class space    used 1597K, capacity 1668K, committed 1792K, reserved 1048576K
Event: 59.029 GC heap after
Heap after GC invocations=37 (full 0):
 PSYoungGen      total 109568K, used 2116K [0x00000000d7700000, 0x00000000de800000, 0x0000000100000000)
  eden space 107008K, 0% used [0x00000000d7700000,0x00000000d7700000,0x00000000ddf80000)
  from space 2560K, 82% used [0x00000000de380000,0x00000000de591010,0x00000000de600000)
  to   space 2048K, 0% used [0x00000000de600000,0x00000000de600000,0x00000000de800000)
 ParOldGen       total 83456K, used 2561K [0x0000000086400000, 0x000000008b580000, 0x00000000d7700000)
  object space 83456K, 3% used [0x0000000086400000,0x00000000866807f0,0x000000008b580000)
 Metaspace       used 13062K, capacity 13276K, committed 13568K, reserved 1060864K
  class space    used 1597K, capacity 1668K, committed 1792K, reserved 1048576K
}
Event: 62.442 GC heap before
{Heap before GC invocations=38 (full 0):
 PSYoungGen      total 109568K, used 109124K [0x00000000d7700000, 0x00000000de800000, 0x0000000100000000)
  eden space 107008K, 100% used [0x00000000d7700000,0x00000000ddf80000,0x00000000ddf80000)
  from space 2560K, 82% used [0x00000000de380000,0x00000000de591010,0x00000000de600000)
  to   space 2048K, 0% used [0x00000000de600000,0x00000000de600000,0x00000000de800000)
 ParOldGen       total 83456K, used 2561K [0x0000000086400000, 0x000000008b580000, 0x00000000d7700000)
  object space 83456K, 3% used [0x0000000086400000,0x00000000866807f0,0x000000008b580000)
 Metaspace       used 13062K, capacity 13276K, committed 13568K, reserved 1060864K
  class space    used 1597K, capacity 1668K, committed 1792K, reserved 1048576K
Event: 62.452 GC heap after
Heap after GC invocations=38 (full 0):
 PSYoungGen      total 104960K, used 2020K [0x00000000d7700000, 0x00000000de800000, 0x0000000100000000)
  eden space 102912K, 0% used [0x00000000d7700000,0x00000000d7700000,0x00000000ddb80000)
  from space 2048K, 98% used [0x00000000de600000,0x00000000de7f9010,0x00000000de800000)
  to   space 3584K, 0% used [0x00000000de100000,0x00000000de100000,0x00000000de480000)
 ParOldGen       total 83456K, used 2569K [0x0000000086400000, 0x000000008b580000, 0x00000000d7700000)
  object space 83456K, 3% used [0x0000000086400000,0x00000000866827f0,0x000000008b580000)
 Metaspace       used 13062K, capacity 13276K, committed 13568K, reserved 1060864K
  class space    used 1597K, capacity 1668K, committed 1792K, reserved 1048576K
}
Event: 65.994 GC heap before
{Heap before GC invocations=39 (full 0):
 PSYoungGen      total 104960K, used 104932K [0x00000000d7700000, 0x00000000de800000, 0x0000000100000000)
  eden space 102912K, 100% used [0x00000000d7700000,0x00000000ddb80000,0x00000000ddb80000)
  from space 2048K, 98% used [0x00000000de600000,0x00000000de7f9010,0x00000000de800000)
  to   space 3584K, 0% used [0x00000000de100000,0x00000000de100000,0x00000000de480000)
 ParOldGen       total 83456K, used 2582K [0x0000000086400000, 0x000000008b580000, 0x00000000d7700000)
  object space 83456K, 3% used [0x0000000086400000,0x0000000086685b80,0x000000008b580000)
 Metaspace       used 13062K, capacity 13276K, committed 13568K, reserved 1060864K
  class space    used 1597K, capacity 1668K, committed 1792K, reserved 1048576K
Event: 66.002 GC heap after
Heap after GC invocations=39 (full 0):
 PSYoungGen      total 101888K, used 2480K [0x00000000d7700000, 0x00000000de680000, 0x0000000100000000)
  eden space 99328K, 0% used [0x00000000d7700000,0x00000000d7700000,0x00000000dd800000)
  from space 2560K, 96% used [0x00000000de100000,0x00000000de36c268,0x00000000de380000)
  to   space 3072K, 0% used [0x00000000de380000,0x00000000de380000,0x00000000de680000)
 ParOldGen       total 83456K, used 2590K [0x0000000086400000, 0x000000008b580000, 0x00000000d7700000)
  object space 83456K, 3% used [0x0000000086400000,0x0000000086687b80,0x000000008b580000)
 Metaspace       used 13062K, capacity 13276K, committed 13568K, reserved 1060864K
  class space    used 1597K, capacity 1668K, committed 1792K, reserved 1048576K
}
Event: 68.879 GC heap before
{Heap before GC invocations=40 (full 0):
 PSYoungGen      total 101888K, used 101808K [0x00000000d7700000, 0x00000000de680000, 0x0000000100000000)
  eden space 99328K, 100% used [0x00000000d7700000,0x00000000dd800000,0x00000000dd800000)
  from space 2560K, 96% used [0x00000000de100000,0x00000000de36c268,0x00000000de380000)
  to   space 3072K, 0% used [0x00000000de380000,0x00000000de380000,0x00000000de680000)
 ParOldGen       total 83456K, used 3510K [0x0000000086400000, 0x000000008b580000, 0x00000000d7700000)
  object space 83456K, 4% used [0x0000000086400000,0x000000008676d840,0x000000008b580000)
 Metaspace       used 13069K, capacity 13276K, committed 13568K, reserved 1060864K
  class space    used 1597K, capacity 1668K, committed 1792K, reserved 1048576K
Event: 68.895 GC heap after
Heap after GC invocations=40 (full 0):
 PSYoungGen      total 98816K, used 3056K [0x00000000d7700000, 0x00000000de680000, 0x0000000100000000)
  eden space 95744K, 0% used [0x00000000d7700000,0x00000000d7700000,0x00000000dd480000)
  from space 3072K, 99% used [0x00000000de380000,0x00000000de67c1f8,0x00000000de680000)
  to   space 4096K, 0% used [0x00000000dde80000,0x00000000dde80000,0x00000000de280000)
 ParOldGen       total 83456K, used 3918K [0x0000000086400000, 0x000000008b580000, 0x00000000d7700000)
  object space 83456K, 4% used [0x0000000086400000,0x00000000867d3840,0x000000008b580000)
 Metaspace       used 13069K, capacity 13276K, committed 13568K, reserved 1060864K
  class space    used 1597K, capacity 1668K, committed 1792K, reserved 1048576K
}

