# JRE version: 7.0_10-b18
# Java VM: Java HotSpot(TM) Client VM (23.6-b04 mixed mode, sharing windows-x86 )
Heap
 def new generation   total 4992K, used 4349K [0x243e0000, 0x24940000, 0x29930000)
  eden space 4480K,  96% used [0x243e0000, 0x24817350, 0x24840000)
  from space 512K,   6% used [0x24840000, 0x248482e8, 0x248c0000)
  to   space 512K,   0% used [0x248c0000, 0x248c0000, 0x24940000)
 tenured generation   total 10948K, used 5810K [0x29930000, 0x2a3e1000, 0x343e0000)
   the space 10948K,  53% used [0x29930000, 0x29edc848, 0x29edca00, 0x2a3e1000)
 compacting perm gen  total 12288K, used 2584K [0x343e0000, 0x34fe0000, 0x383e0000)
   the space 12288K,  21% used [0x343e0000, 0x346662f0, 0x34666400, 0x34fe0000)
    ro space 10240K,  45% used [0x383e0000, 0x38865e50, 0x38866000, 0x38de0000)
    rw space 12288K,  54% used [0x38de0000, 0x39468f78, 0x39469000, 0x399e0000)
GC Heap History (10 events):
Event: 48.773 GC heap before
{Heap before GC invocations=497 (full 55):
 def new generation   total 4992K, used 4469K [0x243e0000, 0x24940000, 0x29930000)
  eden space 4480K,  99% used [0x243e0000, 0x24837ac0, 0x24840000)
  from space 512K,   4% used [0x248c0000, 0x248c5cf8, 0x24940000)
  to   space 512K,   0% used [0x24840000, 0x24840000, 0x248c0000)
 tenured generation   total 10948K, used 10536K [0x29930000, 0x2a3e1000, 0x343e0000)
   the space 10948K,  96% used [0x29930000, 0x2a37a070, 0x2a37a200, 0x2a3e1000)
 compacting perm gen  total 12288K, used 2584K [0x343e0000, 0x34fe0000, 0x383e0000)
   the space 12288K,  21% used [0x343e0000, 0x346662f0, 0x34666400, 0x34fe0000)
    ro space 10240K,  45% used [0x383e0000, 0x38865e50, 0x38866000, 0x38de0000)
    rw space 12288K,  54% used [0x38de0000, 0x39468f78, 0x39469000, 0x399e0000)
Event: 48.826 GC heap after
Heap after GC invocations=498 (full 56):
 def new generation   total 4992K, used 0K [0x243e0000, 0x24940000, 0x29930000)
  eden space 4480K,   0% used [0x243e0000, 0x243e0000, 0x24840000)
  from space 512K,   0% used [0x24840000, 0x24840000, 0x248c0000)
  to   space 512K,   0% used [0x248c0000, 0x248c0000, 0x24940000)
 tenured generation   total 10948K, used 1757K [0x29930000, 0x2a3e1000, 0x343e0000)
   the space 10948K,  16% used [0x29930000, 0x29ae7440, 0x29ae7600, 0x2a3e1000)
 compacting perm gen  total 12288K, used 2584K [0x343e0000, 0x34fe0000, 0x383e0000)
   the space 12288K,  21% used [0x343e0000, 0x346662f0, 0x34666400, 0x34fe0000)
    ro space 10240K,  45% used [0x383e0000, 0x38865e50, 0x38866000, 0x38de0000)
    rw space 12288K,  54% used [0x38de0000, 0x39468f78, 0x39469000, 0x399e0000)
}
Event: 48.905 GC heap before
{Heap before GC invocations=498 (full 56):
 def new generation   total 4992K, used 4480K [0x243e0000, 0x24940000, 0x29930000)
  eden space 4480K, 100% used [0x243e0000, 0x24840000, 0x24840000)
  from space 512K,   0% used [0x24840000, 0x24840000, 0x248c0000)
  to   space 512K,   0% used [0x248c0000, 0x248c0000, 0x24940000)
 tenured generation   total 10948K, used 1757K [0x29930000, 0x2a3e1000, 0x343e0000)
   the space 10948K,  16% used [0x29930000, 0x29ae7440, 0x29ae7600, 0x2a3e1000)
 compacting perm gen  total 12288K, used 2584K [0x343e0000, 0x34fe0000, 0x383e0000)
   the space 12288K,  21% used [0x343e0000, 0x346662f0, 0x34666400, 0x34fe0000)
    ro space 10240K,  45% used [0x383e0000, 0x38865e50, 0x38866000, 0x38de0000)
    rw space 12288K,  54% used [0x38de0000, 0x39468f78, 0x39469000, 0x399e0000)
Event: 48.908 GC heap after
Heap after GC invocations=499 (full 56):
 def new generation   total 4992K, used 17K [0x243e0000, 0x24940000, 0x29930000)
  eden space 4480K,   0% used [0x243e0000, 0x243e0000, 0x24840000)
  from space 512K,   3% used [0x248c0000, 0x248c44b8, 0x24940000)
  to   space 512K,   0% used [0x24840000, 0x24840000, 0x248c0000)
 tenured generation   total 10948K, used 3107K [0x29930000, 0x2a3e1000, 0x343e0000)
   the space 10948K,  28% used [0x29930000, 0x29c38c60, 0x29c38e00, 0x2a3e1000)
 compacting perm gen  total 12288K, used 2584K [0x343e0000, 0x34fe0000, 0x383e0000)
   the space 12288K,  21% used [0x343e0000, 0x346662f0, 0x34666400, 0x34fe0000)
    ro space 10240K,  45% used [0x383e0000, 0x38865e50, 0x38866000, 0x38de0000)
    rw space 12288K,  54% used [0x38de0000, 0x39468f78, 0x39469000, 0x399e0000)
}
Event: 48.979 GC heap before
{Heap before GC invocations=499 (full 56):
 def new generation   total 4992K, used 4497K [0x243e0000, 0x24940000, 0x29930000)
  eden space 4480K, 100% used [0x243e0000, 0x24840000, 0x24840000)
  from space 512K,   3% used [0x248c0000, 0x248c44b8, 0x24940000)
  to   space 512K,   0% used [0x24840000, 0x24840000, 0x248c0000)
 tenured generation   total 10948K, used 3107K [0x29930000, 0x2a3e1000, 0x343e0000)
   the space 10948K,  28% used [0x29930000, 0x29c38c60, 0x29c38e00, 0x2a3e1000)
 compacting perm gen  total 12288K, used 2584K [0x343e0000, 0x34fe0000, 0x383e0000)
   the space 12288K,  21% used [0x343e0000, 0x346662f0, 0x34666400, 0x34fe0000)
    ro space 10240K,  45% used [0x383e0000, 0x38865e50, 0x38866000, 0x38de0000)
    rw space 12288K,  54% used [0x38de0000, 0x39468f78, 0x39469000, 0x399e0000)
Event: 48.982 GC heap after
Heap after GC invocations=500 (full 56):
 def new generation   total 4992K, used 506K [0x243e0000, 0x24940000, 0x29930000)
  eden space 4480K,   0% used [0x243e0000, 0x243e0000, 0x24840000)
  from space 512K,  98% used [0x24840000, 0x248be928, 0x248c0000)
  to   space 512K,   0% used [0x248c0000, 0x248c0000, 0x24940000)
 tenured generation   total 10948K, used 4457K [0x29930000, 0x2a3e1000, 0x343e0000)
   the space 10948K,  40% used [0x29930000, 0x29d8a480, 0x29d8a600, 0x2a3e1000)
 compacting perm gen  total 12288K, used 2584K [0x343e0000, 0x34fe0000, 0x383e0000)
   the space 12288K,  21% used [0x343e0000, 0x346662f0, 0x34666400, 0x34fe0000)
    ro space 10240K,  45% used [0x383e0000, 0x38865e50, 0x38866000, 0x38de0000)
    rw space 12288K,  54% used [0x38de0000, 0x39468f78, 0x39469000, 0x399e0000)
}
Event: 49.070 GC heap before
{Heap before GC invocations=500 (full 56):
 def new generation   total 4992K, used 4986K [0x243e0000, 0x24940000, 0x29930000)
  eden space 4480K, 100% used [0x243e0000, 0x24840000, 0x24840000)
  from space 512K,  98% used [0x24840000, 0x248be928, 0x248c0000)
  to   space 512K,   0% used [0x248c0000, 0x248c0000, 0x24940000)
 tenured generation   total 10948K, used 4457K [0x29930000, 0x2a3e1000, 0x343e0000)
   the space 10948K,  40% used [0x29930000, 0x29d8a480, 0x29d8a600, 0x2a3e1000)
 compacting perm gen  total 12288K, used 2584K [0x343e0000, 0x34fe0000, 0x383e0000)
   the space 12288K,  21% used [0x343e0000, 0x346662f0, 0x34666400, 0x34fe0000)
    ro space 10240K,  45% used [0x383e0000, 0x38865e50, 0x38866000, 0x38de0000)
    rw space 12288K,  54% used [0x38de0000, 0x39468f78, 0x39469000, 0x399e0000)
Event: 49.072 GC heap after
Heap after GC invocations=501 (full 56):
 def new generation   total 4992K, used 2K [0x243e0000, 0x24940000, 0x29930000)
  eden space 4480K,   0% used [0x243e0000, 0x243e0000, 0x24840000)
  from space 512K,   0% used [0x248c0000, 0x248c0b70, 0x24940000)
  to   space 512K,   0% used [0x24840000, 0x24840000, 0x248c0000)
 tenured generation   total 10948K, used 5135K [0x29930000, 0x2a3e1000, 0x343e0000)
   the space 10948K,  46% used [0x29930000, 0x29e33c38, 0x29e33e00, 0x2a3e1000)
 compacting perm gen  total 12288K, used 2584K [0x343e0000, 0x34fe0000, 0x383e0000)
   the space 12288K,  21% used [0x343e0000, 0x346662f0, 0x34666400, 0x34fe0000)
    ro space 10240K,  45% used [0x383e0000, 0x38865e50, 0x38866000, 0x38de0000)
    rw space 12288K,  54% used [0x38de0000, 0x39468f78, 0x39469000, 0x399e0000)
}
Event: 49.139 GC heap before
{Heap before GC invocations=501 (full 56):
 def new generation   total 4992K, used 4482K [0x243e0000, 0x24940000, 0x29930000)
  eden space 4480K, 100% used [0x243e0000, 0x24840000, 0x24840000)
  from space 512K,   0% used [0x248c0000, 0x248c0b70, 0x24940000)
  to   space 512K,   0% used [0x24840000, 0x24840000, 0x248c0000)
 tenured generation   total 10948K, used 5135K [0x29930000, 0x2a3e1000, 0x343e0000)
   the space 10948K,  46% used [0x29930000, 0x29e33c38, 0x29e33e00, 0x2a3e1000)
 compacting perm gen  total 12288K, used 2584K [0x343e0000, 0x34fe0000, 0x383e0000)
   the space 12288K,  21% used [0x343e0000, 0x346662f0, 0x34666400, 0x34fe0000)
    ro space 10240K,  45% used [0x383e0000, 0x38865e50, 0x38866000, 0x38de0000)
    rw space 12288K,  54% used [0x38de0000, 0x39468f78, 0x39469000, 0x399e0000)
Event: 49.141 GC heap after
Heap after GC invocations=502 (full 56):
 def new generation   total 4992K, used 32K [0x243e0000, 0x24940000, 0x29930000)
  eden space 4480K,   0% used [0x243e0000, 0x243e0000, 0x24840000)
  from space 512K,   6% used [0x24840000, 0x248482e8, 0x248c0000)
  to   space 512K,   0% used [0x248c0000, 0x248c0000, 0x24940000)
 tenured generation   total 10948K, used 5810K [0x29930000, 0x2a3e1000, 0x343e0000)
   the space 10948K,  53% used [0x29930000, 0x29edc848, 0x29edca00, 0x2a3e1000)
 compacting perm gen  total 12288K, used 2584K [0x343e0000, 0x34fe0000, 0x383e0000)
   the space 12288K,  21% used [0x343e0000, 0x346662f0, 0x34666400, 0x34fe0000)
    ro space 10240K,  45% used [0x383e0000, 0x38865e50, 0x38866000, 0x38de0000)
    rw space 12288K,  54% used [0x38de0000, 0x39468f78, 0x39469000, 0x399e0000)
}

