# JRE version: 7.0_10-b18
# Java VM: Java HotSpot(TM) Client VM (23.6-b04 mixed mode, sharing windows-x86 )
Heap
 def new generation   total 4928K, used 1911K [0x243e0000, 0x24930000, 0x29930000)
  eden space 4416K,  41% used [0x243e0000, 0x245aa9f0, 0x24830000)
  from space 512K,  15% used [0x248b0000, 0x248c3338, 0x24930000)
  to   space 512K,   0% used [0x24830000, 0x24830000, 0x248b0000)
 tenured generation   total 10944K, used 9206K [0x29930000, 0x2a3e0000, 0x343e0000)
   the space 10944K,  84% used [0x29930000, 0x2a22d810, 0x2a22da00, 0x2a3e0000)
 compacting perm gen  total 12288K, used 2562K [0x343e0000, 0x34fe0000, 0x383e0000)
   the space 12288K,  20% used [0x343e0000, 0x34660a70, 0x34660c00, 0x34fe0000)
    ro space 10240K,  45% used [0x383e0000, 0x38865e50, 0x38866000, 0x38de0000)
    rw space 12288K,  54% used [0x38de0000, 0x39468f78, 0x39469000, 0x399e0000)
GC Heap History (10 events):
Event: 9.650 GC heap before
{Heap before GC invocations=30 (full 0):
 def new generation   total 4928K, used 3907K [0x243e0000, 0x24930000, 0x29930000)
  eden space 4416K,  80% used [0x243e0000, 0x2475c450, 0x24830000)
  from space 512K,  66% used [0x24830000, 0x24884870, 0x248b0000)
  to   space 512K,   0% used [0x248b0000, 0x248b0000, 0x24930000)
 tenured generation   total 10944K, used 8303K [0x29930000, 0x2a3e0000, 0x343e0000)
   the space 10944K,  75% used [0x29930000, 0x2a14be18, 0x2a14c000, 0x2a3e0000)
 compacting perm gen  total 12288K, used 2562K [0x343e0000, 0x34fe0000, 0x383e0000)
   the space 12288K,  20% used [0x343e0000, 0x34660a60, 0x34660c00, 0x34fe0000)
    ro space 10240K,  45% used [0x383e0000, 0x38865e50, 0x38866000, 0x38de0000)
    rw space 12288K,  54% used [0x38de0000, 0x39468f78, 0x39469000, 0x399e0000)
Event: 9.652 GC heap after
Heap after GC invocations=31 (full 0):
 def new generation   total 4928K, used 91K [0x243e0000, 0x24930000, 0x29930000)
  eden space 4416K,   0% used [0x243e0000, 0x243e0000, 0x24830000)
  from space 512K,  17% used [0x248b0000, 0x248c6d80, 0x24930000)
  to   space 512K,   0% used [0x24830000, 0x24830000, 0x248b0000)
 tenured generation   total 10944K, used 8303K [0x29930000, 0x2a3e0000, 0x343e0000)
   the space 10944K,  75% used [0x29930000, 0x2a14bee0, 0x2a14c000, 0x2a3e0000)
 compacting perm gen  total 12288K, used 2562K [0x343e0000, 0x34fe0000, 0x383e0000)
   the space 12288K,  20% used [0x343e0000, 0x34660a60, 0x34660c00, 0x34fe0000)
    ro space 10240K,  45% used [0x383e0000, 0x38865e50, 0x38866000, 0x38de0000)
    rw space 12288K,  54% used [0x38de0000, 0x39468f78, 0x39469000, 0x399e0000)
}
Event: 9.856 GC heap before
{Heap before GC invocations=31 (full 0):
 def new generation   total 4928K, used 4471K [0x243e0000, 0x24930000, 0x29930000)
  eden space 4416K,  99% used [0x243e0000, 0x24827060, 0x24830000)
  from space 512K,  17% used [0x248b0000, 0x248c6d80, 0x24930000)
  to   space 512K,   0% used [0x24830000, 0x24830000, 0x248b0000)
 tenured generation   total 10944K, used 8303K [0x29930000, 0x2a3e0000, 0x343e0000)
   the space 10944K,  75% used [0x29930000, 0x2a14bee0, 0x2a14c000, 0x2a3e0000)
 compacting perm gen  total 12288K, used 2562K [0x343e0000, 0x34fe0000, 0x383e0000)
   the space 12288K,  20% used [0x343e0000, 0x34660a60, 0x34660c00, 0x34fe0000)
    ro space 10240K,  45% used [0x383e0000, 0x38865e50, 0x38866000, 0x38de0000)
    rw space 12288K,  54% used [0x38de0000, 0x39468f78, 0x39469000, 0x399e0000)
Event: 9.858 GC heap after
Heap after GC invocations=32 (full 0):
 def new generation   total 4928K, used 72K [0x243e0000, 0x24930000, 0x29930000)
  eden space 4416K,   0% used [0x243e0000, 0x243e0000, 0x24830000)
  from space 512K,  14% used [0x24830000, 0x24842100, 0x248b0000)
  to   space 512K,   0% used [0x248b0000, 0x248b0000, 0x24930000)
 tenured generation   total 10944K, used 8303K [0x29930000, 0x2a3e0000, 0x343e0000)
   the space 10944K,  75% used [0x29930000, 0x2a14bee0, 0x2a14c000, 0x2a3e0000)
 compacting perm gen  total 12288K, used 2562K [0x343e0000, 0x34fe0000, 0x383e0000)
   the space 12288K,  20% used [0x343e0000, 0x34660a60, 0x34660c00, 0x34fe0000)
    ro space 10240K,  45% used [0x383e0000, 0x38865e50, 0x38866000, 0x38de0000)
    rw space 12288K,  54% used [0x38de0000, 0x39468f78, 0x39469000, 0x399e0000)
}
Event: 10.066 GC heap before
{Heap before GC invocations=32 (full 0):
 def new generation   total 4928K, used 4488K [0x243e0000, 0x24930000, 0x29930000)
  eden space 4416K, 100% used [0x243e0000, 0x24830000, 0x24830000)
  from space 512K,  14% used [0x24830000, 0x24842100, 0x248b0000)
  to   space 512K,   0% used [0x248b0000, 0x248b0000, 0x24930000)
 tenured generation   total 10944K, used 8303K [0x29930000, 0x2a3e0000, 0x343e0000)
   the space 10944K,  75% used [0x29930000, 0x2a14bee0, 0x2a14c000, 0x2a3e0000)
 compacting perm gen  total 12288K, used 2562K [0x343e0000, 0x34fe0000, 0x383e0000)
   the space 12288K,  20% used [0x343e0000, 0x34660a60, 0x34660c00, 0x34fe0000)
    ro space 10240K,  45% used [0x383e0000, 0x38865e50, 0x38866000, 0x38de0000)
    rw space 12288K,  54% used [0x38de0000, 0x39468f78, 0x39469000, 0x399e0000)
Event: 10.070 GC heap after
Heap after GC invocations=33 (full 0):
 def new generation   total 4928K, used 386K [0x243e0000, 0x24930000, 0x29930000)
  eden space 4416K,   0% used [0x243e0000, 0x243e0000, 0x24830000)
  from space 512K,  75% used [0x248b0000, 0x24910860, 0x24930000)
  to   space 512K,   0% used [0x24830000, 0x24830000, 0x248b0000)
 tenured generation   total 10944K, used 9203K [0x29930000, 0x2a3e0000, 0x343e0000)
   the space 10944K,  84% used [0x29930000, 0x2a22cef0, 0x2a22d000, 0x2a3e0000)
 compacting perm gen  total 12288K, used 2562K [0x343e0000, 0x34fe0000, 0x383e0000)
   the space 12288K,  20% used [0x343e0000, 0x34660a60, 0x34660c00, 0x34fe0000)
    ro space 10240K,  45% used [0x383e0000, 0x38865e50, 0x38866000, 0x38de0000)
    rw space 12288K,  54% used [0x38de0000, 0x39468f78, 0x39469000, 0x399e0000)
}
Event: 10.456 GC heap before
{Heap before GC invocations=33 (full 0):
 def new generation   total 4928K, used 4185K [0x243e0000, 0x24930000, 0x29930000)
  eden space 4416K,  86% used [0x243e0000, 0x24795d48, 0x24830000)
  from space 512K,  75% used [0x248b0000, 0x24910860, 0x24930000)
  to   space 512K,   0% used [0x24830000, 0x24830000, 0x248b0000)
 tenured generation   total 10944K, used 9203K [0x29930000, 0x2a3e0000, 0x343e0000)
   the space 10944K,  84% used [0x29930000, 0x2a22cef0, 0x2a22d000, 0x2a3e0000)
 compacting perm gen  total 12288K, used 2562K [0x343e0000, 0x34fe0000, 0x383e0000)
   the space 12288K,  20% used [0x343e0000, 0x34660a70, 0x34660c00, 0x34fe0000)
    ro space 10240K,  45% used [0x383e0000, 0x38865e50, 0x38866000, 0x38de0000)
    rw space 12288K,  54% used [0x38de0000, 0x39468f78, 0x39469000, 0x399e0000)
Event: 10.458 GC heap after
Heap after GC invocations=34 (full 0):
 def new generation   total 4928K, used 89K [0x243e0000, 0x24930000, 0x29930000)
  eden space 4416K,   0% used [0x243e0000, 0x243e0000, 0x24830000)
  from space 512K,  17% used [0x24830000, 0x24846450, 0x248b0000)
  to   space 512K,   0% used [0x248b0000, 0x248b0000, 0x24930000)
 tenured generation   total 10944K, used 9206K [0x29930000, 0x2a3e0000, 0x343e0000)
   the space 10944K,  84% used [0x29930000, 0x2a22d810, 0x2a22da00, 0x2a3e0000)
 compacting perm gen  total 12288K, used 2562K [0x343e0000, 0x34fe0000, 0x383e0000)
   the space 12288K,  20% used [0x343e0000, 0x34660a70, 0x34660c00, 0x34fe0000)
    ro space 10240K,  45% used [0x383e0000, 0x38865e50, 0x38866000, 0x38de0000)
    rw space 12288K,  54% used [0x38de0000, 0x39468f78, 0x39469000, 0x399e0000)
}
Event: 10.661 GC heap before
{Heap before GC invocations=34 (full 0):
 def new generation   total 4928K, used 4495K [0x243e0000, 0x24930000, 0x29930000)
  eden space 4416K,  99% used [0x243e0000, 0x2482db90, 0x24830000)
  from space 512K,  17% used [0x24830000, 0x24846450, 0x248b0000)
  to   space 512K,   0% used [0x248b0000, 0x248b0000, 0x24930000)
 tenured generation   total 10944K, used 9206K [0x29930000, 0x2a3e0000, 0x343e0000)
   the space 10944K,  84% used [0x29930000, 0x2a22d810, 0x2a22da00, 0x2a3e0000)
 compacting perm gen  total 12288K, used 2562K [0x343e0000, 0x34fe0000, 0x383e0000)
   the space 12288K,  20% used [0x343e0000, 0x34660a70, 0x34660c00, 0x34fe0000)
    ro space 10240K,  45% used [0x383e0000, 0x38865e50, 0x38866000, 0x38de0000)
    rw space 12288K,  54% used [0x38de0000, 0x39468f78, 0x39469000, 0x399e0000)
Event: 10.663 GC heap after
Heap after GC invocations=35 (full 0):
 def new generation   total 4928K, used 76K [0x243e0000, 0x24930000, 0x29930000)
  eden space 4416K,   0% used [0x243e0000, 0x243e0000, 0x24830000)
  from space 512K,  15% used [0x248b0000, 0x248c3338, 0x24930000)
  to   space 512K,   0% used [0x24830000, 0x24830000, 0x248b0000)
 tenured generation   total 10944K, used 9206K [0x29930000, 0x2a3e0000, 0x343e0000)
   the space 10944K,  84% used [0x29930000, 0x2a22d810, 0x2a22da00, 0x2a3e0000)
 compacting perm gen  total 12288K, used 2562K [0x343e0000, 0x34fe0000, 0x383e0000)
   the space 12288K,  20% used [0x343e0000, 0x34660a70, 0x34660c00, 0x34fe0000)
    ro space 10240K,  45% used [0x383e0000, 0x38865e50, 0x38866000, 0x38de0000)
    rw space 12288K,  54% used [0x38de0000, 0x39468f78, 0x39469000, 0x399e0000)
}

