# JRE version: 7.0_10-b18
# Java VM: Java HotSpot(TM) Client VM (23.6-b04 mixed mode, sharing windows-x86 )
Heap
 def new generation   total 4992K, used 731K [0x243e0000, 0x24940000, 0x29930000)
  eden space 4480K,  15% used [0x243e0000, 0x24490d78, 0x24840000)
  from space 512K,   5% used [0x248c0000, 0x248c6a18, 0x24940000)
  to   space 512K,   0% used [0x24840000, 0x24840000, 0x248c0000)
 tenured generation   total 10948K, used 7387K [0x29930000, 0x2a3e1000, 0x343e0000)
   the space 10948K,  67% used [0x29930000, 0x2a066f58, 0x2a067000, 0x2a3e1000)
 compacting perm gen  total 12288K, used 2597K [0x343e0000, 0x34fe0000, 0x383e0000)
   the space 12288K,  21% used [0x343e0000, 0x346694a8, 0x34669600, 0x34fe0000)
    ro space 10240K,  45% used [0x383e0000, 0x38865e50, 0x38866000, 0x38de0000)
    rw space 12288K,  54% used [0x38de0000, 0x39468f78, 0x39469000, 0x399e0000)
GC Heap History (10 events):
Event: 127.449 GC heap before
{Heap before GC invocations=586 (full 16):
 def new generation   total 4992K, used 4788K [0x243e0000, 0x24940000, 0x29930000)
  eden space 4480K,  98% used [0x243e0000, 0x248322b0, 0x24840000)
  from space 512K,  71% used [0x24840000, 0x2489b040, 0x248c0000)
  to   space 512K,   0% used [0x248c0000, 0x248c0000, 0x24940000)
 tenured generation   total 10948K, used 7386K [0x29930000, 0x2a3e1000, 0x343e0000)
   the space 10948K,  67% used [0x29930000, 0x2a066b88, 0x2a066c00, 0x2a3e1000)
 compacting perm gen  total 12288K, used 2597K [0x343e0000, 0x34fe0000, 0x383e0000)
   the space 12288K,  21% used [0x343e0000, 0x34669468, 0x34669600, 0x34fe0000)
    ro space 10240K,  45% used [0x383e0000, 0x38865e50, 0x38866000, 0x38de0000)
    rw space 12288K,  54% used [0x38de0000, 0x39468f78, 0x39469000, 0x399e0000)
Event: 127.451 GC heap after
Heap after GC invocations=587 (full 16):
 def new generation   total 4992K, used 321K [0x243e0000, 0x24940000, 0x29930000)
  eden space 4480K,   0% used [0x243e0000, 0x243e0000, 0x24840000)
  from space 512K,  62% used [0x248c0000, 0x24910790, 0x24940000)
  to   space 512K,   0% used [0x24840000, 0x24840000, 0x248c0000)
 tenured generation   total 10948K, used 7387K [0x29930000, 0x2a3e1000, 0x343e0000)
   the space 10948K,  67% used [0x29930000, 0x2a066e10, 0x2a067000, 0x2a3e1000)
 compacting perm gen  total 12288K, used 2597K [0x343e0000, 0x34fe0000, 0x383e0000)
   the space 12288K,  21% used [0x343e0000, 0x34669468, 0x34669600, 0x34fe0000)
    ro space 10240K,  45% used [0x383e0000, 0x38865e50, 0x38866000, 0x38de0000)
    rw space 12288K,  54% used [0x38de0000, 0x39468f78, 0x39469000, 0x399e0000)
}
Event: 127.846 GC heap before
{Heap before GC invocations=587 (full 16):
 def new generation   total 4992K, used 4632K [0x243e0000, 0x24940000, 0x29930000)
  eden space 4480K,  96% used [0x243e0000, 0x24815ad0, 0x24840000)
  from space 512K,  62% used [0x248c0000, 0x24910790, 0x24940000)
  to   space 512K,   0% used [0x24840000, 0x24840000, 0x248c0000)
 tenured generation   total 10948K, used 7387K [0x29930000, 0x2a3e1000, 0x343e0000)
   the space 10948K,  67% used [0x29930000, 0x2a066e10, 0x2a067000, 0x2a3e1000)
 compacting perm gen  total 12288K, used 2597K [0x343e0000, 0x34fe0000, 0x383e0000)
   the space 12288K,  21% used [0x343e0000, 0x34669488, 0x34669600, 0x34fe0000)
    ro space 10240K,  45% used [0x383e0000, 0x38865e50, 0x38866000, 0x38de0000)
    rw space 12288K,  54% used [0x38de0000, 0x39468f78, 0x39469000, 0x399e0000)
Event: 127.848 GC heap after
Heap after GC invocations=588 (full 16):
 def new generation   total 4992K, used 11K [0x243e0000, 0x24940000, 0x29930000)
  eden space 4480K,   0% used [0x243e0000, 0x243e0000, 0x24840000)
  from space 512K,   2% used [0x24840000, 0x24842f40, 0x248c0000)
  to   space 512K,   0% used [0x248c0000, 0x248c0000, 0x24940000)
 tenured generation   total 10948K, used 7387K [0x29930000, 0x2a3e1000, 0x343e0000)
   the space 10948K,  67% used [0x29930000, 0x2a066f58, 0x2a067000, 0x2a3e1000)
 compacting perm gen  total 12288K, used 2597K [0x343e0000, 0x34fe0000, 0x383e0000)
   the space 12288K,  21% used [0x343e0000, 0x34669488, 0x34669600, 0x34fe0000)
    ro space 10240K,  45% used [0x383e0000, 0x38865e50, 0x38866000, 0x38de0000)
    rw space 12288K,  54% used [0x38de0000, 0x39468f78, 0x39469000, 0x399e0000)
}
Event: 128.224 GC heap before
{Heap before GC invocations=588 (full 16):
 def new generation   total 4992K, used 4491K [0x243e0000, 0x24940000, 0x29930000)
  eden space 4480K, 100% used [0x243e0000, 0x24840000, 0x24840000)
  from space 512K,   2% used [0x24840000, 0x24842f40, 0x248c0000)
  to   space 512K,   0% used [0x248c0000, 0x248c0000, 0x24940000)
 tenured generation   total 10948K, used 7387K [0x29930000, 0x2a3e1000, 0x343e0000)
   the space 10948K,  67% used [0x29930000, 0x2a066f58, 0x2a067000, 0x2a3e1000)
 compacting perm gen  total 12288K, used 2597K [0x343e0000, 0x34fe0000, 0x383e0000)
   the space 12288K,  21% used [0x343e0000, 0x346694a8, 0x34669600, 0x34fe0000)
    ro space 10240K,  45% used [0x383e0000, 0x38865e50, 0x38866000, 0x38de0000)
    rw space 12288K,  54% used [0x38de0000, 0x39468f78, 0x39469000, 0x399e0000)
Event: 128.226 GC heap after
Heap after GC invocations=589 (full 16):
 def new generation   total 4992K, used 7K [0x243e0000, 0x24940000, 0x29930000)
  eden space 4480K,   0% used [0x243e0000, 0x243e0000, 0x24840000)
  from space 512K,   1% used [0x248c0000, 0x248c1f80, 0x24940000)
  to   space 512K,   0% used [0x24840000, 0x24840000, 0x248c0000)
 tenured generation   total 10948K, used 7387K [0x29930000, 0x2a3e1000, 0x343e0000)
   the space 10948K,  67% used [0x29930000, 0x2a066f58, 0x2a067000, 0x2a3e1000)
 compacting perm gen  total 12288K, used 2597K [0x343e0000, 0x34fe0000, 0x383e0000)
   the space 12288K,  21% used [0x343e0000, 0x346694a8, 0x34669600, 0x34fe0000)
    ro space 10240K,  45% used [0x383e0000, 0x38865e50, 0x38866000, 0x38de0000)
    rw space 12288K,  54% used [0x38de0000, 0x39468f78, 0x39469000, 0x399e0000)
}
Event: 128.648 GC heap before
{Heap before GC invocations=589 (full 16):
 def new generation   total 4992K, used 4486K [0x243e0000, 0x24940000, 0x29930000)
  eden space 4480K,  99% used [0x243e0000, 0x2483f998, 0x24840000)
  from space 512K,   1% used [0x248c0000, 0x248c1f80, 0x24940000)
  to   space 512K,   0% used [0x24840000, 0x24840000, 0x248c0000)
 tenured generation   total 10948K, used 7387K [0x29930000, 0x2a3e1000, 0x343e0000)
   the space 10948K,  67% used [0x29930000, 0x2a066f58, 0x2a067000, 0x2a3e1000)
 compacting perm gen  total 12288K, used 2597K [0x343e0000, 0x34fe0000, 0x383e0000)
   the space 12288K,  21% used [0x343e0000, 0x346694a8, 0x34669600, 0x34fe0000)
    ro space 10240K,  45% used [0x383e0000, 0x38865e50, 0x38866000, 0x38de0000)
    rw space 12288K,  54% used [0x38de0000, 0x39468f78, 0x39469000, 0x399e0000)
Event: 128.649 GC heap after
Heap after GC invocations=590 (full 16):
 def new generation   total 4992K, used 20K [0x243e0000, 0x24940000, 0x29930000)
  eden space 4480K,   0% used [0x243e0000, 0x243e0000, 0x24840000)
  from space 512K,   4% used [0x24840000, 0x24845240, 0x248c0000)
  to   space 512K,   0% used [0x248c0000, 0x248c0000, 0x24940000)
 tenured generation   total 10948K, used 7387K [0x29930000, 0x2a3e1000, 0x343e0000)
   the space 10948K,  67% used [0x29930000, 0x2a066f58, 0x2a067000, 0x2a3e1000)
 compacting perm gen  total 12288K, used 2597K [0x343e0000, 0x34fe0000, 0x383e0000)
   the space 12288K,  21% used [0x343e0000, 0x346694a8, 0x34669600, 0x34fe0000)
    ro space 10240K,  45% used [0x383e0000, 0x38865e50, 0x38866000, 0x38de0000)
    rw space 12288K,  54% used [0x38de0000, 0x39468f78, 0x39469000, 0x399e0000)
}
Event: 128.996 GC heap before
{Heap before GC invocations=590 (full 16):
 def new generation   total 4992K, used 4497K [0x243e0000, 0x24940000, 0x29930000)
  eden space 4480K,  99% used [0x243e0000, 0x2483f5b8, 0x24840000)
  from space 512K,   4% used [0x24840000, 0x24845240, 0x248c0000)
  to   space 512K,   0% used [0x248c0000, 0x248c0000, 0x24940000)
 tenured generation   total 10948K, used 7387K [0x29930000, 0x2a3e1000, 0x343e0000)
   the space 10948K,  67% used [0x29930000, 0x2a066f58, 0x2a067000, 0x2a3e1000)
 compacting perm gen  total 12288K, used 2597K [0x343e0000, 0x34fe0000, 0x383e0000)
   the space 12288K,  21% used [0x343e0000, 0x346694a8, 0x34669600, 0x34fe0000)
    ro space 10240K,  45% used [0x383e0000, 0x38865e50, 0x38866000, 0x38de0000)
    rw space 12288K,  54% used [0x38de0000, 0x39468f78, 0x39469000, 0x399e0000)
Event: 128.998 GC heap after
Heap after GC invocations=591 (full 16):
 def new generation   total 4992K, used 26K [0x243e0000, 0x24940000, 0x29930000)
  eden space 4480K,   0% used [0x243e0000, 0x243e0000, 0x24840000)
  from space 512K,   5% used [0x248c0000, 0x248c6a18, 0x24940000)
  to   space 512K,   0% used [0x24840000, 0x24840000, 0x248c0000)
 tenured generation   total 10948K, used 7387K [0x29930000, 0x2a3e1000, 0x343e0000)
   the space 10948K,  67% used [0x29930000, 0x2a066f58, 0x2a067000, 0x2a3e1000)
 compacting perm gen  total 12288K, used 2597K [0x343e0000, 0x34fe0000, 0x383e0000)
   the space 12288K,  21% used [0x343e0000, 0x346694a8, 0x34669600, 0x34fe0000)
    ro space 10240K,  45% used [0x383e0000, 0x38865e50, 0x38866000, 0x38de0000)
    rw space 12288K,  54% used [0x38de0000, 0x39468f78, 0x39469000, 0x399e0000)
}

